Log file open, 12/16/20 14:11:51
LogInit: Display: Running engine for game: BBTB
LogPlatformFile: Not using cached read wrapper
LogTaskGraph: Started task graph with 5 named threads and 26 total threads with 3 sets of task threads.
LogStats: Stats thread started at 1.028436
LogD3D11RHI: Loaded GFSDK_Aftermath_Lib.x64.dll
LogICUInternationalization: ICU TimeZone Detection - Raw Offset: +1:00, Platform Override: ''
LogPluginManager: Mounting plugin Paper2D
LogPluginManager: Mounting plugin AISupport
LogPluginManager: Mounting plugin LightPropagationVolume
LogPluginManager: Mounting plugin CameraShakePreviewer
LogPluginManager: Mounting plugin ActorLayerUtilities
LogPluginManager: Mounting plugin AnimationSharing
LogPluginManager: Mounting plugin CLionSourceCodeAccess
LogPluginManager: Mounting plugin CodeLiteSourceCodeAccess
LogPluginManager: Mounting plugin GitSourceControl
LogPluginManager: Mounting plugin KDevelopSourceCodeAccess
LogPluginManager: Mounting plugin NullSourceCodeAccess
LogPluginManager: Mounting plugin PerforceSourceControl
LogPluginManager: Mounting plugin PlasticSourceControl
LogPluginManager: Mounting plugin RiderSourceCodeAccess
LogPluginManager: Mounting plugin SubversionSourceControl
LogPluginManager: Mounting plugin UObjectPlugin
LogPluginManager: Mounting plugin VisualStudioCodeSourceCodeAccess
LogPluginManager: Mounting plugin VisualStudioSourceCodeAccess
LogPluginManager: Mounting plugin XCodeSourceCodeAccess
LogPluginManager: Mounting plugin AssetManagerEditor
LogPluginManager: Mounting plugin CryptoKeys
LogPluginManager: Mounting plugin CurveEditorTools
LogPluginManager: Mounting plugin DataValidation
LogPluginManager: Mounting plugin EditorScriptingUtilities
LogPluginManager: Mounting plugin FacialAnimation
LogPluginManager: Mounting plugin GameplayTagsEditor
LogPluginManager: Mounting plugin GeometryMode
LogPluginManager: Mounting plugin MacGraphicsSwitching
LogPluginManager: Mounting plugin MaterialAnalyzer
LogPluginManager: Mounting plugin MobileLauncherProfileWizard
LogPluginManager: Mounting plugin PluginBrowser
LogPluginManager: Mounting plugin SpeedTreeImporter
LogPluginManager: Mounting plugin DatasmithContent
LogPluginManager: Mounting plugin VariantManagerContent
LogPluginManager: Mounting plugin AlembicImporter
LogPluginManager: Mounting plugin AutomationUtils
LogPluginManager: Mounting plugin BackChannel
LogPluginManager: Mounting plugin ChaosCloth
LogPluginManager: Mounting plugin ChaosClothEditor
LogPluginManager: Mounting plugin ChaosEditor
LogPluginManager: Mounting plugin ChaosNiagara
LogPluginManager: Mounting plugin ChaosSolverPlugin
LogPluginManager: Mounting plugin CharacterAI
LogPluginManager: Mounting plugin GeometryCache
LogPluginManager: Mounting plugin GeometryCollectionPlugin
LogPluginManager: Mounting plugin GeometryProcessing
LogPluginManager: Mounting plugin PlanarCut
LogPluginManager: Mounting plugin PlatformCrypto
LogPluginManager: Mounting plugin ProxyLODPlugin
LogPluginManager: Mounting plugin SkeletalReduction
LogPluginManager: Mounting plugin Niagara
LogPluginManager: Mounting plugin MagicLeap
LogPluginManager: Mounting plugin MagicLeapLightEstimation
LogPluginManager: Mounting plugin MagicLeapMedia
LogPluginManager: Mounting plugin MagicLeapPassableWorld
LogPluginManager: Mounting plugin MLSDK
LogPluginManager: Mounting plugin SnapSystem
LogPluginManager: Mounting plugin AndroidMedia
LogPluginManager: Mounting plugin AvfMedia
LogPluginManager: Mounting plugin ImgMedia
LogPluginManager: Mounting plugin MediaCompositing
LogPluginManager: Mounting plugin MediaPlayerEditor
LogPluginManager: Mounting plugin WebMMedia
LogPluginManager: Mounting plugin WmfMedia
LogPluginManager: Mounting plugin MeshPainting
LogPluginManager: Mounting plugin TcpMessaging
LogPluginManager: Mounting plugin UdpMessaging
LogPluginManager: Mounting plugin ActorSequence
LogPluginManager: Mounting plugin LevelSequenceEditor
LogPluginManager: Mounting plugin MatineeToLevelSequence
LogPluginManager: Mounting plugin MovieRenderPipeline
LogPluginManager: Mounting plugin TemplateSequence
LogPluginManager: Mounting plugin NetcodeUnitTest
LogPluginManager: Mounting plugin NUTUnrealEngine4
LogPluginManager: Mounting plugin OnlineSubsystemGooglePlay
LogPluginManager: Mounting plugin OnlineSubsystemIOS
LogPluginManager: Mounting plugin OnlineSubsystem
LogPluginManager: Mounting plugin OnlineSubsystemNull
LogPluginManager: Mounting plugin OnlineSubsystemUtils
LogPluginManager: Mounting plugin LauncherChunkInstaller
LogPluginManager: Mounting plugin AndroidDeviceProfileSelector
LogPluginManager: Mounting plugin AndroidMoviePlayer
LogPluginManager: Mounting plugin AndroidPermission
LogPluginManager: Mounting plugin AppleImageUtils
LogPluginManager: Mounting plugin AppleMoviePlayer
LogPluginManager: Mounting plugin ArchVisCharacter
LogPluginManager: Mounting plugin AssetTags
LogPluginManager: Mounting plugin AudioCapture
LogPluginManager: Mounting plugin CableComponent
LogPluginManager: Mounting plugin CustomMeshComponent
LogPluginManager: Mounting plugin EditableMesh
LogPluginManager: Mounting plugin ExampleDeviceProfileSelector
LogPluginManager: Mounting plugin GoogleCloudMessaging
LogPluginManager: Mounting plugin GooglePAD
LogPluginManager: Mounting plugin IOSDeviceProfileSelector
LogPluginManager: Mounting plugin LinuxDeviceProfileSelector
LogPluginManager: Mounting plugin LocationServicesBPLibrary
LogPluginManager: Mounting plugin MobilePatchingUtils
LogPluginManager: Mounting plugin OculusVR
LogPluginManager: Mounting plugin PhysXVehicles
LogPluginManager: Mounting plugin PostSplashScreen
LogPluginManager: Mounting plugin ProceduralMeshComponent
LogPluginManager: Mounting plugin RuntimePhysXCooking
LogPluginManager: Mounting plugin SignificanceManager
LogPluginManager: Mounting plugin SoundFields
LogPluginManager: Mounting plugin SteamVR
LogPluginManager: Mounting plugin Synthesis
LogPluginManager: Mounting plugin WebMMoviePlayer
LogPluginManager: Mounting plugin WindowsMoviePlayer
LogPluginManager: Mounting plugin ScreenshotTools
LogInit: Using libcurl 7.55.1-DEV
LogInit:  - built for x86_64-pc-win32
LogInit:  - supports SSL with OpenSSL/1.1.1
LogInit:  - supports HTTP deflate (compression) using libz 1.2.8
LogInit:  - other features:
LogInit:      CURL_VERSION_SSL
LogInit:      CURL_VERSION_LIBZ
LogInit:      CURL_VERSION_IPV6
LogInit:      CURL_VERSION_ASYNCHDNS
LogInit:      CURL_VERSION_LARGEFILE
LogInit:      CURL_VERSION_IDN
LogInit:  CurlRequestOptions (configurable via config and command line):
LogInit:  - bVerifyPeer = true  - Libcurl will verify peer certificate
LogInit:  - bUseHttpProxy = false  - Libcurl will NOT use HTTP proxy
LogInit:  - bDontReuseConnections = false  - Libcurl will reuse connections
LogInit:  - MaxHostConnections = 16  - Libcurl will limit the number of connections to a host
LogInit:  - LocalHostAddr = Default
LogInit:  - BufferSize = 65536
LogOnline: OSS: Creating online subsystem instance for: NULL
LogInit: WinSock: version 1.1 (2.2), MaxSocks=32767, MaxUdp=65467
LogOnline: OSS: TryLoadSubsystemAndSetDefault: Loaded subsystem for module [NULL]
LogInit: Build: ++UE4+Release-4.25-CL-14469661
LogInit: Engine Version: 4.25.4-14469661+++UE4+Release-4.25
LogInit: Compatible Engine Version: 4.25.0-13144385+++UE4+Release-4.25
LogInit: Net CL: 13144385
LogInit: OS: Windows 10 (Release 1909) (), CPU: Intel(R) Core(TM) i7-9700K CPU @ 3.60GHz, GPU: NVIDIA GeForce RTX 2080 SUPER
LogInit: Compiled (64-bit): Oct 11 2020 08:10:49
LogInit: Compiled with Visual C++: 19.24.28315.00
LogInit: Build Configuration: Development
LogInit: Branch Name: ++UE4+Release-4.25
LogInit: Command Line: 
LogInit: Base Directory: J:/UNreal/UE_4.25/Engine/Binaries/Win64/
LogInit: Allocator: TBB
LogInit: Installed Engine Build: 1
LogDevObjectVersion: Number of dev versions registered: 26
LogDevObjectVersion:   Dev-Blueprints (B0D832E4-1F89-4F0D-ACCF-7EB736FD4AA2): 10
LogDevObjectVersion:   Dev-Build (E1C64328-A22C-4D53-A36C-8E866417BD8C): 0
LogDevObjectVersion:   Dev-Core (375EC13C-06E4-48FB-B500-84F0262A717E): 4
LogDevObjectVersion:   Dev-Editor (E4B068ED-F494-42E9-A231-DA0B2E46BB41): 38
LogDevObjectVersion:   Dev-Framework (CFFC743F-43B0-4480-9391-14DF171D2073): 37
LogDevObjectVersion:   Dev-Mobile (B02B49B5-BB20-44E9-A304-32B752E40360): 2
LogDevObjectVersion:   Dev-Networking (A4E4105C-59A1-49B5-A7C5-40C4547EDFEE): 0
LogDevObjectVersion:   Dev-Online (39C831C9-5AE6-47DC-9A44-9C173E1C8E7C): 0
LogDevObjectVersion:   Dev-Physics (78F01B33-EBEA-4F98-B9B4-84EACCB95AA2): 4
LogDevObjectVersion:   Dev-Platform (6631380F-2D4D-43E0-8009-CF276956A95A): 0
LogDevObjectVersion:   Dev-Rendering (12F88B9F-8875-4AFC-A67C-D90C383ABD29): 43
LogDevObjectVersion:   Dev-Sequencer (7B5AE74C-D270-4C10-A958-57980B212A5A): 12
LogDevObjectVersion:   Dev-VR (D7296918-1DD6-4BDD-9DE2-64A83CC13884): 3
LogDevObjectVersion:   Dev-LoadTimes (C2A15278-BFE7-4AFE-6C17-90FF531DF755): 1
LogDevObjectVersion:   Private-Geometry (6EACA3D4-40EC-4CC1-B786-8BED09428FC5): 3
LogDevObjectVersion:   Dev-AnimPhys (29E575DD-E0A3-4627-9D10-D276232CDCEA): 17
LogDevObjectVersion:   Dev-Anim (AF43A65D-7FD3-4947-9873-3E8ED9C1BB05): 7
LogDevObjectVersion:   Dev-ReflectionCapture (6B266CEC-1EC7-4B8F-A30B-E4D90942FC07): 1
LogDevObjectVersion:   Dev-Automation (0DF73D61-A23F-47EA-B727-89E90C41499A): 1
LogDevObjectVersion:   FortniteMain (601D1886-AC64-4F84-AA16-D3DE0DEAC7D6): 31
LogDevObjectVersion:   Dev-Enterprise (9DFFBCD6-494F-0158-E221-12823C92A888): 10
LogDevObjectVersion:   Dev-Niagara (F2AED0AC-9AFE-416F-8664-AA7FFA26D6FC): 1
LogDevObjectVersion:   Dev-Destruction (174F1F0B-B4C6-45A5-B13F-2EE8D0FB917D): 10
LogDevObjectVersion:   Dev-Physics-Ext (35F94A83-E258-406C-A318-09F59610247C): 37
LogDevObjectVersion:   Dev-PhysicsMaterial-Chaos (B68FC16E-8B1B-42E2-B453-215C058844FE): 1
LogDevObjectVersion:   Dev-CineCamera (B2E18506-4273-CFC2-A54E-F4BB758BBA07): 1
LogInit: Presizing for max 25165824 objects, including 0 objects not considered by GC, pre-allocating 0 bytes for permanent pool.
LogConfig: Applying CVar settings from Section [/Script/Engine.StreamingSettings] File [G:/Fork/Bone_To_Be_Bad/Saved/Config/Windows/Engine.ini]
LogConfig: Setting CVar [[s.MinBulkDataSizeForAsyncLoading:131072]]
LogConfig: Setting CVar [[s.AsyncLoadingThreadEnabled:0]]
LogConfig: Setting CVar [[s.EventDrivenLoaderEnabled:1]]
LogConfig: Setting CVar [[s.WarnIfTimeLimitExceeded:0]]
LogConfig: Setting CVar [[s.TimeLimitExceededMultiplier:1.5]]
LogConfig: Setting CVar [[s.TimeLimitExceededMinTime:0.005]]
LogConfig: Setting CVar [[s.UseBackgroundLevelStreaming:1]]
LogConfig: Setting CVar [[s.PriorityAsyncLoadingExtraTime:15.0]]
LogConfig: Setting CVar [[s.LevelStreamingActorsUpdateTimeLimit:5.0]]
LogConfig: Setting CVar [[s.PriorityLevelStreamingActorsUpdateExtraTime:5.0]]
LogConfig: Setting CVar [[s.LevelStreamingComponentsRegistrationGranularity:10]]
LogConfig: Setting CVar [[s.UnregisterComponentsTimeLimit:1.0]]
LogConfig: Setting CVar [[s.LevelStreamingComponentsUnregistrationGranularity:5]]
LogConfig: Setting CVar [[s.FlushStreamingOnExit:1]]
LogInit: Object subsystem initialized
LogConfig: Setting CVar [[con.DebugEarlyDefault:1]]
LogConfig: Setting CVar [[r.setres:1280x720]]
[2020.12.16-13.11.52:057][  0]LogConfig: Setting CVar [[r.VSync:0]]
[2020.12.16-13.11.52:057][  0]LogConfig: Setting CVar [[r.RHICmdBypass:0]]
[2020.12.16-13.11.52:058][  0]LogConfig: Applying CVar settings from Section [/Script/Engine.RendererSettings] File [G:/Fork/Bone_To_Be_Bad/Saved/Config/Windows/Engine.ini]
[2020.12.16-13.11.52:058][  0]LogConfig: Setting CVar [[r.GPUCrashDebugging:0]]
[2020.12.16-13.11.52:058][  0]LogConfig: Applying CVar settings from Section [/Script/Engine.RendererOverrideSettings] File [G:/Fork/Bone_To_Be_Bad/Saved/Config/Windows/Engine.ini]
[2020.12.16-13.11.52:058][  0]LogConfig: Applying CVar settings from Section [/Script/Engine.StreamingSettings] File [G:/Fork/Bone_To_Be_Bad/Saved/Config/Windows/Engine.ini]
[2020.12.16-13.11.52:058][  0]LogConfig: Setting CVar [[s.MinBulkDataSizeForAsyncLoading:131072]]
[2020.12.16-13.11.52:058][  0]LogConfig: Setting CVar [[s.AsyncLoadingThreadEnabled:0]]
[2020.12.16-13.11.52:058][  0]LogConfig: Setting CVar [[s.EventDrivenLoaderEnabled:1]]
[2020.12.16-13.11.52:058][  0]LogConfig: Setting CVar [[s.WarnIfTimeLimitExceeded:0]]
[2020.12.16-13.11.52:058][  0]LogConfig: Setting CVar [[s.TimeLimitExceededMultiplier:1.5]]
[2020.12.16-13.11.52:058][  0]LogConfig: Setting CVar [[s.TimeLimitExceededMinTime:0.005]]
[2020.12.16-13.11.52:058][  0]LogConfig: Setting CVar [[s.UseBackgroundLevelStreaming:1]]
[2020.12.16-13.11.52:058][  0]LogConfig: Setting CVar [[s.PriorityAsyncLoadingExtraTime:15.0]]
[2020.12.16-13.11.52:058][  0]LogConfig: Setting CVar [[s.LevelStreamingActorsUpdateTimeLimit:5.0]]
[2020.12.16-13.11.52:058][  0]LogConfig: Setting CVar [[s.PriorityLevelStreamingActorsUpdateExtraTime:5.0]]
[2020.12.16-13.11.52:058][  0]LogConfig: Setting CVar [[s.LevelStreamingComponentsRegistrationGranularity:10]]
[2020.12.16-13.11.52:058][  0]LogConfig: Setting CVar [[s.UnregisterComponentsTimeLimit:1.0]]
[2020.12.16-13.11.52:058][  0]LogConfig: Setting CVar [[s.LevelStreamingComponentsUnregistrationGranularity:5]]
[2020.12.16-13.11.52:058][  0]LogConfig: Setting CVar [[s.FlushStreamingOnExit:1]]
[2020.12.16-13.11.52:058][  0]LogConfig: Applying CVar settings from Section [/Script/Engine.GarbageCollectionSettings] File [G:/Fork/Bone_To_Be_Bad/Saved/Config/Windows/Engine.ini]
[2020.12.16-13.11.52:058][  0]LogConfig: Setting CVar [[gc.MaxObjectsNotConsideredByGC:1]]
[2020.12.16-13.11.52:058][  0]LogConfig: Setting CVar [[gc.SizeOfPermanentObjectPool:0]]
[2020.12.16-13.11.52:058][  0]LogConfig: Setting CVar [[gc.FlushStreamingOnGC:0]]
[2020.12.16-13.11.52:058][  0]LogConfig: Setting CVar [[gc.NumRetriesBeforeForcingGC:10]]
[2020.12.16-13.11.52:058][  0]LogConfig: Setting CVar [[gc.AllowParallelGC:1]]
[2020.12.16-13.11.52:058][  0]LogConfig: Setting CVar [[gc.TimeBetweenPurgingPendingKillObjects:61.1]]
[2020.12.16-13.11.52:058][  0]LogConfig: Setting CVar [[gc.MaxObjectsInEditor:25165824]]
[2020.12.16-13.11.52:058][  0]LogConfig: Setting CVar [[gc.IncrementalBeginDestroyEnabled:1]]
[2020.12.16-13.11.52:058][  0]LogConfig: Setting CVar [[gc.CreateGCClusters:1]]
[2020.12.16-13.11.52:058][  0]LogConfig: Setting CVar [[gc.MinGCClusterSize:5]]
[2020.12.16-13.11.52:059][  0]LogConfig: Setting CVar [[gc.ActorClusteringEnabled:0]]
[2020.12.16-13.11.52:059][  0]LogConfig: Setting CVar [[gc.BlueprintClusteringEnabled:0]]
[2020.12.16-13.11.52:059][  0]LogConfig: Setting CVar [[gc.UseDisregardForGCOnDedicatedServers:0]]
[2020.12.16-13.11.52:059][  0]LogConfig: Applying CVar settings from Section [/Script/Engine.NetworkSettings] File [G:/Fork/Bone_To_Be_Bad/Saved/Config/Windows/Engine.ini]
[2020.12.16-13.11.52:059][  0]LogConfig: Applying CVar settings from Section [/Script/UnrealEd.CookerSettings] File [G:/Fork/Bone_To_Be_Bad/Saved/Config/Windows/Engine.ini]
[2020.12.16-13.11.52:075][  0]LogConfig: Applying CVar settings from Section [ViewDistanceQuality@3] File [G:/Fork/Bone_To_Be_Bad/Saved/Config/Windows/Scalability.ini]
[2020.12.16-13.11.52:075][  0]LogConfig: Setting CVar [[r.SkeletalMeshLODBias:0]]
[2020.12.16-13.11.52:075][  0]LogConfig: Setting CVar [[r.ViewDistanceScale:1.0]]
[2020.12.16-13.11.52:075][  0]LogConfig: Applying CVar settings from Section [AntiAliasingQuality@3] File [G:/Fork/Bone_To_Be_Bad/Saved/Config/Windows/Scalability.ini]
[2020.12.16-13.11.52:075][  0]LogConfig: Setting CVar [[r.PostProcessAAQuality:4]]
[2020.12.16-13.11.52:075][  0]LogConfig: Applying CVar settings from Section [ShadowQuality@3] File [G:/Fork/Bone_To_Be_Bad/Saved/Config/Windows/Scalability.ini]
[2020.12.16-13.11.52:075][  0]LogConfig: Setting CVar [[r.LightFunctionQuality:1]]
[2020.12.16-13.11.52:075][  0]LogConfig: Setting CVar [[r.ShadowQuality:5]]
[2020.12.16-13.11.52:075][  0]LogConfig: Setting CVar [[r.Shadow.CSM.MaxCascades:10]]
[2020.12.16-13.11.52:075][  0]LogConfig: Setting CVar [[r.Shadow.MaxResolution:2048]]
[2020.12.16-13.11.52:075][  0]LogConfig: Setting CVar [[r.Shadow.MaxCSMResolution:2048]]
[2020.12.16-13.11.52:075][  0]LogConfig: Setting CVar [[r.Shadow.RadiusThreshold:0.01]]
[2020.12.16-13.11.52:075][  0]LogConfig: Setting CVar [[r.Shadow.DistanceScale:1.0]]
[2020.12.16-13.11.52:075][  0]LogConfig: Setting CVar [[r.Shadow.CSM.TransitionScale:1.0]]
[2020.12.16-13.11.52:075][  0]LogConfig: Setting CVar [[r.Shadow.PreShadowResolutionFactor:1.0]]
[2020.12.16-13.11.52:075][  0]LogConfig: Setting CVar [[r.DistanceFieldShadowing:1]]
[2020.12.16-13.11.52:075][  0]LogConfig: Setting CVar [[r.DistanceFieldAO:1]]
[2020.12.16-13.11.52:075][  0]LogConfig: Setting CVar [[r.AOQuality:2]]
[2020.12.16-13.11.52:075][  0]LogConfig: Setting CVar [[r.VolumetricFog:1]]
[2020.12.16-13.11.52:075][  0]LogConfig: Setting CVar [[r.VolumetricFog.GridPixelSize:8]]
[2020.12.16-13.11.52:075][  0]LogConfig: Setting CVar [[r.VolumetricFog.GridSizeZ:128]]
[2020.12.16-13.11.52:075][  0]LogConfig: Setting CVar [[r.VolumetricFog.HistoryMissSupersampleCount:4]]
[2020.12.16-13.11.52:075][  0]LogConfig: Setting CVar [[r.LightMaxDrawDistanceScale:1]]
[2020.12.16-13.11.52:075][  0]LogConfig: Setting CVar [[r.CapsuleShadows:1]]
[2020.12.16-13.11.52:075][  0]LogConfig: Applying CVar settings from Section [PostProcessQuality@3] File [G:/Fork/Bone_To_Be_Bad/Saved/Config/Windows/Scalability.ini]
[2020.12.16-13.11.52:075][  0]LogConfig: Setting CVar [[r.MotionBlurQuality:4]]
[2020.12.16-13.11.52:075][  0]LogConfig: Setting CVar [[r.AmbientOcclusionMipLevelFactor:0.4]]
[2020.12.16-13.11.52:075][  0]LogConfig: Setting CVar [[r.AmbientOcclusionMaxQuality:100]]
[2020.12.16-13.11.52:075][  0]LogConfig: Setting CVar [[r.AmbientOcclusionLevels:-1]]
[2020.12.16-13.11.52:075][  0]LogConfig: Setting CVar [[r.AmbientOcclusionRadiusScale:1.0]]
[2020.12.16-13.11.52:075][  0]LogConfig: Setting CVar [[r.DepthOfFieldQuality:2]]
[2020.12.16-13.11.52:075][  0]LogConfig: Setting CVar [[r.RenderTargetPoolMin:400]]
[2020.12.16-13.11.52:075][  0]LogConfig: Setting CVar [[r.LensFlareQuality:2]]
[2020.12.16-13.11.52:075][  0]LogConfig: Setting CVar [[r.SceneColorFringeQuality:1]]
[2020.12.16-13.11.52:075][  0]LogConfig: Setting CVar [[r.EyeAdaptationQuality:2]]
[2020.12.16-13.11.52:075][  0]LogConfig: Setting CVar [[r.BloomQuality:5]]
[2020.12.16-13.11.52:075][  0]LogConfig: Setting CVar [[r.FastBlurThreshold:100]]
[2020.12.16-13.11.52:075][  0]LogConfig: Setting CVar [[r.Upscale.Quality:3]]
[2020.12.16-13.11.52:075][  0]LogConfig: Setting CVar [[r.Tonemapper.GrainQuantization:1]]
[2020.12.16-13.11.52:075][  0]LogConfig: Setting CVar [[r.LightShaftQuality:1]]
[2020.12.16-13.11.52:075][  0]LogConfig: Setting CVar [[r.Filter.SizeScale:1]]
[2020.12.16-13.11.52:075][  0]LogConfig: Setting CVar [[r.Tonemapper.Quality:5]]
[2020.12.16-13.11.52:075][  0]LogConfig: Setting CVar [[r.DOF.Gather.AccumulatorQuality:1        ; higher gathering accumulator quality]]
[2020.12.16-13.11.52:075][  0]LogConfig: Setting CVar [[r.DOF.Gather.PostfilterMethod:1          ; Median3x3 postfilering method]]
[2020.12.16-13.11.52:075][  0]LogConfig: Setting CVar [[r.DOF.Gather.EnableBokehSettings:0       ; no bokeh simulation when gathering]]
[2020.12.16-13.11.52:075][  0]LogConfig: Setting CVar [[r.DOF.Gather.RingCount:4                 ; medium number of samples when gathering]]
[2020.12.16-13.11.52:075][  0]LogConfig: Setting CVar [[r.DOF.Scatter.ForegroundCompositing:1    ; additive foreground scattering]]
[2020.12.16-13.11.52:075][  0]LogConfig: Setting CVar [[r.DOF.Scatter.BackgroundCompositing:2    ; additive background scattering]]
[2020.12.16-13.11.52:075][  0]LogConfig: Setting CVar [[r.DOF.Scatter.EnableBokehSettings:1      ; bokeh simulation when scattering]]
[2020.12.16-13.11.52:075][  0]LogConfig: Setting CVar [[r.DOF.Scatter.MaxSpriteRatio:0.1         ; only a maximum of 10% of scattered bokeh]]
[2020.12.16-13.11.52:075][  0]LogConfig: Setting CVar [[r.DOF.Recombine.Quality:1                ; cheap slight out of focus]]
[2020.12.16-13.11.52:075][  0]LogConfig: Setting CVar [[r.DOF.Recombine.EnableBokehSettings:0    ; no bokeh simulation on slight out of focus]]
[2020.12.16-13.11.52:075][  0]LogConfig: Setting CVar [[r.DOF.TemporalAAQuality:1                ; more stable temporal accumulation]]
[2020.12.16-13.11.52:075][  0]LogConfig: Setting CVar [[r.DOF.Kernel.MaxForegroundRadius:0.025]]
[2020.12.16-13.11.52:075][  0]LogConfig: Setting CVar [[r.DOF.Kernel.MaxBackgroundRadius:0.025]]
[2020.12.16-13.11.52:075][  0]LogConfig: Applying CVar settings from Section [TextureQuality@3] File [G:/Fork/Bone_To_Be_Bad/Saved/Config/Windows/Scalability.ini]
[2020.12.16-13.11.52:075][  0]LogConfig: Setting CVar [[r.Streaming.MipBias:0]]
[2020.12.16-13.11.52:075][  0]LogConfig: Setting CVar [[r.Streaming.AmortizeCPUToGPUCopy:0]]
[2020.12.16-13.11.52:075][  0]LogConfig: Setting CVar [[r.Streaming.MaxNumTexturesToStreamPerFrame:0]]
[2020.12.16-13.11.52:075][  0]LogConfig: Setting CVar [[r.Streaming.Boost:1]]
[2020.12.16-13.11.52:076][  0]LogConfig: Setting CVar [[r.MaxAnisotropy:8]]
[2020.12.16-13.11.52:076][  0]LogConfig: Setting CVar [[r.VT.MaxAnisotropy:8]]
[2020.12.16-13.11.52:076][  0]LogConfig: Setting CVar [[r.Streaming.LimitPoolSizeToVRAM:0]]
[2020.12.16-13.11.52:076][  0]LogConfig: Setting CVar [[r.Streaming.PoolSize:1000]]
[2020.12.16-13.11.52:076][  0]LogConfig: Setting CVar [[r.Streaming.MaxEffectiveScreenSize:0]]
[2020.12.16-13.11.52:076][  0]LogConfig: Applying CVar settings from Section [EffectsQuality@3] File [G:/Fork/Bone_To_Be_Bad/Saved/Config/Windows/Scalability.ini]
[2020.12.16-13.11.52:076][  0]LogConfig: Setting CVar [[r.TranslucencyLightingVolumeDim:64]]
[2020.12.16-13.11.52:076][  0]LogConfig: Setting CVar [[r.RefractionQuality:2]]
[2020.12.16-13.11.52:076][  0]LogConfig: Setting CVar [[r.SSR.Quality:3]]
[2020.12.16-13.11.52:076][  0]LogConfig: Setting CVar [[r.SSR.HalfResSceneColor:0]]
[2020.12.16-13.11.52:076][  0]LogConfig: Setting CVar [[r.SceneColorFormat:4]]
[2020.12.16-13.11.52:076][  0]LogConfig: Setting CVar [[r.DetailMode:2]]
[2020.12.16-13.11.52:076][  0]LogConfig: Setting CVar [[r.TranslucencyVolumeBlur:1]]
[2020.12.16-13.11.52:076][  0]LogConfig: Setting CVar [[r.MaterialQualityLevel:1 ; High quality]]
[2020.12.16-13.11.52:076][  0]LogConfig: Setting CVar [[r.SSS.Scale:1]]
[2020.12.16-13.11.52:076][  0]LogConfig: Setting CVar [[r.SSS.SampleSet:2]]
[2020.12.16-13.11.52:076][  0]LogConfig: Setting CVar [[r.SSS.Quality:1]]
[2020.12.16-13.11.52:076][  0]LogConfig: Setting CVar [[r.SSS.HalfRes:0]]
[2020.12.16-13.11.52:076][  0]LogConfig: Setting CVar [[r.SSGI.Quality:3]]
[2020.12.16-13.11.52:076][  0]LogConfig: Setting CVar [[r.EmitterSpawnRateScale:1.0]]
[2020.12.16-13.11.52:076][  0]LogConfig: Setting CVar [[r.ParticleLightQuality:2]]
[2020.12.16-13.11.52:076][  0]LogConfig: Setting CVar [[r.SkyAtmosphere.AerialPerspectiveLUT.FastApplyOnOpaque:1 ; Always have FastSkyLUT 1 in this case to avoid wrong sky]]
[2020.12.16-13.11.52:076][  0]LogConfig: Setting CVar [[r.SkyAtmosphere.AerialPerspectiveLUT.SampleCountPerSlice:1]]
[2020.12.16-13.11.52:076][  0]LogConfig: Setting CVar [[r.SkyAtmosphere.AerialPerspectiveLUT.DepthResolution:16.0]]
[2020.12.16-13.11.52:076][  0]LogConfig: Setting CVar [[r.SkyAtmosphere.FastSkyLUT:1]]
[2020.12.16-13.11.52:076][  0]LogConfig: Setting CVar [[r.SkyAtmosphere.FastSkyLUT.SampleCountMin:4.0]]
[2020.12.16-13.11.52:076][  0]LogConfig: Setting CVar [[r.SkyAtmosphere.FastSkyLUT.SampleCountMax:32.0]]
[2020.12.16-13.11.52:076][  0]LogConfig: Setting CVar [[r.SkyAtmosphere.SampleCountMin:4.0]]
[2020.12.16-13.11.52:076][  0]LogConfig: Setting CVar [[r.SkyAtmosphere.SampleCountMax:32.0]]
[2020.12.16-13.11.52:076][  0]LogConfig: Setting CVar [[r.SkyAtmosphere.TransmittanceLUT.UseSmallFormat:0]]
[2020.12.16-13.11.52:076][  0]LogConfig: Setting CVar [[r.SkyAtmosphere.TransmittanceLUT.SampleCount:10.0]]
[2020.12.16-13.11.52:076][  0]LogConfig: Setting CVar [[r.SkyAtmosphere.MultiScatteringLUT.SampleCount:15.0]]
[2020.12.16-13.11.52:076][  0]LogConfig: Applying CVar settings from Section [FoliageQuality@3] File [G:/Fork/Bone_To_Be_Bad/Saved/Config/Windows/Scalability.ini]
[2020.12.16-13.11.52:076][  0]LogConfig: Setting CVar [[foliage.DensityScale:1.0]]
[2020.12.16-13.11.52:076][  0]LogConfig: Setting CVar [[grass.DensityScale:1.0]]
[2020.12.16-13.11.52:076][  0]LogConfig: Applying CVar settings from Section [ShadingQuality@3] File [G:/Fork/Bone_To_Be_Bad/Saved/Config/Windows/Scalability.ini]
[2020.12.16-13.11.52:076][  0]LogConfig: Setting CVar [[r.HairStrands.SkyLighting.SampleCount:16]]
[2020.12.16-13.11.52:076][  0]LogConfig: Setting CVar [[r.HairStrands.SkyLighting.JitterIntegration:0]]
[2020.12.16-13.11.52:076][  0]LogConfig: Setting CVar [[r.HairStrands.SkyAO.SampleCount:16]]
[2020.12.16-13.11.52:076][  0]LogConfig: Setting CVar [[r.HairStrands.DeepShadow.SuperSampling:0]]
[2020.12.16-13.11.52:076][  0]LogConfig: Setting CVar [[r.HairStrands.VisibilityPPLL:0]]
[2020.12.16-13.11.52:076][  0]LogConfig: Setting CVar [[r.HairStrands.RasterizationScale:0.5]]
[2020.12.16-13.11.52:076][  0]LogConfig: Setting CVar [[r.HairStrands.VelocityRasterizationScale:1]]
[2020.12.16-13.11.52:077][  0]LogInit: Selected Device Profile: [Windows]
[2020.12.16-13.11.52:077][  0]LogInit: Applying CVar settings loaded from the selected device profile: [Windows]
[2020.12.16-13.11.52:079][  0]LogHAL: Display: Platform has ~ 16 GB [17085927424 / 17179869184 / 16], which maps to Larger [LargestMinGB=32, LargerMinGB=12, DefaultMinGB=8, SmallerMinGB=6, SmallestMinGB=0)
[2020.12.16-13.11.52:079][  0]LogInit: Going up to parent DeviceProfile []
[2020.12.16-13.11.52:079][  0]LogConfig: Applying CVar settings from Section [ViewDistanceQuality@3] File [G:/Fork/Bone_To_Be_Bad/Saved/Config/Windows/Scalability.ini]
[2020.12.16-13.11.52:079][  0]LogConfig: Setting CVar [[r.SkeletalMeshLODBias:0]]
[2020.12.16-13.11.52:079][  0]LogConfig: Setting CVar [[r.ViewDistanceScale:1.0]]
[2020.12.16-13.11.52:079][  0]LogConfig: Applying CVar settings from Section [AntiAliasingQuality@3] File [G:/Fork/Bone_To_Be_Bad/Saved/Config/Windows/Scalability.ini]
[2020.12.16-13.11.52:079][  0]LogConfig: Setting CVar [[r.PostProcessAAQuality:4]]
[2020.12.16-13.11.52:079][  0]LogConfig: Applying CVar settings from Section [ShadowQuality@3] File [G:/Fork/Bone_To_Be_Bad/Saved/Config/Windows/Scalability.ini]
[2020.12.16-13.11.52:079][  0]LogConfig: Setting CVar [[r.LightFunctionQuality:1]]
[2020.12.16-13.11.52:079][  0]LogConfig: Setting CVar [[r.ShadowQuality:5]]
[2020.12.16-13.11.52:079][  0]LogConfig: Setting CVar [[r.Shadow.CSM.MaxCascades:10]]
[2020.12.16-13.11.52:079][  0]LogConfig: Setting CVar [[r.Shadow.MaxResolution:2048]]
[2020.12.16-13.11.52:079][  0]LogConfig: Setting CVar [[r.Shadow.MaxCSMResolution:2048]]
[2020.12.16-13.11.52:079][  0]LogConfig: Setting CVar [[r.Shadow.RadiusThreshold:0.01]]
[2020.12.16-13.11.52:079][  0]LogConfig: Setting CVar [[r.Shadow.DistanceScale:1.0]]
[2020.12.16-13.11.52:079][  0]LogConfig: Setting CVar [[r.Shadow.CSM.TransitionScale:1.0]]
[2020.12.16-13.11.52:079][  0]LogConfig: Setting CVar [[r.Shadow.PreShadowResolutionFactor:1.0]]
[2020.12.16-13.11.52:079][  0]LogConfig: Setting CVar [[r.DistanceFieldShadowing:1]]
[2020.12.16-13.11.52:079][  0]LogConfig: Setting CVar [[r.DistanceFieldAO:1]]
[2020.12.16-13.11.52:079][  0]LogConfig: Setting CVar [[r.AOQuality:2]]
[2020.12.16-13.11.52:079][  0]LogConfig: Setting CVar [[r.VolumetricFog:1]]
[2020.12.16-13.11.52:079][  0]LogConfig: Setting CVar [[r.VolumetricFog.GridPixelSize:8]]
[2020.12.16-13.11.52:079][  0]LogConfig: Setting CVar [[r.VolumetricFog.GridSizeZ:128]]
[2020.12.16-13.11.52:079][  0]LogConfig: Setting CVar [[r.VolumetricFog.HistoryMissSupersampleCount:4]]
[2020.12.16-13.11.52:079][  0]LogConfig: Setting CVar [[r.LightMaxDrawDistanceScale:1]]
[2020.12.16-13.11.52:079][  0]LogConfig: Setting CVar [[r.CapsuleShadows:1]]
[2020.12.16-13.11.52:079][  0]LogConfig: Applying CVar settings from Section [PostProcessQuality@3] File [G:/Fork/Bone_To_Be_Bad/Saved/Config/Windows/Scalability.ini]
[2020.12.16-13.11.52:079][  0]LogConfig: Setting CVar [[r.MotionBlurQuality:4]]
[2020.12.16-13.11.52:079][  0]LogConfig: Setting CVar [[r.AmbientOcclusionMipLevelFactor:0.4]]
[2020.12.16-13.11.52:079][  0]LogConfig: Setting CVar [[r.AmbientOcclusionMaxQuality:100]]
[2020.12.16-13.11.52:079][  0]LogConfig: Setting CVar [[r.AmbientOcclusionLevels:-1]]
[2020.12.16-13.11.52:079][  0]LogConfig: Setting CVar [[r.AmbientOcclusionRadiusScale:1.0]]
[2020.12.16-13.11.52:080][  0]LogConfig: Setting CVar [[r.DepthOfFieldQuality:2]]
[2020.12.16-13.11.52:080][  0]LogConfig: Setting CVar [[r.RenderTargetPoolMin:400]]
[2020.12.16-13.11.52:080][  0]LogConfig: Setting CVar [[r.LensFlareQuality:2]]
[2020.12.16-13.11.52:080][  0]LogConfig: Setting CVar [[r.SceneColorFringeQuality:1]]
[2020.12.16-13.11.52:080][  0]LogConfig: Setting CVar [[r.EyeAdaptationQuality:2]]
[2020.12.16-13.11.52:080][  0]LogConfig: Setting CVar [[r.BloomQuality:5]]
[2020.12.16-13.11.52:080][  0]LogConfig: Setting CVar [[r.FastBlurThreshold:100]]
[2020.12.16-13.11.52:080][  0]LogConfig: Setting CVar [[r.Upscale.Quality:3]]
[2020.12.16-13.11.52:080][  0]LogConfig: Setting CVar [[r.Tonemapper.GrainQuantization:1]]
[2020.12.16-13.11.52:080][  0]LogConfig: Setting CVar [[r.LightShaftQuality:1]]
[2020.12.16-13.11.52:080][  0]LogConfig: Setting CVar [[r.Filter.SizeScale:1]]
[2020.12.16-13.11.52:080][  0]LogConfig: Setting CVar [[r.Tonemapper.Quality:5]]
[2020.12.16-13.11.52:080][  0]LogConfig: Setting CVar [[r.DOF.Gather.AccumulatorQuality:1        ; higher gathering accumulator quality]]
[2020.12.16-13.11.52:080][  0]LogConfig: Setting CVar [[r.DOF.Gather.PostfilterMethod:1          ; Median3x3 postfilering method]]
[2020.12.16-13.11.52:080][  0]LogConfig: Setting CVar [[r.DOF.Gather.EnableBokehSettings:0       ; no bokeh simulation when gathering]]
[2020.12.16-13.11.52:080][  0]LogConfig: Setting CVar [[r.DOF.Gather.RingCount:4                 ; medium number of samples when gathering]]
[2020.12.16-13.11.52:080][  0]LogConfig: Setting CVar [[r.DOF.Scatter.ForegroundCompositing:1    ; additive foreground scattering]]
[2020.12.16-13.11.52:080][  0]LogConfig: Setting CVar [[r.DOF.Scatter.BackgroundCompositing:2    ; additive background scattering]]
[2020.12.16-13.11.52:080][  0]LogConfig: Setting CVar [[r.DOF.Scatter.EnableBokehSettings:1      ; bokeh simulation when scattering]]
[2020.12.16-13.11.52:080][  0]LogConfig: Setting CVar [[r.DOF.Scatter.MaxSpriteRatio:0.1         ; only a maximum of 10% of scattered bokeh]]
[2020.12.16-13.11.52:080][  0]LogConfig: Setting CVar [[r.DOF.Recombine.Quality:1                ; cheap slight out of focus]]
[2020.12.16-13.11.52:080][  0]LogConfig: Setting CVar [[r.DOF.Recombine.EnableBokehSettings:0    ; no bokeh simulation on slight out of focus]]
[2020.12.16-13.11.52:080][  0]LogConfig: Setting CVar [[r.DOF.TemporalAAQuality:1                ; more stable temporal accumulation]]
[2020.12.16-13.11.52:080][  0]LogConfig: Setting CVar [[r.DOF.Kernel.MaxForegroundRadius:0.025]]
[2020.12.16-13.11.52:080][  0]LogConfig: Setting CVar [[r.DOF.Kernel.MaxBackgroundRadius:0.025]]
[2020.12.16-13.11.52:080][  0]LogConfig: Applying CVar settings from Section [TextureQuality@3] File [G:/Fork/Bone_To_Be_Bad/Saved/Config/Windows/Scalability.ini]
[2020.12.16-13.11.52:080][  0]LogConfig: Setting CVar [[r.Streaming.MipBias:0]]
[2020.12.16-13.11.52:080][  0]LogConfig: Setting CVar [[r.Streaming.AmortizeCPUToGPUCopy:0]]
[2020.12.16-13.11.52:080][  0]LogConfig: Setting CVar [[r.Streaming.MaxNumTexturesToStreamPerFrame:0]]
[2020.12.16-13.11.52:080][  0]LogConfig: Setting CVar [[r.Streaming.Boost:1]]
[2020.12.16-13.11.52:080][  0]LogConfig: Setting CVar [[r.MaxAnisotropy:8]]
[2020.12.16-13.11.52:080][  0]LogConfig: Setting CVar [[r.VT.MaxAnisotropy:8]]
[2020.12.16-13.11.52:080][  0]LogConfig: Setting CVar [[r.Streaming.LimitPoolSizeToVRAM:0]]
[2020.12.16-13.11.52:080][  0]LogConfig: Setting CVar [[r.Streaming.PoolSize:1000]]
[2020.12.16-13.11.52:080][  0]LogConfig: Setting CVar [[r.Streaming.MaxEffectiveScreenSize:0]]
[2020.12.16-13.11.52:080][  0]LogConfig: Applying CVar settings from Section [EffectsQuality@3] File [G:/Fork/Bone_To_Be_Bad/Saved/Config/Windows/Scalability.ini]
[2020.12.16-13.11.52:080][  0]LogConfig: Setting CVar [[r.TranslucencyLightingVolumeDim:64]]
[2020.12.16-13.11.52:080][  0]LogConfig: Setting CVar [[r.RefractionQuality:2]]
[2020.12.16-13.11.52:080][  0]LogConfig: Setting CVar [[r.SSR.Quality:3]]
[2020.12.16-13.11.52:080][  0]LogConfig: Setting CVar [[r.SSR.HalfResSceneColor:0]]
[2020.12.16-13.11.52:080][  0]LogConfig: Setting CVar [[r.SceneColorFormat:4]]
[2020.12.16-13.11.52:080][  0]LogConfig: Setting CVar [[r.DetailMode:2]]
[2020.12.16-13.11.52:080][  0]LogConfig: Setting CVar [[r.TranslucencyVolumeBlur:1]]
[2020.12.16-13.11.52:080][  0]LogConfig: Setting CVar [[r.MaterialQualityLevel:1 ; High quality]]
[2020.12.16-13.11.52:080][  0]LogConfig: Setting CVar [[r.SSS.Scale:1]]
[2020.12.16-13.11.52:080][  0]LogConfig: Setting CVar [[r.SSS.SampleSet:2]]
[2020.12.16-13.11.52:080][  0]LogConfig: Setting CVar [[r.SSS.Quality:1]]
[2020.12.16-13.11.52:080][  0]LogConfig: Setting CVar [[r.SSS.HalfRes:0]]
[2020.12.16-13.11.52:080][  0]LogConfig: Setting CVar [[r.SSGI.Quality:3]]
[2020.12.16-13.11.52:080][  0]LogConfig: Setting CVar [[r.EmitterSpawnRateScale:1.0]]
[2020.12.16-13.11.52:080][  0]LogConfig: Setting CVar [[r.ParticleLightQuality:2]]
[2020.12.16-13.11.52:080][  0]LogConfig: Setting CVar [[r.SkyAtmosphere.AerialPerspectiveLUT.FastApplyOnOpaque:1 ; Always have FastSkyLUT 1 in this case to avoid wrong sky]]
[2020.12.16-13.11.52:080][  0]LogConfig: Setting CVar [[r.SkyAtmosphere.AerialPerspectiveLUT.SampleCountPerSlice:1]]
[2020.12.16-13.11.52:080][  0]LogConfig: Setting CVar [[r.SkyAtmosphere.AerialPerspectiveLUT.DepthResolution:16.0]]
[2020.12.16-13.11.52:080][  0]LogConfig: Setting CVar [[r.SkyAtmosphere.FastSkyLUT:1]]
[2020.12.16-13.11.52:080][  0]LogConfig: Setting CVar [[r.SkyAtmosphere.FastSkyLUT.SampleCountMin:4.0]]
[2020.12.16-13.11.52:080][  0]LogConfig: Setting CVar [[r.SkyAtmosphere.FastSkyLUT.SampleCountMax:32.0]]
[2020.12.16-13.11.52:080][  0]LogConfig: Setting CVar [[r.SkyAtmosphere.SampleCountMin:4.0]]
[2020.12.16-13.11.52:080][  0]LogConfig: Setting CVar [[r.SkyAtmosphere.SampleCountMax:32.0]]
[2020.12.16-13.11.52:080][  0]LogConfig: Setting CVar [[r.SkyAtmosphere.TransmittanceLUT.UseSmallFormat:0]]
[2020.12.16-13.11.52:080][  0]LogConfig: Setting CVar [[r.SkyAtmosphere.TransmittanceLUT.SampleCount:10.0]]
[2020.12.16-13.11.52:080][  0]LogConfig: Setting CVar [[r.SkyAtmosphere.MultiScatteringLUT.SampleCount:15.0]]
[2020.12.16-13.11.52:080][  0]LogConfig: Applying CVar settings from Section [FoliageQuality@3] File [G:/Fork/Bone_To_Be_Bad/Saved/Config/Windows/Scalability.ini]
[2020.12.16-13.11.52:080][  0]LogConfig: Setting CVar [[foliage.DensityScale:1.0]]
[2020.12.16-13.11.52:080][  0]LogConfig: Setting CVar [[grass.DensityScale:1.0]]
[2020.12.16-13.11.52:080][  0]LogConfig: Applying CVar settings from Section [ShadingQuality@3] File [G:/Fork/Bone_To_Be_Bad/Saved/Config/Windows/Scalability.ini]
[2020.12.16-13.11.52:080][  0]LogConfig: Setting CVar [[r.HairStrands.SkyLighting.SampleCount:16]]
[2020.12.16-13.11.52:080][  0]LogConfig: Setting CVar [[r.HairStrands.SkyLighting.JitterIntegration:0]]
[2020.12.16-13.11.52:081][  0]LogConfig: Setting CVar [[r.HairStrands.SkyAO.SampleCount:16]]
[2020.12.16-13.11.52:081][  0]LogConfig: Setting CVar [[r.HairStrands.DeepShadow.SuperSampling:0]]
[2020.12.16-13.11.52:081][  0]LogConfig: Setting CVar [[r.HairStrands.VisibilityPPLL:0]]
[2020.12.16-13.11.52:081][  0]LogConfig: Setting CVar [[r.HairStrands.RasterizationScale:0.5]]
[2020.12.16-13.11.52:081][  0]LogConfig: Setting CVar [[r.HairStrands.VelocityRasterizationScale:1]]
[2020.12.16-13.11.52:081][  0]LogConfig: Applying CVar settings from Section [Startup] File [../../../Engine/Config/ConsoleVariables.ini]
[2020.12.16-13.11.52:081][  0]LogConfig: Setting CVar [[net.UseAdaptiveNetUpdateFrequency:0]]
[2020.12.16-13.11.52:081][  0]LogConfig: Setting CVar [[p.chaos.AllowCreatePhysxBodies:1]]
[2020.12.16-13.11.52:081][  0]LogConfig: Setting CVar [[fx.SkipVectorVMBackendOptimizations:1]]
[2020.12.16-13.11.52:081][  0]LogConfig: Applying CVar settings from Section [ConsoleVariables] File [G:/Fork/Bone_To_Be_Bad/Saved/Config/Windows/Engine.ini]
[2020.12.16-13.11.52:082][  0]LogInit: Computer: DESKTOP-QKL1UBC
[2020.12.16-13.11.52:082][  0]LogInit: User: JojoPC
[2020.12.16-13.11.52:082][  0]LogInit: CPU Page size=4096, Cores=8
[2020.12.16-13.11.52:082][  0]LogInit: High frequency timer resolution =10.000000 MHz
[2020.12.16-13.11.52:083][  0]LogMemory: Memory total: Physical=15.9GB (16GB approx)
[2020.12.16-13.11.52:083][  0]LogMemory: Platform Memory Stats for Windows
[2020.12.16-13.11.52:083][  0]LogMemory: Process Physical Memory: 117.76 MB used, 117.76 MB peak
[2020.12.16-13.11.52:083][  0]LogMemory: Process Virtual Memory: 96.51 MB used, 96.51 MB peak
[2020.12.16-13.11.52:083][  0]LogMemory: Physical Memory: 15379.29 MB used,  915.12 MB free, 16294.41 MB total
[2020.12.16-13.11.52:083][  0]LogMemory: Virtual Memory: 5147.68 MB used,  134212584.00 MB free, 134217728.00 MB total
[2020.12.16-13.11.52:090][  0]LogWindows: WindowsPlatformFeatures enabled
[2020.12.16-13.11.52:285][  0]LogInit: Physics initialised using underlying interface: PhysX
[2020.12.16-13.11.52:295][  0]LogInit: Using OS detected language (en-US).
[2020.12.16-13.11.52:295][  0]LogInit: Using OS detected locale (en-US).
[2020.12.16-13.11.52:311][  0]LogTextLocalizationManager: No specific localization for 'en-US' exists, so the 'en' localization will be used.
[2020.12.16-13.11.52:586][  0]LogInit: Setting process to per monitor DPI aware
[2020.12.16-13.11.52:702][  0]LogSlate: New Slate User Created.  User Index 0, Is Virtual User: 0
[2020.12.16-13.11.52:702][  0]LogSlate: Slate User Registered.  User Index 0, Is Virtual User: 0
[2020.12.16-13.11.59:728][  0]LogHMD: Failed to initialize OpenVR with code 208
[2020.12.16-13.11.59:728][  0]LogD3D11RHI: D3D11 min allowed feature level: 11_0
[2020.12.16-13.11.59:728][  0]LogD3D11RHI: D3D11 max allowed feature level: 11_0
[2020.12.16-13.11.59:728][  0]LogD3D11RHI: D3D11 adapters:
[2020.12.16-13.11.59:945][  0]LogD3D11RHI:    0. 'NVIDIA GeForce RTX 2080 SUPER' (Feature Level 11_0)
[2020.12.16-13.11.59:945][  0]LogD3D11RHI:       8010/0/8147 MB DedicatedVideo/DedicatedSystem/SharedSystem, Outputs:2, VendorId:0x10de
[2020.12.16-13.11.59:963][  0]LogD3D11RHI:    1. 'Microsoft Basic Render Driver' (Feature Level 11_0)
[2020.12.16-13.11.59:964][  0]LogD3D11RHI:       0/0/8147 MB DedicatedVideo/DedicatedSystem/SharedSystem, Outputs:0, VendorId:0x1414
[2020.12.16-13.11.59:964][  0]LogD3D11RHI: Chosen D3D11 Adapter: 0
[2020.12.16-13.11.59:979][  0]LogD3D11RHI: Creating new Direct3DDevice
[2020.12.16-13.11.59:979][  0]LogD3D11RHI:     GPU DeviceId: 0x1e81 (for the marketing name, search the web for "GPU Device Id")
[2020.12.16-13.11.59:980][  0]LogWindows: EnumDisplayDevices:
[2020.12.16-13.11.59:980][  0]LogWindows:    0. 'NVIDIA GeForce RTX 2080 SUPER' (P:1 D:1)
[2020.12.16-13.11.59:980][  0]LogWindows:    1. 'NVIDIA GeForce RTX 2080 SUPER' (P:0 D:1)
[2020.12.16-13.11.59:981][  0]LogWindows:    2. 'NVIDIA GeForce RTX 2080 SUPER' (P:0 D:0)
[2020.12.16-13.11.59:981][  0]LogWindows:    3. 'NVIDIA GeForce RTX 2080 SUPER' (P:0 D:0)
[2020.12.16-13.11.59:981][  0]LogWindows: DebugString: FoundDriverCount:4 
[2020.12.16-13.11.59:981][  0]LogD3D11RHI:     Adapter Name: NVIDIA GeForce RTX 2080 SUPER
[2020.12.16-13.11.59:981][  0]LogD3D11RHI:   Driver Version: 460.79 (internal:27.21.14.6079, unified:460.79)
[2020.12.16-13.11.59:981][  0]LogD3D11RHI:      Driver Date: 12-3-2020
[2020.12.16-13.11.59:982][  0]LogRHI: Texture pool is 5607 MB (70% of 8010 MB)
[2020.12.16-13.12.00:055][  0]LogD3D11RHI: RHI has support for 64 bit atomics
[2020.12.16-13.12.00:055][  0]LogD3D11RHI: Async texture creation enabled
[2020.12.16-13.12.00:055][  0]LogD3D11RHI: Array index from any shader is supported
[2020.12.16-13.12.00:061][  0]LogD3D11RHI: HDR output is supported on display 0 (NvId: 0x80061082).
[2020.12.16-13.12.00:127][  0]LogD3D11RHI: GPU Timing Frequency: 1000.000000 (Debug: 2 1)
[2020.12.16-13.12.01:280][  0]LogTargetPlatformManager: Display: Loaded TargetPlatform 'AllDesktop'
[2020.12.16-13.12.01:305][  0]LogTargetPlatformManager: Display: Loaded TargetPlatform 'Android'
[2020.12.16-13.12.01:305][  0]LogTargetPlatformManager: Display: Loaded TargetPlatform 'Android_ASTC'
[2020.12.16-13.12.01:305][  0]LogTargetPlatformManager: Display: Loaded TargetPlatform 'Android_DXT'
[2020.12.16-13.12.01:305][  0]LogTargetPlatformManager: Display: Loaded TargetPlatform 'Android_ETC2'
[2020.12.16-13.12.01:305][  0]LogTargetPlatformManager: Display: Loaded TargetPlatform 'AndroidClient'
[2020.12.16-13.12.01:305][  0]LogTargetPlatformManager: Display: Loaded TargetPlatform 'Android_ASTCClient'
[2020.12.16-13.12.01:305][  0]LogTargetPlatformManager: Display: Loaded TargetPlatform 'Android_DXTClient'
[2020.12.16-13.12.01:306][  0]LogTargetPlatformManager: Display: Loaded TargetPlatform 'Android_ETC2Client'
[2020.12.16-13.12.01:306][  0]LogTargetPlatformManager: Display: Loaded TargetPlatform 'Android_Multi'
[2020.12.16-13.12.01:306][  0]LogTargetPlatformManager: Display: Loaded TargetPlatform 'Android_MultiClient'
[2020.12.16-13.12.01:337][  0]LogTargetPlatformManager: Display: Loaded TargetPlatform 'IOSClient'
[2020.12.16-13.12.01:337][  0]LogTargetPlatformManager: Display: Loaded TargetPlatform 'IOS'
[2020.12.16-13.12.01:351][  0]LogTargetPlatformManager: Display: Loaded TargetPlatform 'Linux'
[2020.12.16-13.12.01:363][  0]LogTargetPlatformManager: Display: Loaded TargetPlatform 'LinuxNoEditor'
[2020.12.16-13.12.01:376][  0]LogTargetPlatformManager: Display: Loaded TargetPlatform 'LinuxClient'
[2020.12.16-13.12.01:394][  0]LogTargetPlatformManager: Display: Loaded TargetPlatform 'LinuxServer'
[2020.12.16-13.12.01:406][  0]LogTargetPlatformManager: Display: Loaded TargetPlatform 'LinuxAArch64NoEditor'
[2020.12.16-13.12.01:417][  0]LogTargetPlatformManager: Display: Loaded TargetPlatform 'LinuxAArch64Client'
[2020.12.16-13.12.01:429][  0]LogTargetPlatformManager: Display: Loaded TargetPlatform 'LinuxAArch64Server'
[2020.12.16-13.12.01:458][  0]LogTargetPlatformManager: Display: Loaded TargetPlatform 'Lumin'
[2020.12.16-13.12.01:458][  0]LogTargetPlatformManager: Display: Loaded TargetPlatform 'LuminClient'
[2020.12.16-13.12.01:476][  0]LogTargetPlatformManager: Display: Loaded TargetPlatform 'TVOSClient'
[2020.12.16-13.12.01:476][  0]LogTargetPlatformManager: Display: Loaded TargetPlatform 'TVOS'
[2020.12.16-13.12.01:488][  0]LogTargetPlatformManager: Display: Loaded TargetPlatform 'WindowsNoEditor'
[2020.12.16-13.12.01:502][  0]LogTargetPlatformManager: Display: Loaded TargetPlatform 'Windows'
[2020.12.16-13.12.01:513][  0]LogTargetPlatformManager: Display: Loaded TargetPlatform 'WindowsClient'
[2020.12.16-13.12.01:525][  0]LogTargetPlatformManager: Display: Loaded TargetPlatform 'WindowsServer'
[2020.12.16-13.12.01:525][  0]LogTargetPlatformManager: Display: Building Assets For Windows
[2020.12.16-13.12.01:542][  0]LogAudioDebug: Display: Lib vorbis DLL was dynamically loaded.
[2020.12.16-13.12.01:688][  0]LogShaderCompilers: Guid format shader working directory is 25 characters bigger than the processId version (G:/Fork/Bone_To_Be_Bad/Intermediate/Shaders/WorkingDirectory/36608/).
[2020.12.16-13.12.01:689][  0]LogShaderCompilers: Cleaned the shader compiler working directory 'C:/Users/Jojo-PC/AppData/Local/Temp/UnrealShaderWorkingDir/1D1FC0A84F0EE94BA4EF24B2992476BB/'.
[2020.12.16-13.12.01:692][  0]LogXGEController: Cleaning working directory: C:/Users/Jojo-PC/AppData/Local/Temp/UnrealXGEWorkingDir/
[2020.12.16-13.12.01:692][  0]LogXGEController: Cannot use XGE Controller as Incredibuild is not installed on this machine.
[2020.12.16-13.12.01:693][  0]LogShaderCompilers: Cannot use XGE Shader Compiler as Incredibuild is not installed on this machine.
[2020.12.16-13.12.01:693][  0]LogShaderCompilers: Display: Using Local Shader Compiler.
[2020.12.16-13.12.02:777][  0]LogDerivedDataCache: Display: Max Cache Size: 512 MB
[2020.12.16-13.12.02:993][  0]LogDerivedDataCache: Loaded boot cache 0.21s 76MB C:/Users/Jojo-PC/AppData/Local/UnrealEngine/4.25/DerivedDataCache/Boot.ddc.
[2020.12.16-13.12.02:994][  0]LogDerivedDataCache: Display: Loaded Boot cache: C:/Users/Jojo-PC/AppData/Local/UnrealEngine/4.25/DerivedDataCache/Boot.ddc
[2020.12.16-13.12.03:011][  0]LogDerivedDataCache: FDerivedDataBackendGraph:  Pak pak cache file G:/Fork/Bone_To_Be_Bad/DerivedDataCache/DDC.ddp not found, will not use a pak cache.
[2020.12.16-13.12.03:011][  0]LogDerivedDataCache: Unable to find inner node Pak for hierarchical cache Hierarchy.
[2020.12.16-13.12.03:011][  0]LogDerivedDataCache: FDerivedDataBackendGraph:  CompressedPak pak cache file G:/Fork/Bone_To_Be_Bad/DerivedDataCache/Compressed.ddp not found, will not use a pak cache.
[2020.12.16-13.12.03:011][  0]LogDerivedDataCache: Unable to find inner node CompressedPak for hierarchical cache Hierarchy.
[2020.12.16-13.12.03:026][  0]LogDerivedDataCache: Display: Pak cache opened for reading ../../../Engine/DerivedDataCache/Compressed.ddp.
[2020.12.16-13.12.03:026][  0]LogDerivedDataCache: FDerivedDataBackendGraph:  EnterprisePak pak cache file ../../../Enterprise/DerivedDataCache/Compressed.ddp not found, will not use a pak cache.
[2020.12.16-13.12.03:026][  0]LogDerivedDataCache: Unable to find inner node EnterprisePak for hierarchical cache Hierarchy.
[2020.12.16-13.12.03:029][  0]LogDerivedDataCache: Using Local data cache path C:/Users/Jojo-PC/AppData/Local/UnrealEngine/Common/DerivedDataCache: Writable
[2020.12.16-13.12.03:029][  0]LogDerivedDataCache: Shared data cache path not found in *engine.ini, will not use an Shared cache.
[2020.12.16-13.12.03:029][  0]LogDerivedDataCache: Unable to find inner node Shared for hierarchical cache Hierarchy.
[2020.12.16-13.12.03:089][  0]LogSlate: Using FreeType 2.10.0
[2020.12.16-13.12.03:095][  0]LogSlate: SlateFontServices - WITH_FREETYPE: 1, WITH_HARFBUZZ: 1
[2020.12.16-13.12.03:161][  0]LogAssetRegistry: FAssetRegistry took 0.0066 seconds to start up
[2020.12.16-13.12.03:781][  0]LogInit: Selected Device Profile: [Windows]
[2020.12.16-13.12.04:098][  0]LogMeshReduction: Using QuadricMeshReduction for automatic static mesh reduction
[2020.12.16-13.12.04:098][  0]LogMeshReduction: Using SimplygonMeshReduction for automatic skeletal mesh reduction
[2020.12.16-13.12.04:098][  0]LogMeshReduction: Using ProxyLODMeshReduction for automatic mesh merging
[2020.12.16-13.12.04:098][  0]LogMeshReduction: No distributed automatic mesh merging module available
[2020.12.16-13.12.04:099][  0]LogMeshMerging: No distributed automatic mesh merging module available
[2020.12.16-13.12.04:158][  0]LogNetVersion: BBTB 1.0.0, NetCL: 13144385, EngineNetVer: 14, GameNetVer: 0 (Checksum: 3023391371)
[2020.12.16-13.12.05:931][  0]LogAISub: UAISubsystem::UAISubsystem AISubsystem (0000022650216500), frame # 0
[2020.12.16-13.12.05:931][  0]LogAISub: UAISubsystem::UAISubsystem AIPerceptionSystem (00000226501F0540), frame # 0
[2020.12.16-13.12.05:940][  0]LogAISub: UAISubsystem::UAISubsystem EnvQueryManager (0000022650346C00), frame # 0
[2020.12.16-13.12.06:636][  0]LogPackageLocalizationCache: Processed 19 localized package path(s) for 1 prioritized culture(s) in 0.650934 seconds
[2020.12.16-13.12.06:644][  0]LogUObjectArray: 15917 objects as part of root set at end of initial load.
[2020.12.16-13.12.06:644][  0]LogUObjectAllocator: 3965568 out of 0 bytes used by permanent object pool.
[2020.12.16-13.12.06:644][  0]LogUObjectArray: CloseDisregardForGC: 0/0 objects in disregard for GC pool
[2020.12.16-13.12.07:748][  0]LogTcpMessaging: Initializing TcpMessaging bridge
[2020.12.16-13.12.07:757][  0]LogUdpMessaging: Initializing bridge on interface 0.0.0.0:0 to multicast group 230.0.0.1:6666.
[2020.12.16-13.12.08:093][  0]SourceControl: Source control is disabled
[2020.12.16-13.12.08:094][  0]SourceControl: Source control is disabled
[2020.12.16-13.12.08:109][  0]SourceControl: Source control is disabled
[2020.12.16-13.12.08:117][  0]SourceControl: Source control is disabled
[2020.12.16-13.12.08:135][  0]SourceControl: Source control is disabled
[2020.12.16-13.12.08:729][  0]LogAndroidPermission: UAndroidPermissionCallbackProxy::GetInstance
[2020.12.16-13.12.08:763][  0]LogAudioCaptureCore: Display: No Audio Capture implementations found. Audio input will be silent.
[2020.12.16-13.12.08:763][  0]LogAudioCaptureCore: Display: No Audio Capture implementations found. Audio input will be silent.
[2020.12.16-13.12.08:846][  0]LogOcInput: OculusInput pre-init called
[2020.12.16-13.12.08:866][  0]LogWindows: Failed to load 'OVRPlugin.dll' (GetLastError=126)
[2020.12.16-13.12.08:866][  0]LogWindows: File 'OVRPlugin.dll' does not exist
[2020.12.16-13.12.09:062][  0]LogEngine: Initializing Engine...
[2020.12.16-13.12.09:134][  0]LogHMD: Failed to initialize OpenVR with code 119
[2020.12.16-13.12.09:134][  0]LogMagicLeap: Warning: VR disabled because ZI is not enabled.  To enable, in the editor, Edit -> Project Settings -> Plugins -> Magic Leap Plugin -> Enable Zero Iteration
[2020.12.16-13.12.09:138][  0]LogStats: UGameplayTagsManager::InitializeManager -  0.002 s
[2020.12.16-13.12.09:297][  0]LogInit: Initializing FReadOnlyCVARCache
[2020.12.16-13.12.09:378][  0]LogAIModule: Creating AISystem for world Untitled
[2020.12.16-13.12.09:378][  0]LogAISub: UAISubsystem::UAISubsystem EnvQueryManager (0000022654420800), frame # 0
[2020.12.16-13.12.09:378][  0]LogAISub: UAISubsystem::UAISubsystem AIPerceptionSystem (0000022654403380), frame # 0
[2020.12.16-13.12.09:406][  0]LogAudioMixer: Display: Audio Mixer Platform Settings:
[2020.12.16-13.12.09:406][  0]LogAudioMixer: Display: 	Sample Rate:						  48000
[2020.12.16-13.12.09:406][  0]LogAudioMixer: Display: 	Callback Buffer Frame Size Requested: 1024
[2020.12.16-13.12.09:406][  0]LogAudioMixer: Display: 	Callback Buffer Frame Size To Use:	  1024
[2020.12.16-13.12.09:406][  0]LogAudioMixer: Display: 	Number of buffers to queue:			  2
[2020.12.16-13.12.09:406][  0]LogAudioMixer: Display: 	Max Channels (voices):				  32
[2020.12.16-13.12.09:406][  0]LogAudioMixer: Display: 	Number of Async Source Workers:		  0
[2020.12.16-13.12.09:406][  0]LogAudio: Display: AudioDevice MaxSources: 32
[2020.12.16-13.12.09:408][  0]LogAudio: Display: Using built-in audio occlusion.
[2020.12.16-13.12.09:409][  0]LogAudioMixer: Display: Initializing audio mixer.
[2020.12.16-13.12.09:440][  0]LogAudioMixer: Display: 0: FrontLeft
[2020.12.16-13.12.09:440][  0]LogAudioMixer: Display: 1: FrontRight
[2020.12.16-13.12.09:541][  0]LogAudioMixer: Display: Using Audio Device Headset Earphone (HyperX Virtual Surround Sound)
[2020.12.16-13.12.09:546][  0]LogAudioMixer: Display: Initializing Sound Submixes...
[2020.12.16-13.12.09:549][  0]LogAudioMixer: Display: Creating Master Submix 'MasterSubmixDefault'
[2020.12.16-13.12.09:550][  0]LogAudioMixer: Display: Creating Master Submix 'MasterReverbSubmixDefault'
[2020.12.16-13.12.09:552][  0]LogAudioMixer: Display: Creating Master Submix 'MasterEQSubmixDefault'
[2020.12.16-13.12.09:554][  0]LogInit: FAudioDevice initialized.
[2020.12.16-13.12.09:556][  0]LogNetVersion: Set ProjectVersion to 1.0.0.0. Version Checksum will be recalculated on next use.
[2020.12.16-13.12.09:811][  0]LogDerivedDataCache: Saved boot cache 0.25s 76MB C:/Users/Jojo-PC/AppData/Local/UnrealEngine/4.25/DerivedDataCache/Boot.ddc.
[2020.12.16-13.12.09:836][  0]LogInit: Texture streaming: Enabled
[2020.12.16-13.12.09:879][  0]LogEngineSessionManager: EngineSessionManager initialized
[2020.12.16-13.12.09:879][  0]LogEditorSessionSummary: Verbose: Initializing EditorSessionSummaryWriter for editor session tracking
[2020.12.16-13.12.09:917][  0]LogEditorSessionSummary: EditorSessionSummaryWriter initialized
[2020.12.16-13.12.10:438][  0]LogInit: Transaction tracking system initialized
[2020.12.16-13.12.10:501][  0]BlueprintLog: New page: Editor Load
[2020.12.16-13.12.10:770][  0]LocalizationService: Localization service is disabled
[2020.12.16-13.12.11:384][  0]LogCook: Display: Max memory allowance for cook 16384mb min free memory 0mb
[2020.12.16-13.12.11:384][  0]LogCook: Display: Mobile HDR setting 1
[2020.12.16-13.12.11:439][  0]LogFileCache: Scanning file cache for directory 'G:/Fork/Bone_To_Be_Bad/Content/' took 0.01s
[2020.12.16-13.12.12:149][  0]SourceControl: Source control is disabled
[2020.12.16-13.12.12:149][  0]LogUnrealEdMisc: Loading editor; pre map load, took 26.660
[2020.12.16-13.12.12:152][  0]Cmd: MAP LOAD FILE="G:/Fork/Bone_To_Be_Bad/Content/ThirdPersonBP/Maps/ThirdPersonExampleMap.umap" TEMPLATE=0 SHOWPROGRESS=1 FEATURELEVEL=3
[2020.12.16-13.12.12:257][  0]LightingResults: New page: Lighting Build
[2020.12.16-13.12.12:267][  0]LogWorld: UWorld::CleanupWorld for Untitled, bSessionEnded=true, bCleanupResources=true
[2020.12.16-13.12.12:268][  0]LogSlate: InvalidateAllWidgets triggered.  All widgets were invalidated
[2020.12.16-13.12.12:270][  0]MapCheck: New page: Map Check
[2020.12.16-13.12.12:270][  0]LightingResults: New page: Lighting Build
[2020.12.16-13.12.12:300][  0]LogAISub: UAISubsystem::~UAISubsystem EnvQueryManager (0000022654420800), frame # 0
[2020.12.16-13.12.12:300][  0]LogAISub: UAISubsystem::~UAISubsystem AIPerceptionSystem (0000022654403380), frame # 0
[2020.12.16-13.12.12:302][  0]LogUObjectHash: Compacting FUObjectHashTables data took   0.72ms
[2020.12.16-13.12.12:630][  0]LogBlueprint: Warning: [Compiler AnimBP_Skeleton] Headbutt_v2 to BS_CharacterSkeleton  will never be taken, please connect something to  Can Enter Transition
[2020.12.16-13.12.12:630][  0]LogBlueprint: Warning: [Compiler AnimBP_Skeleton] BS_CharacterSkeleton to Headbutt_v2  will never be taken, please connect something to  Can Enter Transition
[2020.12.16-13.12.14:884][  0]LogAIModule: Creating AISystem for world ThirdPersonExampleMap
[2020.12.16-13.12.14:884][  0]LogAISub: UAISubsystem::UAISubsystem EnvQueryManager (00000226429C0E00), frame # 0
[2020.12.16-13.12.14:885][  0]LogAISub: UAISubsystem::UAISubsystem AIPerceptionSystem (0000022642B10F40), frame # 0
[2020.12.16-13.12.14:916][  0]LogPhysics: Warning: Scale for /Game/ThirdPersonBP/Maps/ThirdPersonExampleMap.ThirdPersonExampleMap:PersistentLevel.Scie_2.Saw has a component set to zero, which will result in a bad body instance. Scale:X=1.000 Y=0.000 Z=1.000
[2020.12.16-13.12.14:916][  0]LogPhysics: Warning: Scale for /Game/ThirdPersonBP/Maps/ThirdPersonExampleMap.ThirdPersonExampleMap:PersistentLevel.Scie_2.Trigger has a component set to zero, which will result in a bad body instance. Scale:X=1.800 Y=0.000 Z=1.500
[2020.12.16-13.12.14:956][  0]LogPhysics: Warning: Scale for /Game/ThirdPersonBP/Maps/ThirdPersonExampleMap.ThirdPersonExampleMap:PersistentLevel.Scie_2.Saw has a component set to zero, which will result in a bad body instance. Scale:X=1.000 Y=0.000 Z=1.000
[2020.12.16-13.12.14:956][  0]LogPhysics: Warning: Scale for /Game/ThirdPersonBP/Maps/ThirdPersonExampleMap.ThirdPersonExampleMap:PersistentLevel.Scie_2.Trigger has a component set to zero, which will result in a bad body instance. Scale:X=1.800 Y=0.000 Z=1.500
[2020.12.16-13.12.14:957][  0]LogPhysics: Warning: Scale for /Game/ThirdPersonBP/Maps/ThirdPersonExampleMap.ThirdPersonExampleMap:PersistentLevel.Scie_2.Saw has a component set to zero, which will result in a bad body instance. Scale:X=1.000 Y=0.000 Z=1.000
[2020.12.16-13.12.14:957][  0]LogPhysics: Warning: Scale for /Game/ThirdPersonBP/Maps/ThirdPersonExampleMap.ThirdPersonExampleMap:PersistentLevel.Scie_2.Saw has a component set to zero, which will result in a bad body instance. Scale:X=1.000 Y=0.000 Z=1.000
[2020.12.16-13.12.14:983][  0]LogEditorServer: Finished looking for orphan Actors (0.000 secs)
[2020.12.16-13.12.15:011][  0]LogUObjectHash: Compacting FUObjectHashTables data took   1.00ms
[2020.12.16-13.12.15:013][  0]Cmd: MAP CHECKDEP NOCLEARLOG
[2020.12.16-13.12.15:014][  0]MapCheck: Map check complete: 0 Error(s), 0 Warning(s), took 0.635ms to complete.
[2020.12.16-13.12.15:014][  0]LogFileHelpers: Loading map 'ThirdPersonExampleMap' took 2.864
[2020.12.16-13.12.15:073][  0]LogUnrealEdMisc: Total Editor Startup Time, took 29.584
[2020.12.16-13.12.15:459][  0]LogSlate: Updating window title bar state: overlay mode, drag disabled, window buttons hidden, title bar hidden
[2020.12.16-13.12.15:470][  0]LogSlate: Updating window title bar state: overlay mode, drag disabled, window buttons hidden, title bar hidden
[2020.12.16-13.12.15:476][  0]LogSlate: Updating window title bar state: overlay mode, drag disabled, window buttons hidden, title bar hidden
[2020.12.16-13.12.15:483][  0]LogSlate: Updating window title bar state: overlay mode, drag disabled, window buttons hidden, title bar hidden
[2020.12.16-13.12.15:508][  0]LogCollectionManager: Loaded 0 collections in 0.000897 seconds
[2020.12.16-13.12.15:563][  0]LogFileCache: Scanning file cache for directory 'G:/Fork/Bone_To_Be_Bad/Saved/Collections/' took 0.00s
[2020.12.16-13.12.15:563][  0]LogFileCache: Scanning file cache for directory 'G:/Fork/Bone_To_Be_Bad/Content/Developers/JojoPC/Collections/' took 0.00s
[2020.12.16-13.12.15:563][  0]LogFileCache: Scanning file cache for directory 'G:/Fork/Bone_To_Be_Bad/Content/Collections/' took 0.00s
[2020.12.16-13.12.15:563][  0]LogContentBrowser: Native class hierarchy populated in 0.0103 seconds. Added 3430 classes and 824 folders.
[2020.12.16-13.12.15:592][  0]LogContentBrowser: Native class hierarchy updated for 'WidgetCarousel' in 0.0002 seconds. Added 0 classes and 0 folders.
[2020.12.16-13.12.15:812][  0]LogContentBrowser: Native class hierarchy updated for 'AddContentDialog' in 0.0003 seconds. Added 0 classes and 0 folders.
[2020.12.16-13.12.15:825][  0]LogContentBrowser: Native class hierarchy updated for 'SceneOutliner' in 0.0015 seconds. Added 2 classes and 0 folders.
[2020.12.16-13.12.15:946][  0]LogSlate: Took 0.001663 seconds to synchronously load lazily loaded font '../../../Engine/Content/Slate/Fonts/Roboto-Regular.ttf' (155K)
[2020.12.16-13.12.15:953][  0]LogSlate: Took 0.001225 seconds to synchronously load lazily loaded font '../../../Engine/Content/Slate/Fonts/Roboto-Bold.ttf' (160K)
[2020.12.16-13.12.15:969][  0]LogSlate: Took 0.001128 seconds to synchronously load lazily loaded font '../../../Engine/Content/Editor/Slate/Fonts/FontAwesome.ttf' (139K)
[2020.12.16-13.12.16:093][  0]LogRenderer: Reallocating scene render targets to support 1688x684 Format 10 NumSamples 1 (Frame:1).
[2020.12.16-13.12.16:389][  0]LogContentBrowser: Native class hierarchy updated for 'HierarchicalLODOutliner' in 0.0002 seconds. Added 0 classes and 0 folders.
[2020.12.16-13.12.16:389][  0]LogLoad: (Engine Initialization) Total time: 30.90 seconds
[2020.12.16-13.12.16:389][  0]LogLoad: (Engine Initialization) Total Blueprint compile time: 0.00 seconds
[2020.12.16-13.12.16:411][  0]LogSlate: New Slate User Created.  User Index 1, Is Virtual User: 0
[2020.12.16-13.12.16:411][  0]LogSlate: Slate User Registered.  User Index 1, Is Virtual User: 0
[2020.12.16-13.12.16:477][  0]LogAssetRegistry: Asset discovery search completed in 13.3186 seconds
[2020.12.16-13.12.16:482][  0]LogCollectionManager: Fixed up redirectors for 0 collections in 0.000209 seconds (updated 0 objects)
[2020.12.16-13.12.16:495][  0]LogContentStreaming: Texture pool size now 1000 MB
[2020.12.16-13.12.30:376][239]LogSlate: Window 'Editor Preferences' being destroyed
[2020.12.16-13.12.30:593][239]LogSlate: Window 'Editor Preferences' being destroyed
[2020.12.16-13.12.51:647][190]LogSlate: Window 'Project Settings' being destroyed
[2020.12.16-13.12.51:653][190]LogSlate: Window 'Project Settings' being destroyed
[2020.12.16-13.12.55:165][602]LogRenderer: Reallocating scene render targets to support 1688x708 Format 10 NumSamples 1 (Frame:3343).
[2020.12.16-13.12.55:209][603]LogRenderer: Reallocating scene render targets to support 1688x784 Format 10 NumSamples 1 (Frame:3345).
[2020.12.16-13.12.55:252][604]LogRenderer: Reallocating scene render targets to support 1688x864 Format 10 NumSamples 1 (Frame:3347).
[2020.12.16-13.12.55:293][605]LogRenderer: Reallocating scene render targets to support 1688x940 Format 10 NumSamples 1 (Frame:3349).
[2020.12.16-13.12.55:334][606]LogRenderer: Reallocating scene render targets to support 1688x956 Format 10 NumSamples 1 (Frame:3351).
[2020.12.16-13.12.57:598][826]LogSlate: Took 0.001521 seconds to synchronously load lazily loaded font '../../../Engine/Content/Slate/Fonts/Roboto-Light.ttf' (167K)
[2020.12.16-13.12.57:620][826]LogAssetEditorSubsystem: Opening Asset editor for Blueprint /Game/(PRG)Everyone/MonSuperSeau.MonSuperSeau
[2020.12.16-13.12.58:013][826]LogContentBrowser: Native class hierarchy updated for 'BlueprintGraph' in 0.0005 seconds. Added 125 classes and 0 folders.
[2020.12.16-13.12.59:089][826]LogSlate: Took 0.008238 seconds to synchronously load lazily loaded font '../../../Engine/Content/Slate/Fonts/Roboto-BoldCondensed.ttf' (158K)
[2020.12.16-13.12.59:198][827]LogSlate: Took 0.007508 seconds to synchronously load lazily loaded font '../../../Engine/Content/Slate/Fonts/Roboto-Italic.ttf' (157K)
[2020.12.16-13.13.11:334][903]LogSlate: Window 'MonSuperSeau' being destroyed
[2020.12.16-13.13.11:343][903]LogWorld: UWorld::CleanupWorld for World_6, bSessionEnded=true, bCleanupResources=true
[2020.12.16-13.13.11:344][903]LogSlate: InvalidateAllWidgets triggered.  All widgets were invalidated
[2020.12.16-13.13.15:656][345]LogAssetEditorSubsystem: Opening Asset editor for Blueprint /Game/(PRG)Everyone/MonSuperSeau.MonSuperSeau
[2020.12.16-13.14.09:013][417]BlueprintLog: New page: Compile MonSuperSeau
[2020.12.16-13.14.09:273][417]LogUObjectHash: Compacting FUObjectHashTables data took   1.95ms
[2020.12.16-13.14.09:342][417]LogSlate: Took 0.000986 seconds to synchronously load lazily loaded font '../../../Engine/Content/Slate/Fonts/DroidSansMono.ttf' (77K)
[2020.12.16-13.14.09:870][471]LogTemp: Repeating last play command: New Editor Window (PIE)
[2020.12.16-13.14.09:925][471]LogPlayLevel: PlayLevel: No blueprints needed recompiling
[2020.12.16-13.14.09:926][471]PIE: New page: PIE session: ThirdPersonExampleMap (Dec 16, 2020, 3:14:09 PM)
[2020.12.16-13.14.09:937][471]LogOnline: OSS: Creating online subsystem instance for: NULL
[2020.12.16-13.14.09:943][471]LogOnline: OSS: TryLoadSubsystemAndSetDefault: Loaded subsystem for module [NULL]
[2020.12.16-13.14.09:945][471]LogPlayLevel: Creating play world package: /Game/ThirdPersonBP/Maps/UEDPIE_0_ThirdPersonExampleMap
[2020.12.16-13.14.10:193][471]LogPlayLevel: PIE: StaticDuplicateObject took: (0.247564s)
[2020.12.16-13.14.10:196][471]LogAIModule: Creating AISystem for world ThirdPersonExampleMap
[2020.12.16-13.14.10:196][471]LogAISub: UAISubsystem::UAISubsystem EnvQueryManager (000002268CA3FE00), frame # 10471
[2020.12.16-13.14.10:196][471]LogAISub: UAISubsystem::UAISubsystem AIPerceptionSystem (000002265E6C8680), frame # 10471
[2020.12.16-13.14.10:198][471]LogPlayLevel: PIE: World Init took: (0.005028s)
[2020.12.16-13.14.10:199][471]LogPlayLevel: PIE: Created PIE world by copying editor world from /Game/ThirdPersonBP/Maps/ThirdPersonExampleMap.ThirdPersonExampleMap to /Game/ThirdPersonBP/Maps/UEDPIE_0_ThirdPersonExampleMap.ThirdPersonExampleMap (0.253542s)
[2020.12.16-13.14.10:218][471]LogUObjectHash: Compacting FUObjectHashTables data took   1.98ms
[2020.12.16-13.14.10:223][471]LogAudioMixer: Display: Audio Mixer Platform Settings:
[2020.12.16-13.14.10:223][471]LogAudioMixer: Display: 	Sample Rate:						  48000
[2020.12.16-13.14.10:223][471]LogAudioMixer: Display: 	Callback Buffer Frame Size Requested: 1024
[2020.12.16-13.14.10:223][471]LogAudioMixer: Display: 	Callback Buffer Frame Size To Use:	  1024
[2020.12.16-13.14.10:223][471]LogAudioMixer: Display: 	Number of buffers to queue:			  2
[2020.12.16-13.14.10:223][471]LogAudioMixer: Display: 	Max Channels (voices):				  32
[2020.12.16-13.14.10:223][471]LogAudioMixer: Display: 	Number of Async Source Workers:		  0
[2020.12.16-13.14.10:223][471]LogAudio: Display: AudioDevice MaxSources: 32
[2020.12.16-13.14.10:228][471]LogAudio: Display: Using built-in audio occlusion.
[2020.12.16-13.14.10:228][471]LogAudioMixer: Display: Initializing audio mixer.
[2020.12.16-13.14.10:243][471]LogAudioMixer: Display: 0: FrontLeft
[2020.12.16-13.14.10:243][471]LogAudioMixer: Display: 1: FrontRight
[2020.12.16-13.14.10:284][471]LogAudioMixer: Display: Using Audio Device Headset Earphone (HyperX Virtual Surround Sound)
[2020.12.16-13.14.10:287][471]LogAudioMixer: Display: Initializing Sound Submixes...
[2020.12.16-13.14.10:287][471]LogAudioMixer: Display: Creating Master Submix 'MasterSubmixDefault'
[2020.12.16-13.14.10:288][471]LogAudioMixer: Display: Creating Master Submix 'MasterReverbSubmixDefault'
[2020.12.16-13.14.10:289][471]LogAudioMixer: Display: Creating Master Submix 'MasterEQSubmixDefault'
[2020.12.16-13.14.10:297][471]LogInit: FAudioDevice initialized.
[2020.12.16-13.14.10:332][471]LogSlate: Updating window title bar state: overlay mode, drag disabled, window buttons hidden, title bar hidden
[2020.12.16-13.14.10:334][471]LogLoad: Game class is 'ThirdPersonGameMode_C'
[2020.12.16-13.14.10:347][471]LogPhysics: Warning: Scale for /Game/ThirdPersonBP/Maps/UEDPIE_0_ThirdPersonExampleMap.ThirdPersonExampleMap:PersistentLevel.Scie_2.Saw has a component set to zero, which will result in a bad body instance. Scale:X=1.000 Y=0.000 Z=1.000
[2020.12.16-13.14.10:348][471]LogPhysics: Warning: Scale for /Game/ThirdPersonBP/Maps/UEDPIE_0_ThirdPersonExampleMap.ThirdPersonExampleMap:PersistentLevel.Scie_2.Trigger has a component set to zero, which will result in a bad body instance. Scale:X=1.800 Y=0.000 Z=1.500
[2020.12.16-13.14.10:351][471]LogWorld: Bringing World /Game/ThirdPersonBP/Maps/UEDPIE_0_ThirdPersonExampleMap.ThirdPersonExampleMap up for play (max tick rate 0) at 2020.12.16-14.14.10
[2020.12.16-13.14.10:353][471]LogWorld: Bringing up level for play took: 0.006711
[2020.12.16-13.14.10:355][471]LogOnline: OSS: Creating online subsystem instance for: :Context_9
[2020.12.16-13.14.10:393][471]LogContentBrowser: Native class hierarchy updated for 'MovieSceneCapture' in 0.0004 seconds. Added 20 classes and 0 folders.
[2020.12.16-13.14.10:417][471]LogPlayerManagement: Error: Failed to Create Player: Maximum number of players (4) already created.  Unable to create more.
[2020.12.16-13.14.10:424][471]PIE: Server logged in
[2020.12.16-13.14.10:427][471]PIE: Play in editor total start time 0.511 seconds.
[2020.12.16-13.14.10:476][471]LogSlate: New Slate User Created.  User Index 2, Is Virtual User: 0
[2020.12.16-13.14.10:477][471]LogSlate: Slate User Registered.  User Index 2, Is Virtual User: 0
[2020.12.16-13.14.10:477][471]LogSlate: New Slate User Created.  User Index 3, Is Virtual User: 0
[2020.12.16-13.14.10:479][471]LogSlate: Slate User Registered.  User Index 3, Is Virtual User: 0
[2020.12.16-13.14.20:083][277]LogSlate: Updating window title bar state: overlay mode, drag disabled, window buttons hidden, title bar hidden
[2020.12.16-13.14.20:083][277]LogWorld: BeginTearingDown for /Game/ThirdPersonBP/Maps/UEDPIE_0_ThirdPersonExampleMap
[2020.12.16-13.14.20:085][277]LogSlate: Window 'BBTB Preview [NetMode: Standalone] (64-bit/Windows) ' being destroyed
[2020.12.16-13.14.20:094][277]LogWorld: UWorld::CleanupWorld for ThirdPersonExampleMap, bSessionEnded=true, bCleanupResources=true
[2020.12.16-13.14.20:096][277]LogSlate: InvalidateAllWidgets triggered.  All widgets were invalidated
[2020.12.16-13.14.20:104][277]LogPlayLevel: Display: Shutting down PIE online subsystems
[2020.12.16-13.14.20:111][277]LogSlate: InvalidateAllWidgets triggered.  All widgets were invalidated
[2020.12.16-13.14.20:174][277]LogAISub: UAISubsystem::~UAISubsystem AIPerceptionSystem (000002265E6C8680), frame # 11277
[2020.12.16-13.14.20:174][277]LogAISub: UAISubsystem::~UAISubsystem EnvQueryManager (000002268CA3FE00), frame # 11277
[2020.12.16-13.14.20:201][277]LogUObjectHash: Compacting FUObjectHashTables data took   3.16ms
[2020.12.16-13.14.20:266][278]LogPlayLevel: Display: Destroying online subsystem :Context_9
[2020.12.16-13.14.36:420][990]LogSlate: Window 'MonSuperSeau' being destroyed
[2020.12.16-13.14.41:758][497]LogTemp: Repeating last play command: New Editor Window (PIE)
[2020.12.16-13.14.41:811][497]LogPlayLevel: PlayLevel: No blueprints needed recompiling
[2020.12.16-13.14.41:811][497]PIE: New page: PIE session: ThirdPersonExampleMap (Dec 16, 2020, 3:14:41 PM)
[2020.12.16-13.14.41:811][497]LogPlayLevel: Creating play world package: /Game/ThirdPersonBP/Maps/UEDPIE_0_ThirdPersonExampleMap
[2020.12.16-13.14.41:826][497]LogPlayLevel: PIE: StaticDuplicateObject took: (0.014619s)
[2020.12.16-13.14.41:827][497]LogAIModule: Creating AISystem for world ThirdPersonExampleMap
[2020.12.16-13.14.41:827][497]LogAISub: UAISubsystem::UAISubsystem EnvQueryManager (0000022699842600), frame # 13497
[2020.12.16-13.14.41:827][497]LogAISub: UAISubsystem::UAISubsystem AIPerceptionSystem (0000022684865A80), frame # 13497
[2020.12.16-13.14.41:827][497]LogPlayLevel: PIE: World Init took: (0.001669s)
[2020.12.16-13.14.41:828][497]LogPlayLevel: PIE: Created PIE world by copying editor world from /Game/ThirdPersonBP/Maps/ThirdPersonExampleMap.ThirdPersonExampleMap to /Game/ThirdPersonBP/Maps/UEDPIE_0_ThirdPersonExampleMap.ThirdPersonExampleMap (0.016439s)
[2020.12.16-13.14.41:863][497]LogUObjectHash: Compacting FUObjectHashTables data took   2.87ms
[2020.12.16-13.14.41:866][497]LogAudioMixer: Display: Audio Mixer Platform Settings:
[2020.12.16-13.14.41:866][497]LogAudioMixer: Display: 	Sample Rate:						  48000
[2020.12.16-13.14.41:866][497]LogAudioMixer: Display: 	Callback Buffer Frame Size Requested: 1024
[2020.12.16-13.14.41:866][497]LogAudioMixer: Display: 	Callback Buffer Frame Size To Use:	  1024
[2020.12.16-13.14.41:866][497]LogAudioMixer: Display: 	Number of buffers to queue:			  2
[2020.12.16-13.14.41:866][497]LogAudioMixer: Display: 	Max Channels (voices):				  32
[2020.12.16-13.14.41:866][497]LogAudioMixer: Display: 	Number of Async Source Workers:		  0
[2020.12.16-13.14.41:866][497]LogAudio: Display: AudioDevice MaxSources: 32
[2020.12.16-13.14.41:867][497]LogAudio: Display: Using built-in audio occlusion.
[2020.12.16-13.14.41:867][497]LogAudioMixer: Display: Initializing audio mixer.
[2020.12.16-13.14.41:876][497]LogAudioMixer: Display: 0: FrontLeft
[2020.12.16-13.14.41:876][497]LogAudioMixer: Display: 1: FrontRight
[2020.12.16-13.14.41:903][497]LogAudioMixer: Display: Using Audio Device Headset Earphone (HyperX Virtual Surround Sound)
[2020.12.16-13.14.41:904][497]LogAudioMixer: Display: Initializing Sound Submixes...
[2020.12.16-13.14.41:904][497]LogAudioMixer: Display: Creating Master Submix 'MasterSubmixDefault'
[2020.12.16-13.14.41:904][497]LogAudioMixer: Display: Creating Master Submix 'MasterReverbSubmixDefault'
[2020.12.16-13.14.41:904][497]LogAudioMixer: Display: Creating Master Submix 'MasterEQSubmixDefault'
[2020.12.16-13.14.41:917][497]LogInit: FAudioDevice initialized.
[2020.12.16-13.14.41:944][497]LogSlate: Updating window title bar state: overlay mode, drag disabled, window buttons hidden, title bar hidden
[2020.12.16-13.14.41:944][497]LogLoad: Game class is 'ThirdPersonGameMode_C'
[2020.12.16-13.14.41:945][497]LogPhysics: Warning: Scale for /Game/ThirdPersonBP/Maps/UEDPIE_0_ThirdPersonExampleMap.ThirdPersonExampleMap:PersistentLevel.Scie_2.Saw has a component set to zero, which will result in a bad body instance. Scale:X=1.000 Y=0.000 Z=1.000
[2020.12.16-13.14.41:945][497]LogPhysics: Warning: Scale for /Game/ThirdPersonBP/Maps/UEDPIE_0_ThirdPersonExampleMap.ThirdPersonExampleMap:PersistentLevel.Scie_2.Trigger has a component set to zero, which will result in a bad body instance. Scale:X=1.800 Y=0.000 Z=1.500
[2020.12.16-13.14.41:948][497]LogWorld: Bringing World /Game/ThirdPersonBP/Maps/UEDPIE_0_ThirdPersonExampleMap.ThirdPersonExampleMap up for play (max tick rate 0) at 2020.12.16-14.14.41
[2020.12.16-13.14.41:948][497]LogWorld: Bringing up level for play took: 0.003351
[2020.12.16-13.14.41:948][497]LogOnline: OSS: Creating online subsystem instance for: :Context_10
[2020.12.16-13.14.41:952][497]LogPlayerManagement: Error: Failed to Create Player: Maximum number of players (4) already created.  Unable to create more.
[2020.12.16-13.14.41:954][497]PIE: Server logged in
[2020.12.16-13.14.41:955][497]PIE: Play in editor total start time 0.154 seconds.
[2020.12.16-13.15.01:208][750]LogSlate: Updating window title bar state: overlay mode, drag disabled, window buttons hidden, title bar hidden
[2020.12.16-13.15.01:208][750]LogWorld: BeginTearingDown for /Game/ThirdPersonBP/Maps/UEDPIE_0_ThirdPersonExampleMap
[2020.12.16-13.15.01:209][750]LogSlate: Window 'BBTB Preview [NetMode: Standalone] (64-bit/Windows) ' being destroyed
[2020.12.16-13.15.01:217][750]LogWorld: UWorld::CleanupWorld for ThirdPersonExampleMap, bSessionEnded=true, bCleanupResources=true
[2020.12.16-13.15.01:217][750]LogSlate: InvalidateAllWidgets triggered.  All widgets were invalidated
[2020.12.16-13.15.01:226][750]LogPlayLevel: Display: Shutting down PIE online subsystems
[2020.12.16-13.15.01:230][750]LogSlate: InvalidateAllWidgets triggered.  All widgets were invalidated
[2020.12.16-13.15.01:273][750]LogAISub: UAISubsystem::~UAISubsystem EnvQueryManager (0000022699842600), frame # 15750
[2020.12.16-13.15.01:273][750]LogAISub: UAISubsystem::~UAISubsystem AIPerceptionSystem (0000022684865A80), frame # 15750
[2020.12.16-13.15.01:275][750]LogUObjectHash: Compacting FUObjectHashTables data took   2.42ms
[2020.12.16-13.15.01:396][751]LogPlayLevel: Display: Destroying online subsystem :Context_10
[2020.12.16-13.15.44:306][137]LogAssetEditorSubsystem: Opening Asset editor for World /Game/(PRG)Jonathan/GameOver.GameOver
[2020.12.16-13.15.44:335][137]LogUObjectHash: Compacting FUObjectHashTables data took   2.39ms
[2020.12.16-13.15.46:693][137]LogSlate: Window 'Save Content' being destroyed
[2020.12.16-13.15.46:717][137]Cmd: OBJ SAVEPACKAGE PACKAGE="/Game/(PRG)Everyone/MonSuperSeau" FILE="G:/Fork/Bone_To_Be_Bad/Content/(PRG)Everyone/MonSuperSeau.uasset" SILENT=true
[2020.12.16-13.15.47:419][137]LogSavePackage: Moving 'G:/Fork/Bone_To_Be_Bad/Saved/MonSuperSeauE889C429440B9B7E0FFDC19C9D413946.tmp' to 'G:/Fork/Bone_To_Be_Bad/Content/(PRG)Everyone/MonSuperSeau.uasset'
[2020.12.16-13.15.47:454][137]Cmd: OBJ SAVEPACKAGE PACKAGE="/Game/(PRG)Jonathan/GameOver" FILE="G:/Fork/Bone_To_Be_Bad/Content/(PRG)Jonathan/GameOver.umap" SILENT=true AUTOSAVING=false KEEPDIRTY=false
[2020.12.16-13.15.47:492][137]LogUObjectHash: Compacting FUObjectHashTables data took   2.11ms
[2020.12.16-13.15.47:507][137]LogSavePackage: Moving 'G:/Fork/Bone_To_Be_Bad/Saved/GameOver506CA5F04AD5A4302597A9A73A52C311.tmp' to 'G:/Fork/Bone_To_Be_Bad/Content/(PRG)Jonathan/GameOver.umap'
[2020.12.16-13.15.47:521][137]LogFileHelpers: Saving map 'GameOver' took 0.067
[2020.12.16-13.15.47:556][137]LogUObjectHash: Compacting FUObjectHashTables data took   0.50ms
[2020.12.16-13.15.48:200][137]LogSavePackage: Moving 'G:/Fork/Bone_To_Be_Bad/Saved/ThirdPersonExampleMap886DB133497D69CECA16CEA6E94AD15A.tmp' to 'G:/Fork/Bone_To_Be_Bad/Content/ThirdPersonBP/Maps/ThirdPersonExampleMap.umap'
[2020.12.16-13.15.48:335][137]LogFileHelpers: Saving map 'ThirdPersonExampleMap' took 0.814
[2020.12.16-13.15.48:335][137]Cmd: OBJ SAVEPACKAGE PACKAGE="/Game/ThirdPersonBP/Maps/ThirdPersonExampleMap_BuiltData" FILE="G:/Fork/Bone_To_Be_Bad/Content/ThirdPersonBP/Maps/ThirdPersonExampleMap_BuiltData.uasset" SILENT=true
[2020.12.16-13.15.48:705][137]LogSavePackage: Moving 'G:/Fork/Bone_To_Be_Bad/Saved/ThirdPersonExampleMap_BuiltData141567514A66B6F11507388B5C32BCF5.tmp' to 'G:/Fork/Bone_To_Be_Bad/Content/ThirdPersonBP/Maps/ThirdPersonExampleMap_BuiltData.uasset'
[2020.12.16-13.15.48:731][137]Cmd: MAP LOAD FILE="G:/Fork/Bone_To_Be_Bad/Content/(PRG)Jonathan/GameOver.umap" TEMPLATE=0 SHOWPROGRESS=1 FEATURELEVEL=3
[2020.12.16-13.15.48:732][137]LightingResults: New page: Lighting Build
[2020.12.16-13.15.48:734][137]LoadErrors: New page: Loading map: GameOver.umap
[2020.12.16-13.15.48:739][137]LogWorld: UWorld::CleanupWorld for ThirdPersonExampleMap, bSessionEnded=true, bCleanupResources=true
[2020.12.16-13.15.48:740][137]LogSlate: InvalidateAllWidgets triggered.  All widgets were invalidated
[2020.12.16-13.15.48:741][137]MapCheck: New page: Map Check
[2020.12.16-13.15.48:741][137]LightingResults: New page: Lighting Build
[2020.12.16-13.15.48:767][137]LogAISub: UAISubsystem::~UAISubsystem EnvQueryManager (00000226429C0E00), frame # 20137
[2020.12.16-13.15.48:767][137]LogAISub: UAISubsystem::~UAISubsystem AIPerceptionSystem (0000022642B10F40), frame # 20137
[2020.12.16-13.15.48:770][137]LogUObjectHash: Compacting FUObjectHashTables data took   2.67ms
[2020.12.16-13.15.48:777][137]LogEditorServer: Finished looking for orphan Actors (0.000 secs)
[2020.12.16-13.15.48:778][137]LogAIModule: Creating AISystem for world GameOver
[2020.12.16-13.15.48:778][137]LogAISub: UAISubsystem::UAISubsystem EnvQueryManager (000002266C826200), frame # 20137
[2020.12.16-13.15.48:778][137]LogAISub: UAISubsystem::UAISubsystem AIPerceptionSystem (00000226C9BC7380), frame # 20137
[2020.12.16-13.15.48:803][137]LogUObjectHash: Compacting FUObjectHashTables data took   2.06ms
[2020.12.16-13.15.48:888][137]Cmd: MAP CHECKDEP NOCLEARLOG
[2020.12.16-13.15.48:888][137]MapCheck: Map check complete: 0 Error(s), 0 Warning(s), took 0.075ms to complete.
[2020.12.16-13.15.48:888][137]LogFileHelpers: Loading map 'GameOver' took 0.157
[2020.12.16-13.15.49:004][137]AssetCheck: New page: Asset Save: multiple assets
[2020.12.16-13.15.49:004][137]LogContentValidation: Display: Validating Blueprint /Game/(PRG)Everyone/MonSuperSeau.MonSuperSeau
[2020.12.16-13.15.49:004][137]LogContentValidation: Display: Validating World /Game/(PRG)Jonathan/GameOver.GameOver
[2020.12.16-13.15.49:004][137]LogContentValidation: Display: Validating World /Game/ThirdPersonBP/Maps/ThirdPersonExampleMap.ThirdPersonExampleMap
[2020.12.16-13.15.49:062][137]LogContentValidation: Display: Validating MapBuildDataRegistry /Game/ThirdPersonBP/Maps/ThirdPersonExampleMap_BuiltData.ThirdPersonExampleMap_BuiltData
[2020.12.16-13.17.31:735][754]LogUObjectHash: Compacting FUObjectHashTables data took  11.02ms
[2020.12.16-13.17.32:213][754]LogWorld: UWorld::CleanupWorld for World_7, bSessionEnded=true, bCleanupResources=true
[2020.12.16-13.17.32:213][754]LogSlate: InvalidateAllWidgets triggered.  All widgets were invalidated
[2020.12.16-13.17.32:736][754]LogSlate: Window 'BBTB - Unreal Editor' being destroyed
[2020.12.16-13.17.32:743][754]LogWindowsTextInputMethodSystem: Display: IME system now deactivated.
[2020.12.16-13.17.33:270][755]Cmd: QUIT_EDITOR
[2020.12.16-13.17.33:270][755]LogCore: Engine exit requested (reason: UUnrealEdEngine::CloseEditor())
[2020.12.16-13.17.33:355][755]LogCore: Engine exit requested (reason: EngineExit() was called; note: exit was already requested)
[2020.12.16-13.17.33:643][755]LogExit: Preparing to exit.
[2020.12.16-13.17.34:328][755]LogWorld: UWorld::CleanupWorld for World_1, bSessionEnded=true, bCleanupResources=true
[2020.12.16-13.17.34:331][755]LogWorld: UWorld::CleanupWorld for World_2, bSessionEnded=true, bCleanupResources=true
[2020.12.16-13.17.34:334][755]LogWorld: UWorld::CleanupWorld for World_3, bSessionEnded=true, bCleanupResources=true
[2020.12.16-13.17.34:337][755]LogWorld: UWorld::CleanupWorld for World_4, bSessionEnded=true, bCleanupResources=true
[2020.12.16-13.17.34:340][755]LogWorld: UWorld::CleanupWorld for World_5, bSessionEnded=true, bCleanupResources=true
[2020.12.16-13.17.34:343][755]LogWorld: UWorld::CleanupWorld for World_8, bSessionEnded=true, bCleanupResources=true
[2020.12.16-13.17.34:346][755]LogWorld: UWorld::CleanupWorld for World_0, bSessionEnded=true, bCleanupResources=true
[2020.12.16-13.17.34:350][755]LogWorld: UWorld::CleanupWorld for World_9, bSessionEnded=true, bCleanupResources=true
[2020.12.16-13.17.34:457][755]LogDemo: Cleaned up 0 splitscreen connections with owner deletion
[2020.12.16-13.17.34:533][755]LogWorld: UWorld::CleanupWorld for None, bSessionEnded=true, bCleanupResources=true
[2020.12.16-13.17.34:537][755]LogExit: Editor shut down
[2020.12.16-13.17.34:542][755]LogExit: Transaction tracking system shut down
[2020.12.16-13.17.35:919][755]LogAISub: UAISubsystem::~UAISubsystem AISubsystem (0000022650216500), frame # 23755
[2020.12.16-13.17.35:919][755]LogAISub: UAISubsystem::~UAISubsystem AIPerceptionSystem (00000226501F0540), frame # 23755
[2020.12.16-13.17.35:921][755]LogAISub: UAISubsystem::~UAISubsystem EnvQueryManager (0000022650346C00), frame # 23755
[2020.12.16-13.17.36:223][755]LogAISub: UAISubsystem::~UAISubsystem AIPerceptionSystem (00000226C9BC7380), frame # 23755
[2020.12.16-13.17.36:223][755]LogAISub: UAISubsystem::~UAISubsystem EnvQueryManager (000002266C826200), frame # 23755
[2020.12.16-13.17.36:758][755]LogExit: Object subsystem successfully closed.
[2020.12.16-13.17.36:851][755]LogShaderCompilers: Display: Shaders left to compile 0
[2020.12.16-13.17.37:148][755]LogModuleManager: Shutting down and abandoning module MovieSceneCapture (800)
[2020.12.16-13.17.37:148][755]LogModuleManager: Shutting down and abandoning module Voice (798)
[2020.12.16-13.17.37:149][755]LogModuleManager: Shutting down and abandoning module BlueprintGraph (796)
[2020.12.16-13.17.37:153][755]LogModuleManager: Shutting down and abandoning module ExternalImagePicker (794)
[2020.12.16-13.17.37:153][755]LogModuleManager: Shutting down and abandoning module HierarchicalLODOutliner (792)
[2020.12.16-13.17.37:154][755]LogModuleManager: Shutting down and abandoning module SceneOutliner (790)
[2020.12.16-13.17.37:154][755]LogModuleManager: Shutting down and abandoning module AddContentDialog (788)
[2020.12.16-13.17.37:192][755]LogModuleManager: Shutting down and abandoning module WidgetCarousel (787)
[2020.12.16-13.17.37:192][755]LogModuleManager: Shutting down and abandoning module EditorWidgets (784)
[2020.12.16-13.17.37:192][755]LogModuleManager: Shutting down and abandoning module CollectionManager (782)
[2020.12.16-13.17.37:193][755]LogModuleManager: Shutting down and abandoning module StatsViewer (780)
[2020.12.16-13.17.37:195][755]LogModuleManager: Shutting down and abandoning module VirtualTexturingEditor (778)
[2020.12.16-13.17.37:195][755]LogModuleManager: Shutting down and abandoning module FoliageEdit (776)
[2020.12.16-13.17.37:197][755]LogModuleManager: Shutting down and abandoning module LandscapeEditor (774)
[2020.12.16-13.17.37:203][755]LogModuleManager: Shutting down and abandoning module MeshPaintMode (772)
[2020.12.16-13.17.37:204][755]LogModuleManager: Shutting down and abandoning module SceneDepthPickerMode (770)
[2020.12.16-13.17.37:204][755]LogModuleManager: Shutting down and abandoning module ActorPickerMode (768)
[2020.12.16-13.17.37:204][755]LogModuleManager: Shutting down and abandoning module PIEPreviewDeviceProfileSelector (766)
[2020.12.16-13.17.37:206][755]LogModuleManager: Shutting down and abandoning module SequenceRecorderSections (764)
[2020.12.16-13.17.37:207][755]LogModuleManager: Shutting down and abandoning module AutomationWorker (762)
[2020.12.16-13.17.37:208][755]LogModuleManager: Shutting down and abandoning module SteamVREditor (760)
[2020.12.16-13.17.37:209][755]LogModuleManager: Shutting down and abandoning module OculusMR (758)
[2020.12.16-13.17.37:209][755]LogModuleManager: Shutting down and abandoning module GooglePADEditor (756)
[2020.12.16-13.17.37:210][755]LogModuleManager: Shutting down and abandoning module AudioCaptureEditor (754)
[2020.12.16-13.17.37:211][755]LogModuleManager: Shutting down and abandoning module TemplateSequenceEditor (752)
[2020.12.16-13.17.37:217][755]LogModuleManager: Shutting down and abandoning module MatineeToLevelSequence (750)
[2020.12.16-13.17.37:219][755]LogModuleManager: Shutting down and abandoning module LevelSequenceEditor (748)
[2020.12.16-13.17.37:225][755]LogModuleManager: Shutting down and abandoning module ActorSequenceEditor (746)
[2020.12.16-13.17.37:226][755]LogModuleManager: Shutting down and abandoning module WmfMediaFactory (744)
[2020.12.16-13.17.37:226][755]LogModuleManager: Shutting down and abandoning module WmfMediaEditor (742)
[2020.12.16-13.17.37:226][755]LogModuleManager: Shutting down and abandoning module WebMMediaFactory (740)
[2020.12.16-13.17.37:226][755]LogModuleManager: Shutting down and abandoning module WebMMediaEditor (738)
[2020.12.16-13.17.37:226][755]LogModuleManager: Shutting down and abandoning module WebMMedia (736)
[2020.12.16-13.17.37:227][755]LogModuleManager: Shutting down and abandoning module MediaPlayerEditor (734)
[2020.12.16-13.17.37:229][755]LogModuleManager: Shutting down and abandoning module MediaCompositingEditor (732)
[2020.12.16-13.17.37:231][755]LogModuleManager: Shutting down and abandoning module SequenceRecorder (731)
[2020.12.16-13.17.37:232][755]LogModuleManager: Shutting down and abandoning module OpenExrWrapper (728)
[2020.12.16-13.17.37:233][755]LogModuleManager: Shutting down and abandoning module ImgMediaFactory (726)
[2020.12.16-13.17.37:233][755]LogModuleManager: Shutting down and abandoning module ImgMediaEditor (724)
[2020.12.16-13.17.37:233][755]LogModuleManager: Shutting down and abandoning module AvfMediaFactory (722)
[2020.12.16-13.17.37:233][755]LogModuleManager: Shutting down and abandoning module AvfMediaEditor (720)
[2020.12.16-13.17.37:233][755]LogModuleManager: Shutting down and abandoning module AndroidMediaFactory (718)
[2020.12.16-13.17.37:233][755]LogModuleManager: Shutting down and abandoning module AndroidMediaEditor (716)
[2020.12.16-13.17.37:233][755]LogModuleManager: Shutting down and abandoning module SnapSystem (714)
[2020.12.16-13.17.37:234][755]LogModuleManager: Shutting down and abandoning module MagicLeapMediaCodecFactory (712)
[2020.12.16-13.17.37:234][755]LogModuleManager: Shutting down and abandoning module MagicLeapMediaFactory (710)
[2020.12.16-13.17.37:235][755]LogModuleManager: Shutting down and abandoning module MagicLeapMediaEditor (708)
[2020.12.16-13.17.37:235][755]LogModuleManager: Shutting down and abandoning module PlanarCut (706)
[2020.12.16-13.17.37:235][755]LogModuleManager: Shutting down and abandoning module CharacterAI (704)
[2020.12.16-13.17.37:235][755]LogModuleManager: Shutting down and abandoning module TextureAlignMode (702)
[2020.12.16-13.17.37:235][755]LogModuleManager: Shutting down and abandoning module BspMode (700)
[2020.12.16-13.17.37:237][755]LogModuleManager: Shutting down and abandoning module PlacementMode (699)
[2020.12.16-13.17.37:237][755]LogModuleManager: Shutting down and abandoning module GeometryMode (696)
[2020.12.16-13.17.37:237][755]LogModuleManager: Shutting down and abandoning module CameraShakePreviewer (694)
[2020.12.16-13.17.37:240][755]LogModuleManager: Shutting down and abandoning module SmartSnapping (692)
[2020.12.16-13.17.37:241][755]LogModuleManager: Shutting down and abandoning module SessionServices (690)
[2020.12.16-13.17.37:242][755]LogModuleManager: Shutting down and abandoning module MeshPaint (688)
[2020.12.16-13.17.37:244][755]LogModuleManager: Shutting down and abandoning module ViewportSnapping (686)
[2020.12.16-13.17.37:244][755]LogModuleManager: Shutting down and abandoning module ViewportInteraction (684)
[2020.12.16-13.17.37:244][755]LogModuleManager: Shutting down and abandoning module ClothPainter (682)
[2020.12.16-13.17.37:249][755]LogModuleManager: Shutting down and abandoning module SkeletalMeshEditor (681)
[2020.12.16-13.17.37:250][755]LogModuleManager: Shutting down and abandoning module LogVisualizer (678)
[2020.12.16-13.17.37:255][755]LogModuleManager: Shutting down and abandoning module IntroTutorials (676)
[2020.12.16-13.17.37:257][755]LogModuleManager: Shutting down and abandoning module GameProjectGeneration (675)
[2020.12.16-13.17.37:259][755]LogModuleManager: Shutting down and abandoning module LuminPlatformEditor (672)
[2020.12.16-13.17.37:259][755]LogModuleManager: Shutting down and abandoning module IOSPlatformEditor (670)
[2020.12.16-13.17.37:261][755]LogModuleManager: Shutting down and abandoning module AndroidPlatformEditor (668)
[2020.12.16-13.17.37:261][755]LogModuleManager: Shutting down and abandoning module AndroidDeviceDetection (667)
[2020.12.16-13.17.38:117][755]LogModuleManager: Shutting down and abandoning module WindowsPlatformEditor (664)
[2020.12.16-13.17.38:118][755]LogModuleManager: Shutting down and abandoning module LuminRuntimeSettings (662)
[2020.12.16-13.17.38:118][755]LogModuleManager: Shutting down and abandoning module IOSRuntimeSettings (660)
[2020.12.16-13.17.38:118][755]LogModuleManager: Shutting down and abandoning module AndroidRuntimeSettings (658)
[2020.12.16-13.17.38:118][755]LogModuleManager: Shutting down and abandoning module TraceInsights (656)
[2020.12.16-13.17.38:130][755]LogModuleManager: Shutting down and abandoning module TraceServices (655)
[2020.12.16-13.17.38:134][755]LogModuleManager: Shutting down and abandoning module EditorInteractiveToolsFramework (652)
[2020.12.16-13.17.38:134][755]LogModuleManager: Shutting down and abandoning module TimeManagementEditor (650)
[2020.12.16-13.17.38:135][755]LogModuleManager: Shutting down and abandoning module InputBindingEditor (648)
[2020.12.16-13.17.38:138][755]LogModuleManager: Shutting down and abandoning module MergeActors (646)
[2020.12.16-13.17.38:140][755]LogModuleManager: Shutting down and abandoning module LocalizationDashboard (644)
[2020.12.16-13.17.38:142][755]LogModuleManager: Shutting down and abandoning module LocalizationService (643)
[2020.12.16-13.17.38:143][755]LogModuleManager: Shutting down and abandoning module HardwareTargeting (640)
[2020.12.16-13.17.38:143][755]LogModuleManager: Shutting down and abandoning module DeviceProfileEditor (638)
[2020.12.16-13.17.38:144][755]LogModuleManager: Shutting down and abandoning module UndoHistory (636)
[2020.12.16-13.17.38:145][755]LogModuleManager: Shutting down and abandoning module XmlParser (634)
[2020.12.16-13.17.38:145][755]LogModuleManager: Shutting down and abandoning module Blutility (632)
[2020.12.16-13.17.38:145][755]LogModuleManager: Shutting down and abandoning module ProjectSettingsViewer (630)
[2020.12.16-13.17.38:148][755]LogModuleManager: Shutting down and abandoning module ProjectTargetPlatformEditor (629)
[2020.12.16-13.17.38:155][755]LogModuleManager: Shutting down and abandoning module EditorSettingsViewer (626)
[2020.12.16-13.17.38:156][755]LogModuleManager: Shutting down and abandoning module SettingsEditor (624)
[2020.12.16-13.17.38:157][755]LogModuleManager: Shutting down and abandoning module ProjectLauncher (622)
[2020.12.16-13.17.38:158][755]LogModuleManager: Shutting down and abandoning module SessionFrontend (620)
[2020.12.16-13.17.38:159][755]LogModuleManager: Shutting down and abandoning module ProfilerClient (618)
[2020.12.16-13.17.38:159][755]LogModuleManager: Shutting down and abandoning module DeviceManager (616)
[2020.12.16-13.17.38:161][755]LogModuleManager: Shutting down and abandoning module TargetDeviceServices (615)
[2020.12.16-13.17.38:199][755]LogModuleManager: Shutting down and abandoning module AutomationController (612)
[2020.12.16-13.17.38:200][755]LogModuleManager: Shutting down and abandoning module AutomationWindow (610)
[2020.12.16-13.17.38:201][755]LogModuleManager: Shutting down and abandoning module Layers (608)
[2020.12.16-13.17.38:203][755]LogModuleManager: Shutting down and abandoning module ComponentVisualizers (606)
[2020.12.16-13.17.38:204][755]LogModuleManager: Shutting down and abandoning module DetailCustomizations (604)
[2020.12.16-13.17.38:205][755]LogModuleManager: Shutting down and abandoning module PackagesDialog (602)
[2020.12.16-13.17.38:209][755]LogModuleManager: Shutting down and abandoning module AnimationBlueprintEditor (600)
[2020.12.16-13.17.38:211][755]LogModuleManager: Shutting down and abandoning module Persona (598)
[2020.12.16-13.17.38:215][755]LogModuleManager: Shutting down and abandoning module AdvancedPreviewScene (597)
[2020.12.16-13.17.38:215][755]LogModuleManager: Shutting down and abandoning module AnimGraph (595)
[2020.12.16-13.17.38:216][755]LogModuleManager: Shutting down and abandoning module Kismet (592)
[2020.12.16-13.17.38:306][755]LogModuleManager: Shutting down and abandoning module KismetWidgets (591)
[2020.12.16-13.17.38:307][755]LogModuleManager: Shutting down and abandoning module GraphEditor (588)
[2020.12.16-13.17.38:308][755]LogModuleManager: Shutting down and abandoning module StructViewer (586)
[2020.12.16-13.17.38:310][755]LogModuleManager: Shutting down and abandoning module ClassViewer (584)
[2020.12.16-13.17.38:311][755]LogModuleManager: Shutting down and abandoning module Toolbox (582)
[2020.12.16-13.17.38:311][755]LogModuleManager: Shutting down and abandoning module ModuleUI (580)
[2020.12.16-13.17.38:312][755]LogModuleManager: Shutting down and abandoning module OutputLog (578)
[2020.12.16-13.17.38:315][755]LogModuleManager: Shutting down and abandoning module GammaUI (576)
[2020.12.16-13.17.38:316][755]LogModuleManager: Shutting down and abandoning module Documentation (574)
