Log file open, 01/28/21 23:40:05
LogInit: Display: Running engine for game: BBTB
LogPlatformFile: Not using cached read wrapper
LogTaskGraph: Started task graph with 5 named threads and 23 total threads with 3 sets of task threads.
LogStats: Stats thread started at 7.010197
LogD3D11RHI: Loaded GFSDK_Aftermath_Lib.x64.dll
LogICUInternationalization: ICU TimeZone Detection - Raw Offset: +1:00, Platform Override: ''
LogPluginManager: Mounting plugin Paper2D
LogPluginManager: Mounting plugin AISupport
LogPluginManager: Mounting plugin LightPropagationVolume
LogPluginManager: Mounting plugin CameraShakePreviewer
LogPluginManager: Mounting plugin ActorLayerUtilities
LogPluginManager: Mounting plugin AnimationSharing
LogPluginManager: Mounting plugin CLionSourceCodeAccess
LogPluginManager: Mounting plugin CodeLiteSourceCodeAccess
LogPluginManager: Mounting plugin GitSourceControl
LogPluginManager: Mounting plugin KDevelopSourceCodeAccess
LogPluginManager: Mounting plugin NullSourceCodeAccess
LogPluginManager: Mounting plugin PerforceSourceControl
LogPluginManager: Mounting plugin PlasticSourceControl
LogPluginManager: Mounting plugin RiderSourceCodeAccess
LogPluginManager: Mounting plugin SubversionSourceControl
LogPluginManager: Mounting plugin UObjectPlugin
LogPluginManager: Mounting plugin VisualStudioCodeSourceCodeAccess
LogPluginManager: Mounting plugin VisualStudioSourceCodeAccess
LogPluginManager: Mounting plugin XCodeSourceCodeAccess
LogPluginManager: Mounting plugin AssetManagerEditor
LogPluginManager: Mounting plugin CryptoKeys
LogPluginManager: Mounting plugin CurveEditorTools
LogPluginManager: Mounting plugin DataValidation
LogPluginManager: Mounting plugin EditorScriptingUtilities
LogPluginManager: Mounting plugin FacialAnimation
LogPluginManager: Mounting plugin GameplayTagsEditor
LogPluginManager: Mounting plugin GeometryMode
LogPluginManager: Mounting plugin MacGraphicsSwitching
LogPluginManager: Mounting plugin MaterialAnalyzer
LogPluginManager: Mounting plugin MobileLauncherProfileWizard
LogPluginManager: Mounting plugin PluginBrowser
LogPluginManager: Mounting plugin SpeedTreeImporter
LogPluginManager: Mounting plugin DatasmithContent
LogPluginManager: Mounting plugin VariantManagerContent
LogPluginManager: Mounting plugin AlembicImporter
LogPluginManager: Mounting plugin AutomationUtils
LogPluginManager: Mounting plugin BackChannel
LogPluginManager: Mounting plugin ChaosCloth
LogPluginManager: Mounting plugin ChaosClothEditor
LogPluginManager: Mounting plugin ChaosEditor
LogPluginManager: Mounting plugin ChaosNiagara
LogPluginManager: Mounting plugin ChaosSolverPlugin
LogPluginManager: Mounting plugin CharacterAI
LogPluginManager: Mounting plugin GeometryCache
LogPluginManager: Mounting plugin GeometryCollectionPlugin
LogPluginManager: Mounting plugin GeometryProcessing
LogPluginManager: Mounting plugin PlanarCut
LogPluginManager: Mounting plugin PlatformCrypto
LogPluginManager: Mounting plugin ProxyLODPlugin
LogPluginManager: Mounting plugin SkeletalReduction
LogPluginManager: Mounting plugin Niagara
LogPluginManager: Mounting plugin MagicLeap
LogPluginManager: Mounting plugin MagicLeapLightEstimation
LogPluginManager: Mounting plugin MagicLeapMedia
LogPluginManager: Mounting plugin MagicLeapPassableWorld
LogPluginManager: Mounting plugin MLSDK
LogPluginManager: Mounting plugin AndroidMedia
LogPluginManager: Mounting plugin AvfMedia
LogPluginManager: Mounting plugin ImgMedia
LogPluginManager: Mounting plugin MediaCompositing
LogPluginManager: Mounting plugin MediaPlayerEditor
LogPluginManager: Mounting plugin WebMMedia
LogPluginManager: Mounting plugin WmfMedia
LogPluginManager: Mounting plugin MeshPainting
LogPluginManager: Mounting plugin TcpMessaging
LogPluginManager: Mounting plugin UdpMessaging
LogPluginManager: Mounting plugin ActorSequence
LogPluginManager: Mounting plugin LevelSequenceEditor
LogPluginManager: Mounting plugin MatineeToLevelSequence
LogPluginManager: Mounting plugin MovieRenderPipeline
LogPluginManager: Mounting plugin TemplateSequence
LogPluginManager: Mounting plugin NetcodeUnitTest
LogPluginManager: Mounting plugin NUTUnrealEngine4
LogPluginManager: Mounting plugin OnlineSubsystemGooglePlay
LogPluginManager: Mounting plugin OnlineSubsystemIOS
LogPluginManager: Mounting plugin OnlineSubsystem
LogPluginManager: Mounting plugin OnlineSubsystemNull
LogPluginManager: Mounting plugin OnlineSubsystemUtils
LogPluginManager: Mounting plugin LauncherChunkInstaller
LogPluginManager: Mounting plugin AndroidDeviceProfileSelector
LogPluginManager: Mounting plugin AndroidMoviePlayer
LogPluginManager: Mounting plugin AndroidPermission
LogPluginManager: Mounting plugin AppleImageUtils
LogPluginManager: Mounting plugin AppleMoviePlayer
LogPluginManager: Mounting plugin ArchVisCharacter
LogPluginManager: Mounting plugin AssetTags
LogPluginManager: Mounting plugin AudioCapture
LogPluginManager: Mounting plugin CableComponent
LogPluginManager: Mounting plugin CustomMeshComponent
LogPluginManager: Mounting plugin EditableMesh
LogPluginManager: Mounting plugin ExampleDeviceProfileSelector
LogPluginManager: Mounting plugin GoogleCloudMessaging
LogPluginManager: Mounting plugin GooglePAD
LogPluginManager: Mounting plugin IOSDeviceProfileSelector
LogPluginManager: Mounting plugin LinuxDeviceProfileSelector
LogPluginManager: Mounting plugin LocationServicesBPLibrary
LogPluginManager: Mounting plugin MobilePatchingUtils
LogPluginManager: Mounting plugin OculusVR
LogPluginManager: Mounting plugin PhysXVehicles
LogPluginManager: Mounting plugin PostSplashScreen
LogPluginManager: Mounting plugin ProceduralMeshComponent
LogPluginManager: Mounting plugin RuntimePhysXCooking
LogPluginManager: Mounting plugin SignificanceManager
LogPluginManager: Mounting plugin SoundFields
LogPluginManager: Mounting plugin SteamVR
LogPluginManager: Mounting plugin Synthesis
LogPluginManager: Mounting plugin WebMMoviePlayer
LogPluginManager: Mounting plugin WindowsMoviePlayer
LogPluginManager: Mounting plugin ScreenshotTools
LogInit: Using libcurl 7.55.1-DEV
LogInit:  - built for x86_64-pc-win32
LogInit:  - supports SSL with OpenSSL/1.1.1
LogInit:  - supports HTTP deflate (compression) using libz 1.2.8
LogInit:  - other features:
LogInit:      CURL_VERSION_SSL
LogInit:      CURL_VERSION_LIBZ
LogInit:      CURL_VERSION_IPV6
LogInit:      CURL_VERSION_ASYNCHDNS
LogInit:      CURL_VERSION_LARGEFILE
LogInit:      CURL_VERSION_IDN
LogInit:  CurlRequestOptions (configurable via config and command line):
LogInit:  - bVerifyPeer = true  - Libcurl will verify peer certificate
LogInit:  - bUseHttpProxy = false  - Libcurl will NOT use HTTP proxy
LogInit:  - bDontReuseConnections = false  - Libcurl will reuse connections
LogInit:  - MaxHostConnections = 16  - Libcurl will limit the number of connections to a host
LogInit:  - LocalHostAddr = Default
LogInit:  - BufferSize = 65536
LogOnline: OSS: Creating online subsystem instance for: NULL
LogInit: WinSock: version 1.1 (2.2), MaxSocks=32767, MaxUdp=65467
LogOnline: OSS: TryLoadSubsystemAndSetDefault: Loaded subsystem for module [NULL]
LogInit: Build: ++UE4+Release-4.25-CL-14469661
LogInit: Engine Version: 4.25.4-14469661+++UE4+Release-4.25
LogInit: Compatible Engine Version: 4.25.0-13144385+++UE4+Release-4.25
LogInit: Net CL: 13144385
LogInit: OS: Windows 10 (Release 1909) (), CPU: Intel(R) Core(TM) i7-6700K CPU @ 4.00GHz, GPU: NVIDIA GeForce GTX 1070
LogInit: Compiled (64-bit): Oct 11 2020 08:10:49
LogInit: Compiled with Visual C++: 19.24.28315.00
LogInit: Build Configuration: Development
LogInit: Branch Name: ++UE4+Release-4.25
LogInit: Command Line: 
LogInit: Base Directory: D:/Fortnite/UE_4.25/Engine/Binaries/Win64/
LogInit: Allocator: TBB
LogInit: Installed Engine Build: 1
LogDevObjectVersion: Number of dev versions registered: 26
LogDevObjectVersion:   Dev-Blueprints (B0D832E4-1F89-4F0D-ACCF-7EB736FD4AA2): 10
LogDevObjectVersion:   Dev-Build (E1C64328-A22C-4D53-A36C-8E866417BD8C): 0
LogDevObjectVersion:   Dev-Core (375EC13C-06E4-48FB-B500-84F0262A717E): 4
LogDevObjectVersion:   Dev-Editor (E4B068ED-F494-42E9-A231-DA0B2E46BB41): 38
LogDevObjectVersion:   Dev-Framework (CFFC743F-43B0-4480-9391-14DF171D2073): 37
LogDevObjectVersion:   Dev-Mobile (B02B49B5-BB20-44E9-A304-32B752E40360): 2
LogDevObjectVersion:   Dev-Networking (A4E4105C-59A1-49B5-A7C5-40C4547EDFEE): 0
LogDevObjectVersion:   Dev-Online (39C831C9-5AE6-47DC-9A44-9C173E1C8E7C): 0
LogDevObjectVersion:   Dev-Physics (78F01B33-EBEA-4F98-B9B4-84EACCB95AA2): 4
LogDevObjectVersion:   Dev-Platform (6631380F-2D4D-43E0-8009-CF276956A95A): 0
LogDevObjectVersion:   Dev-Rendering (12F88B9F-8875-4AFC-A67C-D90C383ABD29): 43
LogDevObjectVersion:   Dev-Sequencer (7B5AE74C-D270-4C10-A958-57980B212A5A): 12
LogDevObjectVersion:   Dev-VR (D7296918-1DD6-4BDD-9DE2-64A83CC13884): 3
LogDevObjectVersion:   Dev-LoadTimes (C2A15278-BFE7-4AFE-6C17-90FF531DF755): 1
LogDevObjectVersion:   Private-Geometry (6EACA3D4-40EC-4CC1-B786-8BED09428FC5): 3
LogDevObjectVersion:   Dev-AnimPhys (29E575DD-E0A3-4627-9D10-D276232CDCEA): 17
LogDevObjectVersion:   Dev-Anim (AF43A65D-7FD3-4947-9873-3E8ED9C1BB05): 7
LogDevObjectVersion:   Dev-ReflectionCapture (6B266CEC-1EC7-4B8F-A30B-E4D90942FC07): 1
LogDevObjectVersion:   Dev-Automation (0DF73D61-A23F-47EA-B727-89E90C41499A): 1
LogDevObjectVersion:   FortniteMain (601D1886-AC64-4F84-AA16-D3DE0DEAC7D6): 31
LogDevObjectVersion:   Dev-Enterprise (9DFFBCD6-494F-0158-E221-12823C92A888): 10
LogDevObjectVersion:   Dev-Niagara (F2AED0AC-9AFE-416F-8664-AA7FFA26D6FC): 1
LogDevObjectVersion:   Dev-Destruction (174F1F0B-B4C6-45A5-B13F-2EE8D0FB917D): 10
LogDevObjectVersion:   Dev-Physics-Ext (35F94A83-E258-406C-A318-09F59610247C): 37
LogDevObjectVersion:   Dev-PhysicsMaterial-Chaos (B68FC16E-8B1B-42E2-B453-215C058844FE): 1
LogDevObjectVersion:   Dev-CineCamera (B2E18506-4273-CFC2-A54E-F4BB758BBA07): 1
LogInit: Presizing for max 25165824 objects, including 0 objects not considered by GC, pre-allocating 0 bytes for permanent pool.
LogConfig: Applying CVar settings from Section [/Script/Engine.StreamingSettings] File [D:/Fork/Bone_To_Be_Bad/Saved/Config/Windows/Engine.ini]
LogConfig: Setting CVar [[s.MinBulkDataSizeForAsyncLoading:131072]]
LogConfig: Setting CVar [[s.AsyncLoadingThreadEnabled:0]]
LogConfig: Setting CVar [[s.EventDrivenLoaderEnabled:1]]
LogConfig: Setting CVar [[s.WarnIfTimeLimitExceeded:0]]
LogConfig: Setting CVar [[s.TimeLimitExceededMultiplier:1.5]]
LogConfig: Setting CVar [[s.TimeLimitExceededMinTime:0.005]]
LogConfig: Setting CVar [[s.UseBackgroundLevelStreaming:1]]
LogConfig: Setting CVar [[s.PriorityAsyncLoadingExtraTime:15.0]]
LogConfig: Setting CVar [[s.LevelStreamingActorsUpdateTimeLimit:5.0]]
LogConfig: Setting CVar [[s.PriorityLevelStreamingActorsUpdateExtraTime:5.0]]
LogConfig: Setting CVar [[s.LevelStreamingComponentsRegistrationGranularity:10]]
LogConfig: Setting CVar [[s.UnregisterComponentsTimeLimit:1.0]]
LogConfig: Setting CVar [[s.LevelStreamingComponentsUnregistrationGranularity:5]]
LogConfig: Setting CVar [[s.FlushStreamingOnExit:1]]
LogInit: Object subsystem initialized
LogConfig: Setting CVar [[con.DebugEarlyDefault:1]]
LogConfig: Setting CVar [[r.setres:1280x720]]
[2021.01.28-22.40.09:383][  0]LogConfig: Setting CVar [[r.VSync:0]]
[2021.01.28-22.40.09:383][  0]LogConfig: Setting CVar [[r.RHICmdBypass:0]]
[2021.01.28-22.40.09:402][  0]LogConfig: Applying CVar settings from Section [/Script/Engine.RendererSettings] File [D:/Fork/Bone_To_Be_Bad/Saved/Config/Windows/Engine.ini]
[2021.01.28-22.40.09:402][  0]LogConfig: Setting CVar [[r.GPUCrashDebugging:0]]
[2021.01.28-22.40.09:402][  0]LogConfig: Applying CVar settings from Section [/Script/Engine.RendererOverrideSettings] File [D:/Fork/Bone_To_Be_Bad/Saved/Config/Windows/Engine.ini]
[2021.01.28-22.40.09:402][  0]LogConfig: Applying CVar settings from Section [/Script/Engine.StreamingSettings] File [D:/Fork/Bone_To_Be_Bad/Saved/Config/Windows/Engine.ini]
[2021.01.28-22.40.09:402][  0]LogConfig: Setting CVar [[s.MinBulkDataSizeForAsyncLoading:131072]]
[2021.01.28-22.40.09:402][  0]LogConfig: Setting CVar [[s.AsyncLoadingThreadEnabled:0]]
[2021.01.28-22.40.09:402][  0]LogConfig: Setting CVar [[s.EventDrivenLoaderEnabled:1]]
[2021.01.28-22.40.09:402][  0]LogConfig: Setting CVar [[s.WarnIfTimeLimitExceeded:0]]
[2021.01.28-22.40.09:402][  0]LogConfig: Setting CVar [[s.TimeLimitExceededMultiplier:1.5]]
[2021.01.28-22.40.09:402][  0]LogConfig: Setting CVar [[s.TimeLimitExceededMinTime:0.005]]
[2021.01.28-22.40.09:402][  0]LogConfig: Setting CVar [[s.UseBackgroundLevelStreaming:1]]
[2021.01.28-22.40.09:402][  0]LogConfig: Setting CVar [[s.PriorityAsyncLoadingExtraTime:15.0]]
[2021.01.28-22.40.09:402][  0]LogConfig: Setting CVar [[s.LevelStreamingActorsUpdateTimeLimit:5.0]]
[2021.01.28-22.40.09:403][  0]LogConfig: Setting CVar [[s.PriorityLevelStreamingActorsUpdateExtraTime:5.0]]
[2021.01.28-22.40.09:403][  0]LogConfig: Setting CVar [[s.LevelStreamingComponentsRegistrationGranularity:10]]
[2021.01.28-22.40.09:403][  0]LogConfig: Setting CVar [[s.UnregisterComponentsTimeLimit:1.0]]
[2021.01.28-22.40.09:403][  0]LogConfig: Setting CVar [[s.LevelStreamingComponentsUnregistrationGranularity:5]]
[2021.01.28-22.40.09:403][  0]LogConfig: Setting CVar [[s.FlushStreamingOnExit:1]]
[2021.01.28-22.40.09:403][  0]LogConfig: Applying CVar settings from Section [/Script/Engine.GarbageCollectionSettings] File [D:/Fork/Bone_To_Be_Bad/Saved/Config/Windows/Engine.ini]
[2021.01.28-22.40.09:403][  0]LogConfig: Setting CVar [[gc.MaxObjectsNotConsideredByGC:1]]
[2021.01.28-22.40.09:403][  0]LogConfig: Setting CVar [[gc.SizeOfPermanentObjectPool:0]]
[2021.01.28-22.40.09:403][  0]LogConfig: Setting CVar [[gc.FlushStreamingOnGC:0]]
[2021.01.28-22.40.09:403][  0]LogConfig: Setting CVar [[gc.NumRetriesBeforeForcingGC:10]]
[2021.01.28-22.40.09:403][  0]LogConfig: Setting CVar [[gc.AllowParallelGC:1]]
[2021.01.28-22.40.09:403][  0]LogConfig: Setting CVar [[gc.TimeBetweenPurgingPendingKillObjects:61.1]]
[2021.01.28-22.40.09:403][  0]LogConfig: Setting CVar [[gc.MaxObjectsInEditor:25165824]]
[2021.01.28-22.40.09:403][  0]LogConfig: Setting CVar [[gc.IncrementalBeginDestroyEnabled:1]]
[2021.01.28-22.40.09:403][  0]LogConfig: Setting CVar [[gc.CreateGCClusters:1]]
[2021.01.28-22.40.09:403][  0]LogConfig: Setting CVar [[gc.MinGCClusterSize:5]]
[2021.01.28-22.40.09:403][  0]LogConfig: Setting CVar [[gc.ActorClusteringEnabled:0]]
[2021.01.28-22.40.09:403][  0]LogConfig: Setting CVar [[gc.BlueprintClusteringEnabled:0]]
[2021.01.28-22.40.09:403][  0]LogConfig: Setting CVar [[gc.UseDisregardForGCOnDedicatedServers:0]]
[2021.01.28-22.40.09:403][  0]LogConfig: Applying CVar settings from Section [/Script/Engine.NetworkSettings] File [D:/Fork/Bone_To_Be_Bad/Saved/Config/Windows/Engine.ini]
[2021.01.28-22.40.09:403][  0]LogConfig: Applying CVar settings from Section [/Script/UnrealEd.CookerSettings] File [D:/Fork/Bone_To_Be_Bad/Saved/Config/Windows/Engine.ini]
[2021.01.28-22.40.09:463][  0]LogConfig: Applying CVar settings from Section [ViewDistanceQuality@3] File [D:/Fork/Bone_To_Be_Bad/Saved/Config/Windows/Scalability.ini]
[2021.01.28-22.40.09:463][  0]LogConfig: Setting CVar [[r.SkeletalMeshLODBias:0]]
[2021.01.28-22.40.09:463][  0]LogConfig: Setting CVar [[r.ViewDistanceScale:1.0]]
[2021.01.28-22.40.09:463][  0]LogConfig: Applying CVar settings from Section [AntiAliasingQuality@3] File [D:/Fork/Bone_To_Be_Bad/Saved/Config/Windows/Scalability.ini]
[2021.01.28-22.40.09:463][  0]LogConfig: Setting CVar [[r.PostProcessAAQuality:4]]
[2021.01.28-22.40.09:463][  0]LogConfig: Applying CVar settings from Section [ShadowQuality@3] File [D:/Fork/Bone_To_Be_Bad/Saved/Config/Windows/Scalability.ini]
[2021.01.28-22.40.09:463][  0]LogConfig: Setting CVar [[r.LightFunctionQuality:1]]
[2021.01.28-22.40.09:463][  0]LogConfig: Setting CVar [[r.ShadowQuality:5]]
[2021.01.28-22.40.09:463][  0]LogConfig: Setting CVar [[r.Shadow.CSM.MaxCascades:10]]
[2021.01.28-22.40.09:463][  0]LogConfig: Setting CVar [[r.Shadow.MaxResolution:2048]]
[2021.01.28-22.40.09:463][  0]LogConfig: Setting CVar [[r.Shadow.MaxCSMResolution:2048]]
[2021.01.28-22.40.09:463][  0]LogConfig: Setting CVar [[r.Shadow.RadiusThreshold:0.01]]
[2021.01.28-22.40.09:463][  0]LogConfig: Setting CVar [[r.Shadow.DistanceScale:1.0]]
[2021.01.28-22.40.09:463][  0]LogConfig: Setting CVar [[r.Shadow.CSM.TransitionScale:1.0]]
[2021.01.28-22.40.09:463][  0]LogConfig: Setting CVar [[r.Shadow.PreShadowResolutionFactor:1.0]]
[2021.01.28-22.40.09:464][  0]LogConfig: Setting CVar [[r.DistanceFieldShadowing:1]]
[2021.01.28-22.40.09:464][  0]LogConfig: Setting CVar [[r.DistanceFieldAO:1]]
[2021.01.28-22.40.09:464][  0]LogConfig: Setting CVar [[r.AOQuality:2]]
[2021.01.28-22.40.09:464][  0]LogConfig: Setting CVar [[r.VolumetricFog:1]]
[2021.01.28-22.40.09:464][  0]LogConfig: Setting CVar [[r.VolumetricFog.GridPixelSize:8]]
[2021.01.28-22.40.09:464][  0]LogConfig: Setting CVar [[r.VolumetricFog.GridSizeZ:128]]
[2021.01.28-22.40.09:464][  0]LogConfig: Setting CVar [[r.VolumetricFog.HistoryMissSupersampleCount:4]]
[2021.01.28-22.40.09:464][  0]LogConfig: Setting CVar [[r.LightMaxDrawDistanceScale:1]]
[2021.01.28-22.40.09:464][  0]LogConfig: Setting CVar [[r.CapsuleShadows:1]]
[2021.01.28-22.40.09:464][  0]LogConfig: Applying CVar settings from Section [PostProcessQuality@3] File [D:/Fork/Bone_To_Be_Bad/Saved/Config/Windows/Scalability.ini]
[2021.01.28-22.40.09:464][  0]LogConfig: Setting CVar [[r.MotionBlurQuality:4]]
[2021.01.28-22.40.09:464][  0]LogConfig: Setting CVar [[r.AmbientOcclusionMipLevelFactor:0.4]]
[2021.01.28-22.40.09:464][  0]LogConfig: Setting CVar [[r.AmbientOcclusionMaxQuality:100]]
[2021.01.28-22.40.09:464][  0]LogConfig: Setting CVar [[r.AmbientOcclusionLevels:-1]]
[2021.01.28-22.40.09:464][  0]LogConfig: Setting CVar [[r.AmbientOcclusionRadiusScale:1.0]]
[2021.01.28-22.40.09:464][  0]LogConfig: Setting CVar [[r.DepthOfFieldQuality:2]]
[2021.01.28-22.40.09:464][  0]LogConfig: Setting CVar [[r.RenderTargetPoolMin:400]]
[2021.01.28-22.40.09:464][  0]LogConfig: Setting CVar [[r.LensFlareQuality:2]]
[2021.01.28-22.40.09:464][  0]LogConfig: Setting CVar [[r.SceneColorFringeQuality:1]]
[2021.01.28-22.40.09:464][  0]LogConfig: Setting CVar [[r.EyeAdaptationQuality:2]]
[2021.01.28-22.40.09:464][  0]LogConfig: Setting CVar [[r.BloomQuality:5]]
[2021.01.28-22.40.09:464][  0]LogConfig: Setting CVar [[r.FastBlurThreshold:100]]
[2021.01.28-22.40.09:464][  0]LogConfig: Setting CVar [[r.Upscale.Quality:3]]
[2021.01.28-22.40.09:464][  0]LogConfig: Setting CVar [[r.Tonemapper.GrainQuantization:1]]
[2021.01.28-22.40.09:464][  0]LogConfig: Setting CVar [[r.LightShaftQuality:1]]
[2021.01.28-22.40.09:464][  0]LogConfig: Setting CVar [[r.Filter.SizeScale:1]]
[2021.01.28-22.40.09:464][  0]LogConfig: Setting CVar [[r.Tonemapper.Quality:5]]
[2021.01.28-22.40.09:464][  0]LogConfig: Setting CVar [[r.DOF.Gather.AccumulatorQuality:1        ; higher gathering accumulator quality]]
[2021.01.28-22.40.09:464][  0]LogConfig: Setting CVar [[r.DOF.Gather.PostfilterMethod:1          ; Median3x3 postfilering method]]
[2021.01.28-22.40.09:464][  0]LogConfig: Setting CVar [[r.DOF.Gather.EnableBokehSettings:0       ; no bokeh simulation when gathering]]
[2021.01.28-22.40.09:464][  0]LogConfig: Setting CVar [[r.DOF.Gather.RingCount:4                 ; medium number of samples when gathering]]
[2021.01.28-22.40.09:464][  0]LogConfig: Setting CVar [[r.DOF.Scatter.ForegroundCompositing:1    ; additive foreground scattering]]
[2021.01.28-22.40.09:464][  0]LogConfig: Setting CVar [[r.DOF.Scatter.BackgroundCompositing:2    ; additive background scattering]]
[2021.01.28-22.40.09:464][  0]LogConfig: Setting CVar [[r.DOF.Scatter.EnableBokehSettings:1      ; bokeh simulation when scattering]]
[2021.01.28-22.40.09:464][  0]LogConfig: Setting CVar [[r.DOF.Scatter.MaxSpriteRatio:0.1         ; only a maximum of 10% of scattered bokeh]]
[2021.01.28-22.40.09:464][  0]LogConfig: Setting CVar [[r.DOF.Recombine.Quality:1                ; cheap slight out of focus]]
[2021.01.28-22.40.09:464][  0]LogConfig: Setting CVar [[r.DOF.Recombine.EnableBokehSettings:0    ; no bokeh simulation on slight out of focus]]
[2021.01.28-22.40.09:464][  0]LogConfig: Setting CVar [[r.DOF.TemporalAAQuality:1                ; more stable temporal accumulation]]
[2021.01.28-22.40.09:464][  0]LogConfig: Setting CVar [[r.DOF.Kernel.MaxForegroundRadius:0.025]]
[2021.01.28-22.40.09:464][  0]LogConfig: Setting CVar [[r.DOF.Kernel.MaxBackgroundRadius:0.025]]
[2021.01.28-22.40.09:464][  0]LogConfig: Applying CVar settings from Section [TextureQuality@3] File [D:/Fork/Bone_To_Be_Bad/Saved/Config/Windows/Scalability.ini]
[2021.01.28-22.40.09:464][  0]LogConfig: Setting CVar [[r.Streaming.MipBias:0]]
[2021.01.28-22.40.09:464][  0]LogConfig: Setting CVar [[r.Streaming.AmortizeCPUToGPUCopy:0]]
[2021.01.28-22.40.09:464][  0]LogConfig: Setting CVar [[r.Streaming.MaxNumTexturesToStreamPerFrame:0]]
[2021.01.28-22.40.09:464][  0]LogConfig: Setting CVar [[r.Streaming.Boost:1]]
[2021.01.28-22.40.09:464][  0]LogConfig: Setting CVar [[r.MaxAnisotropy:8]]
[2021.01.28-22.40.09:464][  0]LogConfig: Setting CVar [[r.VT.MaxAnisotropy:8]]
[2021.01.28-22.40.09:464][  0]LogConfig: Setting CVar [[r.Streaming.LimitPoolSizeToVRAM:0]]
[2021.01.28-22.40.09:464][  0]LogConfig: Setting CVar [[r.Streaming.PoolSize:1000]]
[2021.01.28-22.40.09:464][  0]LogConfig: Setting CVar [[r.Streaming.MaxEffectiveScreenSize:0]]
[2021.01.28-22.40.09:464][  0]LogConfig: Applying CVar settings from Section [EffectsQuality@3] File [D:/Fork/Bone_To_Be_Bad/Saved/Config/Windows/Scalability.ini]
[2021.01.28-22.40.09:464][  0]LogConfig: Setting CVar [[r.TranslucencyLightingVolumeDim:64]]
[2021.01.28-22.40.09:464][  0]LogConfig: Setting CVar [[r.RefractionQuality:2]]
[2021.01.28-22.40.09:464][  0]LogConfig: Setting CVar [[r.SSR.Quality:3]]
[2021.01.28-22.40.09:464][  0]LogConfig: Setting CVar [[r.SSR.HalfResSceneColor:0]]
[2021.01.28-22.40.09:464][  0]LogConfig: Setting CVar [[r.SceneColorFormat:4]]
[2021.01.28-22.40.09:464][  0]LogConfig: Setting CVar [[r.DetailMode:2]]
[2021.01.28-22.40.09:464][  0]LogConfig: Setting CVar [[r.TranslucencyVolumeBlur:1]]
[2021.01.28-22.40.09:464][  0]LogConfig: Setting CVar [[r.MaterialQualityLevel:1 ; High quality]]
[2021.01.28-22.40.09:464][  0]LogConfig: Setting CVar [[r.SSS.Scale:1]]
[2021.01.28-22.40.09:464][  0]LogConfig: Setting CVar [[r.SSS.SampleSet:2]]
[2021.01.28-22.40.09:464][  0]LogConfig: Setting CVar [[r.SSS.Quality:1]]
[2021.01.28-22.40.09:464][  0]LogConfig: Setting CVar [[r.SSS.HalfRes:0]]
[2021.01.28-22.40.09:464][  0]LogConfig: Setting CVar [[r.SSGI.Quality:3]]
[2021.01.28-22.40.09:464][  0]LogConfig: Setting CVar [[r.EmitterSpawnRateScale:1.0]]
[2021.01.28-22.40.09:464][  0]LogConfig: Setting CVar [[r.ParticleLightQuality:2]]
[2021.01.28-22.40.09:464][  0]LogConfig: Setting CVar [[r.SkyAtmosphere.AerialPerspectiveLUT.FastApplyOnOpaque:1 ; Always have FastSkyLUT 1 in this case to avoid wrong sky]]
[2021.01.28-22.40.09:464][  0]LogConfig: Setting CVar [[r.SkyAtmosphere.AerialPerspectiveLUT.SampleCountPerSlice:1]]
[2021.01.28-22.40.09:464][  0]LogConfig: Setting CVar [[r.SkyAtmosphere.AerialPerspectiveLUT.DepthResolution:16.0]]
[2021.01.28-22.40.09:464][  0]LogConfig: Setting CVar [[r.SkyAtmosphere.FastSkyLUT:1]]
[2021.01.28-22.40.09:464][  0]LogConfig: Setting CVar [[r.SkyAtmosphere.FastSkyLUT.SampleCountMin:4.0]]
[2021.01.28-22.40.09:464][  0]LogConfig: Setting CVar [[r.SkyAtmosphere.FastSkyLUT.SampleCountMax:32.0]]
[2021.01.28-22.40.09:464][  0]LogConfig: Setting CVar [[r.SkyAtmosphere.SampleCountMin:4.0]]
[2021.01.28-22.40.09:464][  0]LogConfig: Setting CVar [[r.SkyAtmosphere.SampleCountMax:32.0]]
[2021.01.28-22.40.09:464][  0]LogConfig: Setting CVar [[r.SkyAtmosphere.TransmittanceLUT.UseSmallFormat:0]]
[2021.01.28-22.40.09:464][  0]LogConfig: Setting CVar [[r.SkyAtmosphere.TransmittanceLUT.SampleCount:10.0]]
[2021.01.28-22.40.09:464][  0]LogConfig: Setting CVar [[r.SkyAtmosphere.MultiScatteringLUT.SampleCount:15.0]]
[2021.01.28-22.40.09:464][  0]LogConfig: Applying CVar settings from Section [FoliageQuality@3] File [D:/Fork/Bone_To_Be_Bad/Saved/Config/Windows/Scalability.ini]
[2021.01.28-22.40.09:464][  0]LogConfig: Setting CVar [[foliage.DensityScale:1.0]]
[2021.01.28-22.40.09:465][  0]LogConfig: Setting CVar [[grass.DensityScale:1.0]]
[2021.01.28-22.40.09:465][  0]LogConfig: Applying CVar settings from Section [ShadingQuality@3] File [D:/Fork/Bone_To_Be_Bad/Saved/Config/Windows/Scalability.ini]
[2021.01.28-22.40.09:465][  0]LogConfig: Setting CVar [[r.HairStrands.SkyLighting.SampleCount:16]]
[2021.01.28-22.40.09:465][  0]LogConfig: Setting CVar [[r.HairStrands.SkyLighting.JitterIntegration:0]]
[2021.01.28-22.40.09:465][  0]LogConfig: Setting CVar [[r.HairStrands.SkyAO.SampleCount:16]]
[2021.01.28-22.40.09:465][  0]LogConfig: Setting CVar [[r.HairStrands.DeepShadow.SuperSampling:0]]
[2021.01.28-22.40.09:465][  0]LogConfig: Setting CVar [[r.HairStrands.VisibilityPPLL:0]]
[2021.01.28-22.40.09:465][  0]LogConfig: Setting CVar [[r.HairStrands.RasterizationScale:0.5]]
[2021.01.28-22.40.09:465][  0]LogConfig: Setting CVar [[r.HairStrands.VelocityRasterizationScale:1]]
[2021.01.28-22.40.09:469][  0]LogInit: Selected Device Profile: [Windows]
[2021.01.28-22.40.09:475][  0]LogInit: Applying CVar settings loaded from the selected device profile: [Windows]
[2021.01.28-22.40.09:510][  0]LogHAL: Display: Platform has ~ 16 GB [17137610752 / 17179869184 / 16], which maps to Larger [LargestMinGB=32, LargerMinGB=12, DefaultMinGB=8, SmallerMinGB=6, SmallestMinGB=0)
[2021.01.28-22.40.09:510][  0]LogInit: Going up to parent DeviceProfile []
[2021.01.28-22.40.09:510][  0]LogConfig: Applying CVar settings from Section [ViewDistanceQuality@3] File [D:/Fork/Bone_To_Be_Bad/Saved/Config/Windows/Scalability.ini]
[2021.01.28-22.40.09:510][  0]LogConfig: Setting CVar [[r.SkeletalMeshLODBias:0]]
[2021.01.28-22.40.09:510][  0]LogConfig: Setting CVar [[r.ViewDistanceScale:1.0]]
[2021.01.28-22.40.09:510][  0]LogConfig: Applying CVar settings from Section [AntiAliasingQuality@3] File [D:/Fork/Bone_To_Be_Bad/Saved/Config/Windows/Scalability.ini]
[2021.01.28-22.40.09:510][  0]LogConfig: Setting CVar [[r.PostProcessAAQuality:4]]
[2021.01.28-22.40.09:510][  0]LogConfig: Applying CVar settings from Section [ShadowQuality@3] File [D:/Fork/Bone_To_Be_Bad/Saved/Config/Windows/Scalability.ini]
[2021.01.28-22.40.09:510][  0]LogConfig: Setting CVar [[r.LightFunctionQuality:1]]
[2021.01.28-22.40.09:510][  0]LogConfig: Setting CVar [[r.ShadowQuality:5]]
[2021.01.28-22.40.09:510][  0]LogConfig: Setting CVar [[r.Shadow.CSM.MaxCascades:10]]
[2021.01.28-22.40.09:510][  0]LogConfig: Setting CVar [[r.Shadow.MaxResolution:2048]]
[2021.01.28-22.40.09:510][  0]LogConfig: Setting CVar [[r.Shadow.MaxCSMResolution:2048]]
[2021.01.28-22.40.09:510][  0]LogConfig: Setting CVar [[r.Shadow.RadiusThreshold:0.01]]
[2021.01.28-22.40.09:510][  0]LogConfig: Setting CVar [[r.Shadow.DistanceScale:1.0]]
[2021.01.28-22.40.09:510][  0]LogConfig: Setting CVar [[r.Shadow.CSM.TransitionScale:1.0]]
[2021.01.28-22.40.09:510][  0]LogConfig: Setting CVar [[r.Shadow.PreShadowResolutionFactor:1.0]]
[2021.01.28-22.40.09:511][  0]LogConfig: Setting CVar [[r.DistanceFieldShadowing:1]]
[2021.01.28-22.40.09:511][  0]LogConfig: Setting CVar [[r.DistanceFieldAO:1]]
[2021.01.28-22.40.09:511][  0]LogConfig: Setting CVar [[r.AOQuality:2]]
[2021.01.28-22.40.09:511][  0]LogConfig: Setting CVar [[r.VolumetricFog:1]]
[2021.01.28-22.40.09:511][  0]LogConfig: Setting CVar [[r.VolumetricFog.GridPixelSize:8]]
[2021.01.28-22.40.09:511][  0]LogConfig: Setting CVar [[r.VolumetricFog.GridSizeZ:128]]
[2021.01.28-22.40.09:511][  0]LogConfig: Setting CVar [[r.VolumetricFog.HistoryMissSupersampleCount:4]]
[2021.01.28-22.40.09:511][  0]LogConfig: Setting CVar [[r.LightMaxDrawDistanceScale:1]]
[2021.01.28-22.40.09:511][  0]LogConfig: Setting CVar [[r.CapsuleShadows:1]]
[2021.01.28-22.40.09:511][  0]LogConfig: Applying CVar settings from Section [PostProcessQuality@3] File [D:/Fork/Bone_To_Be_Bad/Saved/Config/Windows/Scalability.ini]
[2021.01.28-22.40.09:511][  0]LogConfig: Setting CVar [[r.MotionBlurQuality:4]]
[2021.01.28-22.40.09:511][  0]LogConfig: Setting CVar [[r.AmbientOcclusionMipLevelFactor:0.4]]
[2021.01.28-22.40.09:511][  0]LogConfig: Setting CVar [[r.AmbientOcclusionMaxQuality:100]]
[2021.01.28-22.40.09:511][  0]LogConfig: Setting CVar [[r.AmbientOcclusionLevels:-1]]
[2021.01.28-22.40.09:511][  0]LogConfig: Setting CVar [[r.AmbientOcclusionRadiusScale:1.0]]
[2021.01.28-22.40.09:511][  0]LogConfig: Setting CVar [[r.DepthOfFieldQuality:2]]
[2021.01.28-22.40.09:511][  0]LogConfig: Setting CVar [[r.RenderTargetPoolMin:400]]
[2021.01.28-22.40.09:511][  0]LogConfig: Setting CVar [[r.LensFlareQuality:2]]
[2021.01.28-22.40.09:511][  0]LogConfig: Setting CVar [[r.SceneColorFringeQuality:1]]
[2021.01.28-22.40.09:511][  0]LogConfig: Setting CVar [[r.EyeAdaptationQuality:2]]
[2021.01.28-22.40.09:511][  0]LogConfig: Setting CVar [[r.BloomQuality:5]]
[2021.01.28-22.40.09:511][  0]LogConfig: Setting CVar [[r.FastBlurThreshold:100]]
[2021.01.28-22.40.09:511][  0]LogConfig: Setting CVar [[r.Upscale.Quality:3]]
[2021.01.28-22.40.09:511][  0]LogConfig: Setting CVar [[r.Tonemapper.GrainQuantization:1]]
[2021.01.28-22.40.09:511][  0]LogConfig: Setting CVar [[r.LightShaftQuality:1]]
[2021.01.28-22.40.09:511][  0]LogConfig: Setting CVar [[r.Filter.SizeScale:1]]
[2021.01.28-22.40.09:511][  0]LogConfig: Setting CVar [[r.Tonemapper.Quality:5]]
[2021.01.28-22.40.09:511][  0]LogConfig: Setting CVar [[r.DOF.Gather.AccumulatorQuality:1        ; higher gathering accumulator quality]]
[2021.01.28-22.40.09:511][  0]LogConfig: Setting CVar [[r.DOF.Gather.PostfilterMethod:1          ; Median3x3 postfilering method]]
[2021.01.28-22.40.09:511][  0]LogConfig: Setting CVar [[r.DOF.Gather.EnableBokehSettings:0       ; no bokeh simulation when gathering]]
[2021.01.28-22.40.09:511][  0]LogConfig: Setting CVar [[r.DOF.Gather.RingCount:4                 ; medium number of samples when gathering]]
[2021.01.28-22.40.09:511][  0]LogConfig: Setting CVar [[r.DOF.Scatter.ForegroundCompositing:1    ; additive foreground scattering]]
[2021.01.28-22.40.09:511][  0]LogConfig: Setting CVar [[r.DOF.Scatter.BackgroundCompositing:2    ; additive background scattering]]
[2021.01.28-22.40.09:511][  0]LogConfig: Setting CVar [[r.DOF.Scatter.EnableBokehSettings:1      ; bokeh simulation when scattering]]
[2021.01.28-22.40.09:511][  0]LogConfig: Setting CVar [[r.DOF.Scatter.MaxSpriteRatio:0.1         ; only a maximum of 10% of scattered bokeh]]
[2021.01.28-22.40.09:511][  0]LogConfig: Setting CVar [[r.DOF.Recombine.Quality:1                ; cheap slight out of focus]]
[2021.01.28-22.40.09:511][  0]LogConfig: Setting CVar [[r.DOF.Recombine.EnableBokehSettings:0    ; no bokeh simulation on slight out of focus]]
[2021.01.28-22.40.09:511][  0]LogConfig: Setting CVar [[r.DOF.TemporalAAQuality:1                ; more stable temporal accumulation]]
[2021.01.28-22.40.09:511][  0]LogConfig: Setting CVar [[r.DOF.Kernel.MaxForegroundRadius:0.025]]
[2021.01.28-22.40.09:511][  0]LogConfig: Setting CVar [[r.DOF.Kernel.MaxBackgroundRadius:0.025]]
[2021.01.28-22.40.09:511][  0]LogConfig: Applying CVar settings from Section [TextureQuality@3] File [D:/Fork/Bone_To_Be_Bad/Saved/Config/Windows/Scalability.ini]
[2021.01.28-22.40.09:511][  0]LogConfig: Setting CVar [[r.Streaming.MipBias:0]]
[2021.01.28-22.40.09:511][  0]LogConfig: Setting CVar [[r.Streaming.AmortizeCPUToGPUCopy:0]]
[2021.01.28-22.40.09:511][  0]LogConfig: Setting CVar [[r.Streaming.MaxNumTexturesToStreamPerFrame:0]]
[2021.01.28-22.40.09:511][  0]LogConfig: Setting CVar [[r.Streaming.Boost:1]]
[2021.01.28-22.40.09:511][  0]LogConfig: Setting CVar [[r.MaxAnisotropy:8]]
[2021.01.28-22.40.09:511][  0]LogConfig: Setting CVar [[r.VT.MaxAnisotropy:8]]
[2021.01.28-22.40.09:511][  0]LogConfig: Setting CVar [[r.Streaming.LimitPoolSizeToVRAM:0]]
[2021.01.28-22.40.09:511][  0]LogConfig: Setting CVar [[r.Streaming.PoolSize:1000]]
[2021.01.28-22.40.09:511][  0]LogConfig: Setting CVar [[r.Streaming.MaxEffectiveScreenSize:0]]
[2021.01.28-22.40.09:511][  0]LogConfig: Applying CVar settings from Section [EffectsQuality@3] File [D:/Fork/Bone_To_Be_Bad/Saved/Config/Windows/Scalability.ini]
[2021.01.28-22.40.09:511][  0]LogConfig: Setting CVar [[r.TranslucencyLightingVolumeDim:64]]
[2021.01.28-22.40.09:511][  0]LogConfig: Setting CVar [[r.RefractionQuality:2]]
[2021.01.28-22.40.09:511][  0]LogConfig: Setting CVar [[r.SSR.Quality:3]]
[2021.01.28-22.40.09:511][  0]LogConfig: Setting CVar [[r.SSR.HalfResSceneColor:0]]
[2021.01.28-22.40.09:511][  0]LogConfig: Setting CVar [[r.SceneColorFormat:4]]
[2021.01.28-22.40.09:511][  0]LogConfig: Setting CVar [[r.DetailMode:2]]
[2021.01.28-22.40.09:511][  0]LogConfig: Setting CVar [[r.TranslucencyVolumeBlur:1]]
[2021.01.28-22.40.09:511][  0]LogConfig: Setting CVar [[r.MaterialQualityLevel:1 ; High quality]]
[2021.01.28-22.40.09:511][  0]LogConfig: Setting CVar [[r.SSS.Scale:1]]
[2021.01.28-22.40.09:511][  0]LogConfig: Setting CVar [[r.SSS.SampleSet:2]]
[2021.01.28-22.40.09:511][  0]LogConfig: Setting CVar [[r.SSS.Quality:1]]
[2021.01.28-22.40.09:511][  0]LogConfig: Setting CVar [[r.SSS.HalfRes:0]]
[2021.01.28-22.40.09:511][  0]LogConfig: Setting CVar [[r.SSGI.Quality:3]]
[2021.01.28-22.40.09:511][  0]LogConfig: Setting CVar [[r.EmitterSpawnRateScale:1.0]]
[2021.01.28-22.40.09:511][  0]LogConfig: Setting CVar [[r.ParticleLightQuality:2]]
[2021.01.28-22.40.09:511][  0]LogConfig: Setting CVar [[r.SkyAtmosphere.AerialPerspectiveLUT.FastApplyOnOpaque:1 ; Always have FastSkyLUT 1 in this case to avoid wrong sky]]
[2021.01.28-22.40.09:511][  0]LogConfig: Setting CVar [[r.SkyAtmosphere.AerialPerspectiveLUT.SampleCountPerSlice:1]]
[2021.01.28-22.40.09:511][  0]LogConfig: Setting CVar [[r.SkyAtmosphere.AerialPerspectiveLUT.DepthResolution:16.0]]
[2021.01.28-22.40.09:511][  0]LogConfig: Setting CVar [[r.SkyAtmosphere.FastSkyLUT:1]]
[2021.01.28-22.40.09:511][  0]LogConfig: Setting CVar [[r.SkyAtmosphere.FastSkyLUT.SampleCountMin:4.0]]
[2021.01.28-22.40.09:511][  0]LogConfig: Setting CVar [[r.SkyAtmosphere.FastSkyLUT.SampleCountMax:32.0]]
[2021.01.28-22.40.09:511][  0]LogConfig: Setting CVar [[r.SkyAtmosphere.SampleCountMin:4.0]]
[2021.01.28-22.40.09:511][  0]LogConfig: Setting CVar [[r.SkyAtmosphere.SampleCountMax:32.0]]
[2021.01.28-22.40.09:511][  0]LogConfig: Setting CVar [[r.SkyAtmosphere.TransmittanceLUT.UseSmallFormat:0]]
[2021.01.28-22.40.09:511][  0]LogConfig: Setting CVar [[r.SkyAtmosphere.TransmittanceLUT.SampleCount:10.0]]
[2021.01.28-22.40.09:511][  0]LogConfig: Setting CVar [[r.SkyAtmosphere.MultiScatteringLUT.SampleCount:15.0]]
[2021.01.28-22.40.09:512][  0]LogConfig: Applying CVar settings from Section [FoliageQuality@3] File [D:/Fork/Bone_To_Be_Bad/Saved/Config/Windows/Scalability.ini]
[2021.01.28-22.40.09:512][  0]LogConfig: Setting CVar [[foliage.DensityScale:1.0]]
[2021.01.28-22.40.09:512][  0]LogConfig: Setting CVar [[grass.DensityScale:1.0]]
[2021.01.28-22.40.09:512][  0]LogConfig: Applying CVar settings from Section [ShadingQuality@3] File [D:/Fork/Bone_To_Be_Bad/Saved/Config/Windows/Scalability.ini]
[2021.01.28-22.40.09:512][  0]LogConfig: Setting CVar [[r.HairStrands.SkyLighting.SampleCount:16]]
[2021.01.28-22.40.09:512][  0]LogConfig: Setting CVar [[r.HairStrands.SkyLighting.JitterIntegration:0]]
[2021.01.28-22.40.09:512][  0]LogConfig: Setting CVar [[r.HairStrands.SkyAO.SampleCount:16]]
[2021.01.28-22.40.09:512][  0]LogConfig: Setting CVar [[r.HairStrands.DeepShadow.SuperSampling:0]]
[2021.01.28-22.40.09:512][  0]LogConfig: Setting CVar [[r.HairStrands.VisibilityPPLL:0]]
[2021.01.28-22.40.09:512][  0]LogConfig: Setting CVar [[r.HairStrands.RasterizationScale:0.5]]
[2021.01.28-22.40.09:512][  0]LogConfig: Setting CVar [[r.HairStrands.VelocityRasterizationScale:1]]
[2021.01.28-22.40.09:512][  0]LogConfig: Applying CVar settings from Section [Startup] File [../../../Engine/Config/ConsoleVariables.ini]
[2021.01.28-22.40.09:524][  0]LogConfig: Setting CVar [[net.UseAdaptiveNetUpdateFrequency:0]]
[2021.01.28-22.40.09:524][  0]LogConfig: Setting CVar [[p.chaos.AllowCreatePhysxBodies:1]]
[2021.01.28-22.40.09:524][  0]LogConfig: Setting CVar [[fx.SkipVectorVMBackendOptimizations:1]]
[2021.01.28-22.40.09:524][  0]LogConfig: Applying CVar settings from Section [ConsoleVariables] File [D:/Fork/Bone_To_Be_Bad/Saved/Config/Windows/Engine.ini]
[2021.01.28-22.40.09:536][  0]LogInit: Computer: DESKTOP-K5HTRQ0
[2021.01.28-22.40.09:536][  0]LogInit: User: Max
[2021.01.28-22.40.09:546][  0]LogInit: CPU Page size=4096, Cores=4
[2021.01.28-22.40.09:546][  0]LogInit: High frequency timer resolution =10.000000 MHz
[2021.01.28-22.40.09:546][  0]LogMemory: Memory total: Physical=16.0GB (16GB approx)
[2021.01.28-22.40.09:590][  0]LogMemory: Platform Memory Stats for Windows
[2021.01.28-22.40.09:590][  0]LogMemory: Process Physical Memory: 118.68 MB used, 118.69 MB peak
[2021.01.28-22.40.09:590][  0]LogMemory: Process Virtual Memory: 101.17 MB used, 101.17 MB peak
[2021.01.28-22.40.09:590][  0]LogMemory: Physical Memory: 13029.43 MB used,  3314.27 MB free, 16343.70 MB total
[2021.01.28-22.40.09:590][  0]LogMemory: Virtual Memory: 5148.67 MB used,  134212576.00 MB free, 134217728.00 MB total
[2021.01.28-22.40.09:615][  0]LogWindows: WindowsPlatformFeatures enabled
[2021.01.28-22.40.10:709][  0]LogInit: Physics initialised using underlying interface: PhysX
[2021.01.28-22.40.10:783][  0]LogInit: Using OS detected language (fr-FR).
[2021.01.28-22.40.10:783][  0]LogInit: Using OS detected locale (fr-FR).
[2021.01.28-22.40.10:936][  0]LogTextLocalizationManager: No specific localization for 'fr-FR' exists, so the 'fr' localization will be used.
[2021.01.28-22.40.10:943][  0]LogTextLocalizationResource: LocRes '../../../Engine/Content/Localization/Editor/fr/Editor.locres' could not be opened for reading!
[2021.01.28-22.40.10:943][  0]LogTextLocalizationResource: LocRes '../../../Engine/Content/Localization/EditorTutorials/fr/EditorTutorials.locres' could not be opened for reading!
[2021.01.28-22.40.10:943][  0]LogTextLocalizationResource: LocRes '../../../Engine/Content/Localization/Keywords/fr/Keywords.locres' could not be opened for reading!
[2021.01.28-22.40.10:943][  0]LogTextLocalizationResource: LocRes '../../../Engine/Content/Localization/Category/fr/Category.locres' could not be opened for reading!
[2021.01.28-22.40.10:949][  0]LogTextLocalizationResource: LocRes '../../../Engine/Content/Localization/ToolTips/fr/ToolTips.locres' could not be opened for reading!
[2021.01.28-22.40.10:949][  0]LogTextLocalizationResource: LocRes '../../../Engine/Content/Localization/PropertyNames/fr/PropertyNames.locres' could not be opened for reading!
[2021.01.28-22.40.10:949][  0]LogTextLocalizationResource: LocRes '../../../Engine/Content/Localization/Engine/fr/Engine.locres' could not be opened for reading!
[2021.01.28-22.40.11:046][  0]LogInit: Setting process to per monitor DPI aware
[2021.01.28-22.40.11:754][  0]LogSlate: New Slate User Created.  User Index 0, Is Virtual User: 0
[2021.01.28-22.40.11:754][  0]LogSlate: Slate User Registered.  User Index 0, Is Virtual User: 0
[2021.01.28-22.40.15:776][  0]LogHMD: Failed to initialize OpenVR with code 100
[2021.01.28-22.40.15:777][  0]LogD3D11RHI: D3D11 min allowed feature level: 11_0
[2021.01.28-22.40.15:777][  0]LogD3D11RHI: D3D11 max allowed feature level: 11_0
[2021.01.28-22.40.15:777][  0]LogD3D11RHI: D3D11 adapters:
[2021.01.28-22.40.15:880][  0]LogD3D11RHI:    0. 'NVIDIA GeForce GTX 1070' (Feature Level 11_0)
[2021.01.28-22.40.15:880][  0]LogD3D11RHI:       8088/0/8171 MB DedicatedVideo/DedicatedSystem/SharedSystem, Outputs:3, VendorId:0x10de
[2021.01.28-22.40.15:886][  0]LogD3D11RHI:    1. 'Microsoft Basic Render Driver' (Feature Level 11_0)
[2021.01.28-22.40.15:886][  0]LogD3D11RHI:       0/0/8171 MB DedicatedVideo/DedicatedSystem/SharedSystem, Outputs:0, VendorId:0x1414
[2021.01.28-22.40.15:890][  0]LogD3D11RHI:    2. 'Microsoft Basic Render Driver' (Feature Level 11_0)
[2021.01.28-22.40.15:890][  0]LogD3D11RHI:       0/0/8171 MB DedicatedVideo/DedicatedSystem/SharedSystem, Outputs:0, VendorId:0x1414
[2021.01.28-22.40.15:890][  0]LogD3D11RHI: Chosen D3D11 Adapter: 0
[2021.01.28-22.40.15:916][  0]LogD3D11RHI: Creating new Direct3DDevice
[2021.01.28-22.40.15:917][  0]LogD3D11RHI:     GPU DeviceId: 0x1b81 (for the marketing name, search the web for "GPU Device Id")
[2021.01.28-22.40.15:925][  0]LogWindows: EnumDisplayDevices:
[2021.01.28-22.40.15:926][  0]LogWindows:    0. 'NVIDIA GeForce GTX 1070' (P:1 D:1)
[2021.01.28-22.40.15:926][  0]LogWindows:    1. 'NVIDIA GeForce GTX 1070' (P:0 D:1)
[2021.01.28-22.40.15:926][  0]LogWindows:    2. 'NVIDIA GeForce GTX 1070' (P:0 D:1)
[2021.01.28-22.40.15:926][  0]LogWindows:    3. 'NVIDIA GeForce GTX 1070' (P:0 D:0)
[2021.01.28-22.40.15:927][  0]LogWindows:    4. 'Citrix Indirect Display Adapter' (P:0 D:0)
[2021.01.28-22.40.15:927][  0]LogWindows:    5. 'Citrix Indirect Display Adapter' (P:0 D:0)
[2021.01.28-22.40.15:927][  0]LogWindows:    6. 'Citrix Indirect Display Adapter' (P:0 D:0)
[2021.01.28-22.40.15:927][  0]LogWindows:    7. 'Citrix Indirect Display Adapter' (P:0 D:0)
[2021.01.28-22.40.15:927][  0]LogWindows:    8. 'Citrix Indirect Display Adapter' (P:0 D:0)
[2021.01.28-22.40.15:928][  0]LogWindows:    9. 'Citrix Indirect Display Adapter' (P:0 D:0)
[2021.01.28-22.40.15:928][  0]LogWindows:    10. 'Citrix Indirect Display Adapter' (P:0 D:0)
[2021.01.28-22.40.15:928][  0]LogWindows:    11. 'Citrix Indirect Display Adapter' (P:0 D:0)
[2021.01.28-22.40.15:928][  0]LogWindows: DebugString: GetVideoDriverDetailsInvalid PrimaryIsNotTheChoosenAdapter GetVideoDriverDetailsInvalid PrimaryIsNotTheChoosenAdapter GetVideoDriverDetailsInvalid PrimaryIsNotTheChoosenAdapter GetVideoDriverDetailsInvalid PrimaryIsNotTheChoosenAdapter GetVideoDriverDetailsInvalid PrimaryIsNotTheChoosenAdapter GetVideoDriverDetailsInvalid PrimaryIsNotTheChoosenAdapter GetVideoDriverDetailsInvalid PrimaryIsNotTheChoosenAdapter GetVideoDriverDetailsInvalid PrimaryIsNotTheChoosenAdapter FoundDriverCount:4 
[2021.01.28-22.40.15:928][  0]LogD3D11RHI:     Adapter Name: NVIDIA GeForce GTX 1070
[2021.01.28-22.40.15:928][  0]LogD3D11RHI:   Driver Version: 457.30 (internal:27.21.14.5730, unified:457.30)
[2021.01.28-22.40.15:928][  0]LogD3D11RHI:      Driver Date: 11-6-2020
[2021.01.28-22.40.15:929][  0]LogRHI: Texture pool is 5661 MB (70% of 8088 MB)
[2021.01.28-22.40.15:984][  0]LogD3D11RHI: RHI has support for 64 bit atomics
[2021.01.28-22.40.15:984][  0]LogD3D11RHI: Async texture creation enabled
[2021.01.28-22.40.15:984][  0]LogD3D11RHI: Array index from any shader is supported
[2021.01.28-22.40.16:518][  0]LogD3D11RHI: GPU Timing Frequency: 1000.000000 (Debug: 2 1)
[2021.01.28-22.40.17:761][  0]LogTargetPlatformManager: Display: Loaded TargetPlatform 'AllDesktop'
[2021.01.28-22.40.17:822][  0]LogTargetPlatformManager: Display: Loaded TargetPlatform 'Android'
[2021.01.28-22.40.17:822][  0]LogTargetPlatformManager: Display: Loaded TargetPlatform 'Android_ASTC'
[2021.01.28-22.40.17:822][  0]LogTargetPlatformManager: Display: Loaded TargetPlatform 'Android_DXT'
[2021.01.28-22.40.17:822][  0]LogTargetPlatformManager: Display: Loaded TargetPlatform 'Android_ETC2'
[2021.01.28-22.40.17:822][  0]LogTargetPlatformManager: Display: Loaded TargetPlatform 'AndroidClient'
[2021.01.28-22.40.17:822][  0]LogTargetPlatformManager: Display: Loaded TargetPlatform 'Android_ASTCClient'
[2021.01.28-22.40.17:822][  0]LogTargetPlatformManager: Display: Loaded TargetPlatform 'Android_DXTClient'
[2021.01.28-22.40.17:822][  0]LogTargetPlatformManager: Display: Loaded TargetPlatform 'Android_ETC2Client'
[2021.01.28-22.40.17:822][  0]LogTargetPlatformManager: Display: Loaded TargetPlatform 'Android_Multi'
[2021.01.28-22.40.17:822][  0]LogTargetPlatformManager: Display: Loaded TargetPlatform 'Android_MultiClient'
[2021.01.28-22.40.17:972][  0]LogTargetPlatformManager: Display: Loaded TargetPlatform 'IOSClient'
[2021.01.28-22.40.17:972][  0]LogTargetPlatformManager: Display: Loaded TargetPlatform 'IOS'
[2021.01.28-22.40.18:029][  0]LogTargetPlatformManager: Display: Loaded TargetPlatform 'Linux'
[2021.01.28-22.40.18:060][  0]LogTargetPlatformManager: Display: Loaded TargetPlatform 'LinuxNoEditor'
[2021.01.28-22.40.18:091][  0]LogTargetPlatformManager: Display: Loaded TargetPlatform 'LinuxClient'
[2021.01.28-22.40.18:117][  0]LogTargetPlatformManager: Display: Loaded TargetPlatform 'LinuxServer'
[2021.01.28-22.40.18:146][  0]LogTargetPlatformManager: Display: Loaded TargetPlatform 'LinuxAArch64NoEditor'
[2021.01.28-22.40.18:186][  0]LogTargetPlatformManager: Display: Loaded TargetPlatform 'LinuxAArch64Client'
[2021.01.28-22.40.18:215][  0]LogTargetPlatformManager: Display: Loaded TargetPlatform 'LinuxAArch64Server'
[2021.01.28-22.40.18:271][  0]LogTargetPlatformManager: Display: Loaded TargetPlatform 'Lumin'
[2021.01.28-22.40.18:271][  0]LogTargetPlatformManager: Display: Loaded TargetPlatform 'LuminClient'
[2021.01.28-22.40.18:304][  0]LogTargetPlatformManager: Display: Loaded TargetPlatform 'TVOSClient'
[2021.01.28-22.40.18:304][  0]LogTargetPlatformManager: Display: Loaded TargetPlatform 'TVOS'
[2021.01.28-22.40.18:348][  0]LogTargetPlatformManager: Display: Loaded TargetPlatform 'WindowsNoEditor'
[2021.01.28-22.40.18:417][  0]LogTargetPlatformManager: Display: Loaded TargetPlatform 'Windows'
[2021.01.28-22.40.18:456][  0]LogTargetPlatformManager: Display: Loaded TargetPlatform 'WindowsClient'
[2021.01.28-22.40.18:482][  0]LogTargetPlatformManager: Display: Loaded TargetPlatform 'WindowsServer'
[2021.01.28-22.40.18:482][  0]LogTargetPlatformManager: Display: Building Assets For Windows
[2021.01.28-22.40.18:691][  0]LogAudioDebug: Display: Lib vorbis DLL was dynamically loaded.
[2021.01.28-22.40.19:549][  0]LogShaderCompilers: Guid format shader working directory is 10 characters bigger than the processId version (../../../../../Fork/Bone_To_Be_Bad/Intermediate/Shaders/WorkingDirectory/4076/).
[2021.01.28-22.40.19:549][  0]LogShaderCompilers: Cleaned the shader compiler working directory 'C:/Users/Max/AppData/Local/Temp/UnrealShaderWorkingDir/EB6692E54757103C8531549BD1D094AC/'.
[2021.01.28-22.40.19:597][  0]LogXGEController: Cleaning working directory: C:/Users/Max/AppData/Local/Temp/UnrealXGEWorkingDir/
[2021.01.28-22.40.19:598][  0]LogXGEController: Cannot use XGE Controller as Incredibuild is not installed on this machine.
[2021.01.28-22.40.19:598][  0]LogShaderCompilers: Cannot use XGE Shader Compiler as Incredibuild is not installed on this machine.
[2021.01.28-22.40.19:598][  0]LogShaderCompilers: Display: Using Local Shader Compiler.
[2021.01.28-22.40.24:639][  0]LogDerivedDataCache: Display: Max Cache Size: 512 MB
[2021.01.28-22.40.24:842][  0]LogDerivedDataCache: Loaded boot cache 0.20s 76MB C:/Users/Max/AppData/Local/UnrealEngine/4.25/DerivedDataCache/Boot.ddc.
[2021.01.28-22.40.24:842][  0]LogDerivedDataCache: Display: Loaded Boot cache: C:/Users/Max/AppData/Local/UnrealEngine/4.25/DerivedDataCache/Boot.ddc
[2021.01.28-22.40.24:842][  0]LogDerivedDataCache: FDerivedDataBackendGraph:  Pak pak cache file ../../../../../Fork/Bone_To_Be_Bad/DerivedDataCache/DDC.ddp not found, will not use a pak cache.
[2021.01.28-22.40.24:842][  0]LogDerivedDataCache: Unable to find inner node Pak for hierarchical cache Hierarchy.
[2021.01.28-22.40.24:842][  0]LogDerivedDataCache: FDerivedDataBackendGraph:  CompressedPak pak cache file ../../../../../Fork/Bone_To_Be_Bad/DerivedDataCache/Compressed.ddp not found, will not use a pak cache.
[2021.01.28-22.40.24:842][  0]LogDerivedDataCache: Unable to find inner node CompressedPak for hierarchical cache Hierarchy.
[2021.01.28-22.40.24:956][  0]LogDerivedDataCache: Display: Pak cache opened for reading ../../../Engine/DerivedDataCache/Compressed.ddp.
[2021.01.28-22.40.24:956][  0]LogDerivedDataCache: FDerivedDataBackendGraph:  EnterprisePak pak cache file ../../../Enterprise/DerivedDataCache/Compressed.ddp not found, will not use a pak cache.
[2021.01.28-22.40.24:956][  0]LogDerivedDataCache: Unable to find inner node EnterprisePak for hierarchical cache Hierarchy.
[2021.01.28-22.40.24:957][  0]LogDerivedDataCache: Using Local data cache path C:/Users/Max/AppData/Local/UnrealEngine/Common/DerivedDataCache: Writable
[2021.01.28-22.40.24:958][  0]LogDerivedDataCache: Shared data cache path not found in *engine.ini, will not use an Shared cache.
[2021.01.28-22.40.24:958][  0]LogDerivedDataCache: Unable to find inner node Shared for hierarchical cache Hierarchy.
[2021.01.28-22.40.25:370][  0]LogSlate: Using FreeType 2.10.0
[2021.01.28-22.40.25:536][  0]LogSlate: SlateFontServices - WITH_FREETYPE: 1, WITH_HARFBUZZ: 1
[2021.01.28-22.40.26:538][  0]LogAssetRegistry: FAssetRegistry took 0.0391 seconds to start up
[2021.01.28-22.40.34:772][  0]LogInit: Selected Device Profile: [Windows]
[2021.01.28-22.40.36:640][  0]LogMeshReduction: Using QuadricMeshReduction for automatic static mesh reduction
[2021.01.28-22.40.36:640][  0]LogMeshReduction: Using SimplygonMeshReduction for automatic skeletal mesh reduction
[2021.01.28-22.40.36:640][  0]LogMeshReduction: Using ProxyLODMeshReduction for automatic mesh merging
[2021.01.28-22.40.36:640][  0]LogMeshReduction: No distributed automatic mesh merging module available
[2021.01.28-22.40.36:657][  0]LogMeshMerging: No distributed automatic mesh merging module available
[2021.01.28-22.40.37:332][  0]LogNetVersion: BBTB 1.0.0, NetCL: 13144385, EngineNetVer: 14, GameNetVer: 0 (Checksum: 3023391371)
[2021.01.28-22.40.45:925][  0]LogAISub: UAISubsystem::UAISubsystem AISubsystem (00000217D6451240), frame # 0
[2021.01.28-22.40.45:925][  0]LogAISub: UAISubsystem::UAISubsystem AIPerceptionSystem (00000217D62E5E40), frame # 0
[2021.01.28-22.40.45:929][  0]LogAISub: UAISubsystem::UAISubsystem EnvQueryManager (00000217D6331C00), frame # 0
[2021.01.28-22.40.46:563][  0]LogPackageLocalizationCache: Processed 19 localized package path(s) for 1 prioritized culture(s) in 0.194067 seconds
[2021.01.28-22.40.46:596][  0]LogUObjectArray: 15917 objects as part of root set at end of initial load.
[2021.01.28-22.40.46:601][  0]LogUObjectAllocator: 3965568 out of 0 bytes used by permanent object pool.
[2021.01.28-22.40.46:601][  0]LogUObjectArray: CloseDisregardForGC: 0/0 objects in disregard for GC pool
[2021.01.28-22.40.52:676][  0]LogTcpMessaging: Initializing TcpMessaging bridge
[2021.01.28-22.40.52:726][  0]LogUdpMessaging: Initializing bridge on interface 0.0.0.0:0 to multicast group 230.0.0.1:6666.
[2021.01.28-22.40.53:830][  0]SourceControl: Source control is disabled
[2021.01.28-22.40.53:830][  0]SourceControl: Source control is disabled
[2021.01.28-22.40.53:911][  0]SourceControl: Source control is disabled
[2021.01.28-22.40.54:012][  0]SourceControl: Source control is disabled
[2021.01.28-22.40.54:074][  0]SourceControl: Source control is disabled
[2021.01.28-22.40.57:392][  0]LogAndroidPermission: UAndroidPermissionCallbackProxy::GetInstance
[2021.01.28-22.40.57:631][  0]LogAudioCaptureCore: Display: No Audio Capture implementations found. Audio input will be silent.
[2021.01.28-22.40.57:631][  0]LogAudioCaptureCore: Display: No Audio Capture implementations found. Audio input will be silent.
[2021.01.28-22.40.58:080][  0]LogOcInput: OculusInput pre-init called
[2021.01.28-22.40.58:160][  0]LogWindows: Failed to load 'OVRPlugin.dll' (GetLastError=126)
[2021.01.28-22.40.58:160][  0]LogWindows: File 'OVRPlugin.dll' does not exist
[2021.01.28-22.41.00:294][  0]LogEngine: Initializing Engine...
[2021.01.28-22.41.00:351][  0]LogHMD: Failed to initialize OpenVR with code 100
[2021.01.28-22.41.00:416][  0]LogMagicLeap: Warning: VR disabled because ZI is not enabled.  To enable, in the editor, Edit -> Project Settings -> Plugins -> Magic Leap Plugin -> Enable Zero Iteration
[2021.01.28-22.41.00:473][  0]LogStats: UGameplayTagsManager::InitializeManager -  0.021 s
[2021.01.28-22.41.01:317][  0]LogInit: Initializing FReadOnlyCVARCache
[2021.01.28-22.41.02:189][  0]LogAIModule: Creating AISystem for world Untitled
[2021.01.28-22.41.02:190][  0]LogAISub: UAISubsystem::UAISubsystem EnvQueryManager (00000217DD4EFC00), frame # 0
[2021.01.28-22.41.02:195][  0]LogAISub: UAISubsystem::UAISubsystem AIPerceptionSystem (00000217DD551A80), frame # 0
[2021.01.28-22.41.02:442][  0]LogAudioMixer: Display: Audio Mixer Platform Settings:
[2021.01.28-22.41.02:442][  0]LogAudioMixer: Display: 	Sample Rate:						  48000
[2021.01.28-22.41.02:442][  0]LogAudioMixer: Display: 	Callback Buffer Frame Size Requested: 1024
[2021.01.28-22.41.02:442][  0]LogAudioMixer: Display: 	Callback Buffer Frame Size To Use:	  1024
[2021.01.28-22.41.02:442][  0]LogAudioMixer: Display: 	Number of buffers to queue:			  2
[2021.01.28-22.41.02:442][  0]LogAudioMixer: Display: 	Max Channels (voices):				  32
[2021.01.28-22.41.02:442][  0]LogAudioMixer: Display: 	Number of Async Source Workers:		  0
[2021.01.28-22.41.02:442][  0]LogAudio: Display: AudioDevice MaxSources: 32
[2021.01.28-22.41.02:454][  0]LogAudio: Display: Using built-in audio occlusion.
[2021.01.28-22.41.02:454][  0]LogAudioMixer: Display: Initializing audio mixer.
[2021.01.28-22.41.02:544][  0]LogAudioMixer: Display: 0: FrontLeft
[2021.01.28-22.41.02:544][  0]LogAudioMixer: Display: 1: FrontRight
[2021.01.28-22.41.02:580][  0]LogAudioMixer: Display: Using Audio Device CABLE Input (VB-Audio Virtual Cable)
[2021.01.28-22.41.02:595][  0]LogAudioMixer: Display: Initializing Sound Submixes...
[2021.01.28-22.41.02:669][  0]LogAudioMixer: Display: Creating Master Submix 'MasterSubmixDefault'
[2021.01.28-22.41.02:677][  0]LogAudioMixer: Display: Creating Master Submix 'MasterReverbSubmixDefault'
[2021.01.28-22.41.02:693][  0]LogAudioMixer: Display: Creating Master Submix 'MasterEQSubmixDefault'
[2021.01.28-22.41.02:694][  0]LogInit: FAudioDevice initialized.
[2021.01.28-22.41.02:706][  0]LogNetVersion: Set ProjectVersion to 1.0.0.0. Version Checksum will be recalculated on next use.
[2021.01.28-22.41.02:778][  0]LogDerivedDataCache: Saved boot cache 0.07s 76MB C:/Users/Max/AppData/Local/UnrealEngine/4.25/DerivedDataCache/Boot.ddc.
[2021.01.28-22.41.02:783][  0]LogInit: Texture streaming: Enabled
[2021.01.28-22.41.03:051][  0]LogEngineSessionManager: EngineSessionManager initialized
[2021.01.28-22.41.03:051][  0]LogEditorSessionSummary: Verbose: Initializing EditorSessionSummaryWriter for editor session tracking
[2021.01.28-22.41.03:138][  0]LogEditorSessionSummary: EditorSessionSummaryWriter initialized
[2021.01.28-22.41.04:687][  0]LogInit: Transaction tracking system initialized
[2021.01.28-22.41.08:534][  0]BlueprintLog: New page: Editor Load
[2021.01.28-22.41.11:515][  0]LocalizationService: Localization service is disabled
[2021.01.28-22.41.20:219][  0]LogFileCache: Scanning file cache for directory 'D:/Fork/Bone_To_Be_Bad/Content/' took 0.06s
[2021.01.28-22.41.20:219][  0]LogCook: Display: Max memory allowance for cook 16384mb min free memory 0mb
[2021.01.28-22.41.20:219][  0]LogCook: Display: Mobile HDR setting 1
[2021.01.28-22.41.29:309][  0]SourceControl: Source control is disabled
[2021.01.28-22.41.29:352][  0]LogUnrealEdMisc: Loading editor; pre map load, took 99.714
[2021.01.28-22.41.29:753][  0]Cmd: MAP LOAD FILE="../../../../../Fork/Bone_To_Be_Bad/Content/ThirdPersonBP/Maps/ThirdPersonExampleMap.umap" TEMPLATE=0 SHOWPROGRESS=1 FEATURELEVEL=3
[2021.01.28-22.41.30:120][  0]LightingResults: New page: Lighting Build
[2021.01.28-22.41.31:245][  0]LogAudioMixer: Display: Audio Buffer Underrun detected.
[2021.01.28-22.41.31:245][  0]LogWorld: UWorld::CleanupWorld for Untitled, bSessionEnded=true, bCleanupResources=true
[2021.01.28-22.41.31:375][  0]LogSlate: InvalidateAllWidgets triggered.  All widgets were invalidated
[2021.01.28-22.41.31:537][  0]MapCheck: New page: Map Check
[2021.01.28-22.41.31:537][  0]LightingResults: New page: Lighting Build
[2021.01.28-22.41.34:141][  0]LogAISub: UAISubsystem::~UAISubsystem EnvQueryManager (00000217DD4EFC00), frame # 0
[2021.01.28-22.41.34:142][  0]LogAISub: UAISubsystem::~UAISubsystem AIPerceptionSystem (00000217DD551A80), frame # 0
[2021.01.28-22.41.34:218][  0]LogUObjectHash: Compacting FUObjectHashTables data took   0.66ms
[2021.01.28-22.41.39:006][  0]LogBlueprint: Warning: [Compiler AnimBP_Skeleton] Headbutt_v2 to BS_CharacterSkeleton  will never be taken, please connect something to  Can Enter Transition
[2021.01.28-22.41.39:006][  0]LogBlueprint: Warning: [Compiler AnimBP_Skeleton] BS_CharacterSkeleton to Headbutt_v2  will never be taken, please connect something to  Can Enter Transition
[2021.01.28-22.41.44:282][  0]LogAudioMixer: Display: Audio Buffer Underrun detected.
[2021.01.28-22.41.44:668][  0]LogLinker: Warning: While loading '../../../../../Fork/Bone_To_Be_Bad/Content/ThirdPersonBP/Maps/ThirdPersonExampleMap.umap' failed to load '/Game/(PRG)Everyone/BeerMugWithGrabPlusRope': Can't find file.
[2021.01.28-22.41.44:668][  0]LogLinker: Warning: While loading '../../../../../Fork/Bone_To_Be_Bad/Content/ThirdPersonBP/Maps/ThirdPersonExampleMap.umap' failed to load '/Game/(PRG)Everyone/BeerMugWithGrabPlusRope': Can't find file.
[2021.01.28-22.41.45:765][  0]LogLinker: Warning: While loading '../../../../../Fork/Bone_To_Be_Bad/Content/ThirdPersonBP/Maps/ThirdPersonExampleMap.umap' failed to load '/Game/(PRG)Everyone/BeerMugWithGrabPlusRope': Can't find file.
[2021.01.28-22.41.45:765][  0]LogLinker: Warning: While loading '../../../../../Fork/Bone_To_Be_Bad/Content/ThirdPersonBP/Maps/ThirdPersonExampleMap.umap' failed to load '/Game/(PRG)Everyone/BeerMugWithGrabPlusRope': Can't find file.
[2021.01.28-22.41.46:121][  0]LogLinker: Warning: While loading '../../../../../Fork/Bone_To_Be_Bad/Content/ThirdPersonBP/Maps/ThirdPersonExampleMap.umap' failed to load '/Game/(PRG)Everyone/BeerMugWithGrabPlusRope': Can't find file.
[2021.01.28-22.41.46:122][  0]LogLinker: Warning: While loading '../../../../../Fork/Bone_To_Be_Bad/Content/ThirdPersonBP/Maps/ThirdPersonExampleMap.umap' failed to load '/Game/(PRG)Everyone/BeerMugWithGrabPlusRope': Can't find file.
[2021.01.28-22.41.46:199][  0]LogLinker: Warning: While loading '../../../../../Fork/Bone_To_Be_Bad/Content/ThirdPersonBP/Maps/ThirdPersonExampleMap.umap' failed to load '/Game/(PRG)Everyone/BeerMugWithGrabPlusRope': Can't find file.
[2021.01.28-22.41.46:199][  0]LogLinker: Warning: While loading '../../../../../Fork/Bone_To_Be_Bad/Content/ThirdPersonBP/Maps/ThirdPersonExampleMap.umap' failed to load '/Game/(PRG)Everyone/BeerMugWithGrabPlusRope': Can't find file.
[2021.01.28-22.41.46:199][  0]LogLinker: Warning: While loading '../../../../../Fork/Bone_To_Be_Bad/Content/ThirdPersonBP/Maps/ThirdPersonExampleMap.umap' failed to load '/Game/(PRG)Everyone/BeerMugWithGrabPlusRope': Can't find file.
[2021.01.28-22.41.46:199][  0]LogLinker: Warning: While loading '../../../../../Fork/Bone_To_Be_Bad/Content/ThirdPersonBP/Maps/ThirdPersonExampleMap.umap' failed to load '/Game/(PRG)Everyone/BeerMugWithGrabPlusRope': Can't find file.
[2021.01.28-22.41.46:200][  0]LogLinker: Warning: While loading '../../../../../Fork/Bone_To_Be_Bad/Content/ThirdPersonBP/Maps/ThirdPersonExampleMap.umap' failed to load '/Game/(PRG)Everyone/BeerMugWithGrabPlusRope': Can't find file.
[2021.01.28-22.41.46:200][  0]LogLinker: Warning: While loading '../../../../../Fork/Bone_To_Be_Bad/Content/ThirdPersonBP/Maps/ThirdPersonExampleMap.umap' failed to load '/Game/(PRG)Everyone/BeerMugWithGrabPlusRope': Can't find file.
[2021.01.28-22.41.46:200][  0]LogLinker: Warning: While loading '../../../../../Fork/Bone_To_Be_Bad/Content/ThirdPersonBP/Maps/ThirdPersonExampleMap.umap' failed to load '/Game/(PRG)Everyone/BeerMugWithGrabPlusRope': Can't find file.
[2021.01.28-22.41.46:200][  0]LogLinker: Warning: While loading '../../../../../Fork/Bone_To_Be_Bad/Content/ThirdPersonBP/Maps/ThirdPersonExampleMap.umap' failed to load '/Game/(PRG)Everyone/BeerMugWithGrabPlusRope': Can't find file.
[2021.01.28-22.41.46:200][  0]LogLinker: Warning: While loading '../../../../../Fork/Bone_To_Be_Bad/Content/ThirdPersonBP/Maps/ThirdPersonExampleMap.umap' failed to load '/Game/(PRG)Everyone/BeerMugWithGrabPlusRope': Can't find file.
[2021.01.28-22.41.46:200][  0]LogLinker: Warning: While loading '../../../../../Fork/Bone_To_Be_Bad/Content/ThirdPersonBP/Maps/ThirdPersonExampleMap.umap' failed to load '/Game/(PRG)Everyone/BeerMugWithGrabPlusRope': Can't find file.
[2021.01.28-22.41.46:200][  0]LogLinker: Warning: While loading '../../../../../Fork/Bone_To_Be_Bad/Content/ThirdPersonBP/Maps/ThirdPersonExampleMap.umap' failed to load '/Game/(PRG)Everyone/BeerMugWithGrabPlusRope': Can't find file.
[2021.01.28-22.41.46:200][  0]LogLinker: Warning: While loading '../../../../../Fork/Bone_To_Be_Bad/Content/ThirdPersonBP/Maps/ThirdPersonExampleMap.umap' failed to load '/Game/(PRG)Everyone/BeerMugWithGrabPlusRope': Can't find file.
[2021.01.28-22.41.46:201][  0]LogLinker: Warning: Failed to load '/Game/(PRG)Everyone/BeerMugWithGrabPlusRope': Can't find file.
[2021.01.28-22.41.46:201][  0]LogLinker: Warning: Failed to load '/Game/(PRG)Everyone/BeerMugWithGrabPlusRope': Can't find file.
[2021.01.28-22.41.46:201][  0]LogLinker: Warning: Failed to load '/Game/(PRG)Everyone/BeerMugWithGrabPlusRope': Can't find file.
[2021.01.28-22.41.46:201][  0]LogLinker: Warning: Failed to load '/Game/(PRG)Everyone/BeerMugWithGrabPlusRope': Can't find file.
[2021.01.28-22.41.46:201][  0]LogLinker: Warning: Failed to load '/Game/(PRG)Everyone/BeerMugWithGrabPlusRope': Can't find file.
[2021.01.28-22.41.46:201][  0]LogLinker: Warning: Failed to load '/Game/(PRG)Everyone/BeerMugWithGrabPlusRope': Can't find file.
[2021.01.28-22.41.46:201][  0]LogLinker: Warning: Failed to load '/Game/(PRG)Everyone/BeerMugWithGrabPlusRope': Can't find file.
[2021.01.28-22.41.46:201][  0]LogLinker: Warning: Failed to load '/Game/(PRG)Everyone/BeerMugWithGrabPlusRope': Can't find file.
[2021.01.28-22.41.46:201][  0]LogLinker: Warning: Failed to load '/Game/(PRG)Everyone/BeerMugWithGrabPlusRope': Can't find file.
[2021.01.28-22.41.46:201][  0]LogLinker: Warning: Failed to load '/Game/(PRG)Everyone/BeerMugWithGrabPlusRope': Can't find file.
[2021.01.28-22.41.46:201][  0]LogLinker: Warning: Failed to load '/Game/(PRG)Everyone/BeerMugWithGrabPlusRope': Can't find file.
[2021.01.28-22.41.46:201][  0]LogLinker: Warning: Failed to load '/Game/(PRG)Everyone/BeerMugWithGrabPlusRope': Can't find file.
[2021.01.28-22.41.46:202][  0]LogLinker: Warning: Failed to load '/Game/(PRG)Everyone/BeerMugWithGrabPlusRope': Can't find file.
[2021.01.28-22.41.46:202][  0]LogLinker: Warning: Failed to load '/Game/(PRG)Everyone/BeerMugWithGrabPlusRope': Can't find file.
[2021.01.28-22.41.46:202][  0]LogLinker: Warning: Failed to load '/Game/(PRG)Everyone/BeerMugWithGrabPlusRope': Can't find file.
[2021.01.28-22.41.46:202][  0]LogLinker: Warning: Failed to load '/Game/(PRG)Everyone/BeerMugWithGrabPlusRope': Can't find file.
[2021.01.28-22.41.46:202][  0]LogLinker: Warning: Failed to load '/Game/(PRG)Everyone/BeerMugWithGrabPlusRope': Can't find file.
[2021.01.28-22.41.46:202][  0]LogLinker: Warning: Failed to load '/Game/(PRG)Everyone/BeerMugWithGrabPlusRope': Can't find file.
[2021.01.28-22.41.46:205][  0]LogLinker: Warning: Failed to load '/Game/(PRG)Everyone/BeerMugWithGrabPlusRope': Can't find file.
[2021.01.28-22.41.46:206][  0]LogLinker: Warning: Failed to load '/Game/(PRG)Everyone/BeerMugWithGrabPlusRope': Can't find file.
[2021.01.28-22.41.46:206][  0]LogLinker: Warning: Failed to load '/Game/(PRG)Everyone/BeerMugWithGrabPlusRope': Can't find file.
[2021.01.28-22.41.46:206][  0]LogLinker: Warning: Failed to load '/Game/(PRG)Everyone/BeerMugWithGrabPlusRope': Can't find file.
[2021.01.28-22.41.50:339][  0]LogAIModule: Creating AISystem for world ThirdPersonExampleMap
[2021.01.28-22.41.50:339][  0]LogAISub: UAISubsystem::UAISubsystem EnvQueryManager (00000217D0F00600), frame # 0
[2021.01.28-22.41.50:339][  0]LogAISub: UAISubsystem::UAISubsystem AIPerceptionSystem (00000217D0EEE700), frame # 0
[2021.01.28-22.41.53:917][  0]LogEditorServer: Finished looking for orphan Actors (0.000 secs)
[2021.01.28-22.41.54:697][  0]LogUObjectHash: Compacting FUObjectHashTables data took   1.35ms
[2021.01.28-22.41.54:785][  0]Cmd: MAP CHECKDEP NOCLEARLOG
[2021.01.28-22.41.54:810][  0]MapCheck: Map check complete: 0 Error(s), 0 Warning(s), took 5,97ms to complete.
[2021.01.28-22.41.54:810][  0]LogFileHelpers: Loading map 'ThirdPersonExampleMap' took 25.396
[2021.01.28-22.41.59:030][  0]LogUnrealEdMisc: Total Editor Startup Time, took 129.392
[2021.01.28-22.42.00:933][  0]LogSlate: Updating window title bar state: overlay mode, drag disabled, window buttons hidden, title bar hidden
[2021.01.28-22.42.00:943][  0]LogSlate: Updating window title bar state: overlay mode, drag disabled, window buttons hidden, title bar hidden
[2021.01.28-22.42.00:952][  0]LogSlate: Updating window title bar state: overlay mode, drag disabled, window buttons hidden, title bar hidden
[2021.01.28-22.42.00:959][  0]LogSlate: Updating window title bar state: overlay mode, drag disabled, window buttons hidden, title bar hidden
[2021.01.28-22.42.01:599][  0]LogCollectionManager: Loaded 0 collections in 0.001619 seconds
[2021.01.28-22.42.01:784][  0]LogFileCache: Scanning file cache for directory 'D:/Fork/Bone_To_Be_Bad/Saved/Collections/' took 0.00s
[2021.01.28-22.42.01:784][  0]LogFileCache: Scanning file cache for directory 'D:/Fork/Bone_To_Be_Bad/Content/Developers/Max/Collections/' took 0.00s
[2021.01.28-22.42.01:784][  0]LogFileCache: Scanning file cache for directory 'D:/Fork/Bone_To_Be_Bad/Content/Collections/' took 0.00s
[2021.01.28-22.42.01:784][  0]LogContentBrowser: Native class hierarchy populated in 0.0269 seconds. Added 3427 classes and 821 folders.
[2021.01.28-22.42.01:962][  0]LogContentBrowser: Native class hierarchy updated for 'WidgetCarousel' in 0.0003 seconds. Added 0 classes and 0 folders.
[2021.01.28-22.42.03:103][  0]LogContentBrowser: Native class hierarchy updated for 'AddContentDialog' in 0.0003 seconds. Added 0 classes and 0 folders.
[2021.01.28-22.42.04:188][  0]LogSlate: Took 0.045678 seconds to synchronously load lazily loaded font '../../../Engine/Content/Slate/Fonts/Roboto-Regular.ttf' (155K)
[2021.01.28-22.42.04:515][  0]LogSlate: Took 0.045033 seconds to synchronously load lazily loaded font '../../../Engine/Content/Slate/Fonts/Roboto-Bold.ttf' (160K)
[2021.01.28-22.42.04:702][  0]LogSlate: Took 0.067795 seconds to synchronously load lazily loaded font '../../../Engine/Content/Editor/Slate/Fonts/FontAwesome.ttf' (139K)
[2021.01.28-22.42.06:481][  0]LogRenderer: Reallocating scene render targets to support 964x636 Format 10 NumSamples 1 (Frame:1).
[2021.01.28-22.42.09:745][  0]LogContentBrowser: Native class hierarchy updated for 'HierarchicalLODOutliner' in 0.0003 seconds. Added 0 classes and 0 folders.
[2021.01.28-22.42.09:745][  0]LogLoad: (Engine Initialization) Total time: 140.11 seconds
[2021.01.28-22.42.09:745][  0]LogLoad: (Engine Initialization) Total Blueprint compile time: 0.00 seconds
[2021.01.28-22.42.11:778][  0]LogContentStreaming: Texture pool size now 1000 MB
[2021.01.28-22.42.12:540][  0]LogSlate: Took 0.131587 seconds to synchronously load lazily loaded font '../../../Engine/Content/Slate/Fonts/DroidSansFallback.ttf' (3848K)
[2021.01.28-22.42.13:449][  0]LogSlate: Took 0.097955 seconds to synchronously load lazily loaded font '../../../Engine/Content/Slate/Fonts/Roboto-Light.ttf' (167K)
[2021.01.28-22.42.14:251][  1]LoadErrors: Warning: CreateExport: Failed to load Outer for resource 'Cable': BeerMugWithGrabPlusRope_C /Game/ThirdPersonBP/Maps/ThirdPersonExampleMap.ThirdPersonExampleMap:PersistentLevel.BeerMugWithGrabPlusRope_2
[2021.01.28-22.42.14:251][  1]LoadErrors: Warning: CreateExport: Failed to load Outer for resource 'PhysicsConstraint': BeerMugWithGrabPlusRope_C /Game/ThirdPersonBP/Maps/ThirdPersonExampleMap.ThirdPersonExampleMap:PersistentLevel.BeerMugWithGrabPlusRope_2
[2021.01.28-22.42.14:251][  1]LoadErrors: Warning: CreateExport: Failed to load Outer for resource 'DefaultSceneRoot': BeerMugWithGrabPlusRope_C /Game/ThirdPersonBP/Maps/ThirdPersonExampleMap.ThirdPersonExampleMap:PersistentLevel.BeerMugWithGrabPlusRope_2
[2021.01.28-22.42.14:251][  1]LoadErrors: Warning: CreateExport: Failed to load Outer for resource 'bucketMesh': BeerMugWithGrabPlusRope_C /Game/ThirdPersonBP/Maps/ThirdPersonExampleMap.ThirdPersonExampleMap:PersistentLevel.BeerMugWithGrabPlusRope_2
[2021.01.28-22.42.14:251][  1]LoadErrors: Warning: CreateExport: Failed to load Outer for resource 'Sphere': BeerMugWithGrabPlusRope_C /Game/ThirdPersonBP/Maps/ThirdPersonExampleMap.ThirdPersonExampleMap:PersistentLevel.BeerMugWithGrabPlusRope_2
[2021.01.28-22.42.14:251][  1]LoadErrors: Warning: CreateExport: Failed to load Outer for resource 'Water': BeerMugWithGrabPlusRope_C /Game/ThirdPersonBP/Maps/ThirdPersonExampleMap.ThirdPersonExampleMap:PersistentLevel.BeerMugWithGrabPlusRope_2
[2021.01.28-22.42.14:251][  1]LoadErrors: Warning: CreateExport: Failed to load Outer for resource 'Value': BeerMugWithGrabPlusRope_C /Game/ThirdPersonBP/Maps/ThirdPersonExampleMap.ThirdPersonExampleMap:PersistentLevel.BeerMugWithGrabPlusRope_2
[2021.01.28-22.42.15:264][  2]LogAssetRegistry: Asset discovery search completed in 108.7276 seconds
[2021.01.28-22.42.15:339][  2]LogCollectionManager: Fixed up redirectors for 0 collections in 0.016516 seconds (updated 0 objects)
[2021.01.28-22.42.16:823][  5]PIE: Warning: Constraint in '/Engine/Transient.World_6:PersistentLevel.Grog_C_0.PhysicsConstraintBack' attempting to create a joint between objects that are both static.  No joint created.
[2021.01.28-22.42.16:824][  5]PIE: Warning: Constraint in '/Engine/Transient.World_6:PersistentLevel.Grog_C_0.PhysicsConstraintFront' attempting to create a joint between objects that are both static.  No joint created.
[2021.01.28-22.42.16:939][  5]LogSlate: Took 0.029876 seconds to synchronously load lazily loaded font '../../../Engine/Content/Slate/Fonts/DroidSansMono.ttf' (77K)
[2021.01.28-22.46.51:163][560]LogSlate: Took 0.004761 seconds to synchronously load lazily loaded font '../../../Engine/Content/Slate/Fonts/Roboto-Light.ttf' (167K)
[2021.01.28-22.46.52:675][560]LogBlueprint: Warning: [Compiler PersistentLevel.LevelMax_2] OnActorBeginOverlap (None)  is referencing an Actor that no longer exists. Attached logic will never execute.
[2021.01.28-22.46.52:675][560]LogBlueprint: Warning: [Compiler PersistentLevel.LevelMax_2] OnActorBeginOverlap (None)  is referencing an Actor that no longer exists. Attached logic will never execute.
[2021.01.28-22.46.52:677][560]LogBlueprint: Warning: [Compiler PersistentLevel.LevelMax_2] Node  Unknown  is not referencing a valid level actor
[2021.01.28-22.46.52:677][560]LogBlueprint: Warning: [Compiler PersistentLevel.LevelMax_2] Node  Unknown  is not referencing a valid level actor
[2021.01.28-22.46.52:677][560]LogBlueprint: Error: [Compiler PersistentLevel.LevelMax_2] Couldn't find object for bound event node  OnActorBeginOverlap (None)
[2021.01.28-22.46.52:677][560]LogBlueprint: Error: [Compiler PersistentLevel.LevelMax_2] Couldn't find object for bound event node  OnActorBeginOverlap (None)
[2021.01.28-22.46.54:604][560]LogAssetEditorSubsystem: Opening Asset editor for World /Game/(LD)Maxime/LevelMax_2.LevelMax_2
[2021.01.28-22.46.54:643][560]LogUObjectHash: Compacting FUObjectHashTables data took   0.78ms
[2021.01.28-22.46.54:648][560]Cmd: MAP LOAD FILE="../../../../../Fork/Bone_To_Be_Bad/Content/(LD)Maxime/LevelMax_2.umap" TEMPLATE=0 SHOWPROGRESS=1 FEATURELEVEL=3
[2021.01.28-22.46.54:648][560]LightingResults: New page: Lighting Build
[2021.01.28-22.46.54:648][560]LoadErrors: New page: Loading map: LevelMax_2.umap
[2021.01.28-22.46.54:712][560]LogWorld: UWorld::CleanupWorld for ThirdPersonExampleMap, bSessionEnded=true, bCleanupResources=true
[2021.01.28-22.46.54:750][560]LogSlate: InvalidateAllWidgets triggered.  All widgets were invalidated
[2021.01.28-22.46.54:750][560]MapCheck: New page: Map Check
[2021.01.28-22.46.54:750][560]LightingResults: New page: Lighting Build
[2021.01.28-22.46.54:869][560]LogAISub: UAISubsystem::~UAISubsystem EnvQueryManager (00000217D0F00600), frame # 1560
[2021.01.28-22.46.54:869][560]LogAISub: UAISubsystem::~UAISubsystem AIPerceptionSystem (00000217D0EEE700), frame # 1560
[2021.01.28-22.46.54:870][560]LogUObjectHash: Compacting FUObjectHashTables data took   0.71ms
[2021.01.28-22.46.54:947][560]LogEditorServer: Finished looking for orphan Actors (0.000 secs)
[2021.01.28-22.46.54:947][560]LogAIModule: Creating AISystem for world LevelMax_2
[2021.01.28-22.46.54:947][560]LogAISub: UAISubsystem::UAISubsystem EnvQueryManager (00000217D0F03600), frame # 1560
[2021.01.28-22.46.54:958][560]LogAISub: UAISubsystem::UAISubsystem AIPerceptionSystem (0000021801877600), frame # 1560
[2021.01.28-22.46.54:990][560]LogUObjectHash: Compacting FUObjectHashTables data took   0.72ms
[2021.01.28-22.46.55:072][560]Cmd: MAP CHECKDEP NOCLEARLOG
[2021.01.28-22.46.55:072][560]MapCheck: Map check complete: 0 Error(s), 0 Warning(s), took 0,085ms to complete.
[2021.01.28-22.46.55:072][560]LogFileHelpers: Loading map 'LevelMax_2' took 0.424
[2021.01.28-22.52.02:577][304]LogAudioMixer: Display: Audio Buffer Underrun detected.
[2021.01.28-22.54.16:659][775]LogAssetEditorSubsystem: Opening Asset editor for LevelScriptBlueprint /Game/(LD)Maxime/LevelMax_2.LevelMax_2:PersistentLevel.LevelMax_2
[2021.01.28-22.54.17:872][775]LogContentBrowser: Native class hierarchy updated for 'BlueprintGraph' in 0.0005 seconds. Added 125 classes and 0 folders.
[2021.01.28-22.54.19:353][775]LogSlate: Took 0.028833 seconds to synchronously load lazily loaded font '../../../Engine/Content/Slate/Fonts/Roboto-BoldCondensed.ttf' (158K)
[2021.01.28-22.54.19:723][776]LogSlate: Took 0.006368 seconds to synchronously load lazily loaded font '../../../Engine/Content/Slate/Fonts/Roboto-Italic.ttf' (157K)
[2021.01.28-22.54.22:434][ 29]LogSlate: Window 'LevelMax' being destroyed
[2021.01.28-22.58.34:757][825]LogTemp: Repeating last play command: New Editor Window (PIE)
[2021.01.28-22.58.34:926][825]BlueprintLog: New page: Pre-Play auto-recompile
[2021.01.28-22.58.34:929][825]LogPlayLevel: [PlayLevel] Compiling LevelMax_2 before play...
[2021.01.28-22.58.34:936][825]LogBlueprint: Warning: [Compiler PersistentLevel.LevelMax_2] OnActorBeginOverlap (None)  is referencing an Actor that no longer exists. Attached logic will never execute.
[2021.01.28-22.58.34:936][825]LogBlueprint: Warning: [Compiler PersistentLevel.LevelMax_2] OnActorBeginOverlap (None)  is referencing an Actor that no longer exists. Attached logic will never execute.
[2021.01.28-22.58.34:937][825]LogBlueprint: Warning: [Compiler PersistentLevel.LevelMax_2] Node  Unknown  is not referencing a valid level actor
[2021.01.28-22.58.34:938][825]LogBlueprint: Warning: [Compiler PersistentLevel.LevelMax_2] Node  Unknown  is not referencing a valid level actor
[2021.01.28-22.58.34:938][825]LogBlueprint: Error: [Compiler PersistentLevel.LevelMax_2] Couldn't find object for bound event node  OnActorBeginOverlap (None)
[2021.01.28-22.58.34:938][825]LogBlueprint: Error: [Compiler PersistentLevel.LevelMax_2] Couldn't find object for bound event node  OnActorBeginOverlap (None)
[2021.01.28-22.58.35:343][825]LogUObjectHash: Compacting FUObjectHashTables data took   2.41ms
[2021.01.28-22.58.35:345][825]LogPlayLevel: PlayLevel: Blueprint regeneration took 425 ms (1 blueprints)
[2021.01.28-22.58.35:345][825]BlueprintLog: Warning: Blueprint failed to compile:  LevelMax_2
[2021.01.28-22.58.35:381][825]LogCustomDialog: Dialog displayed:
[2021.01.28-22.58.39:181][825]LogSlate: Window 'Blueprint Compilation Errors' being destroyed
[2021.01.28-22.58.39:205][825]PIE: New page: PIE session: LevelMax_2 (29 janv. 2021 à 00:58:39)
[2021.01.28-22.58.39:373][825]LogOnline: OSS: Creating online subsystem instance for: NULL
[2021.01.28-22.58.39:374][825]LogOnline: OSS: TryLoadSubsystemAndSetDefault: Loaded subsystem for module [NULL]
[2021.01.28-22.58.39:391][825]LogPlayLevel: Creating play world package: /Game/(LD)Maxime/UEDPIE_0_LevelMax_2
[2021.01.28-22.58.39:427][825]LogPlayLevel: PIE: StaticDuplicateObject took: (0.036878s)
[2021.01.28-22.58.39:438][825]LogAIModule: Creating AISystem for world LevelMax_2
[2021.01.28-22.58.39:438][825]LogAISub: UAISubsystem::UAISubsystem EnvQueryManager (0000021837CF9800), frame # 9825
[2021.01.28-22.58.39:438][825]LogAISub: UAISubsystem::UAISubsystem AIPerceptionSystem (0000021837D31300), frame # 9825
[2021.01.28-22.58.39:438][825]LogPlayLevel: PIE: World Init took: (0.010523s)
[2021.01.28-22.58.39:438][825]LogPlayLevel: PIE: Created PIE world by copying editor world from /Game/(LD)Maxime/LevelMax_2.LevelMax_2 to /Game/(LD)Maxime/UEDPIE_0_LevelMax_2.LevelMax_2 (0.047588s)
[2021.01.28-22.58.39:455][825]LogUObjectHash: Compacting FUObjectHashTables data took   1.32ms
[2021.01.28-22.58.39:456][825]LogAudioMixer: Display: Audio Mixer Platform Settings:
[2021.01.28-22.58.39:456][825]LogAudioMixer: Display: 	Sample Rate:						  48000
[2021.01.28-22.58.39:456][825]LogAudioMixer: Display: 	Callback Buffer Frame Size Requested: 1024
[2021.01.28-22.58.39:456][825]LogAudioMixer: Display: 	Callback Buffer Frame Size To Use:	  1024
[2021.01.28-22.58.39:456][825]LogAudioMixer: Display: 	Number of buffers to queue:			  2
[2021.01.28-22.58.39:456][825]LogAudioMixer: Display: 	Max Channels (voices):				  32
[2021.01.28-22.58.39:456][825]LogAudioMixer: Display: 	Number of Async Source Workers:		  0
[2021.01.28-22.58.39:456][825]LogAudio: Display: AudioDevice MaxSources: 32
[2021.01.28-22.58.39:457][825]LogAudio: Display: Using built-in audio occlusion.
[2021.01.28-22.58.39:457][825]LogAudioMixer: Display: Initializing audio mixer.
[2021.01.28-22.58.39:496][825]LogAudioMixer: Display: 0: FrontLeft
[2021.01.28-22.58.39:496][825]LogAudioMixer: Display: 1: FrontRight
[2021.01.28-22.58.39:522][825]LogAudioMixer: Display: Using Audio Device CABLE Input (VB-Audio Virtual Cable)
[2021.01.28-22.58.39:522][825]LogAudioMixer: Display: Initializing Sound Submixes...
[2021.01.28-22.58.39:522][825]LogAudioMixer: Display: Creating Master Submix 'MasterSubmixDefault'
[2021.01.28-22.58.39:522][825]LogAudioMixer: Display: Creating Master Submix 'MasterReverbSubmixDefault'
[2021.01.28-22.58.39:522][825]LogAudioMixer: Display: Creating Master Submix 'MasterEQSubmixDefault'
[2021.01.28-22.58.39:523][825]LogInit: FAudioDevice initialized.
[2021.01.28-22.58.39:552][825]LogSlate: Updating window title bar state: overlay mode, drag disabled, window buttons hidden, title bar hidden
[2021.01.28-22.58.39:564][825]LogLoad: Game class is 'BP_Gamemode_C'
[2021.01.28-22.58.39:667][825]LogWorld: Bringing World /Game/(LD)Maxime/UEDPIE_0_LevelMax_2.LevelMax_2 up for play (max tick rate 0) at 2021.01.28-23.58.39
[2021.01.28-22.58.39:678][825]LogWorld: Bringing up level for play took: 0.016245
[2021.01.28-22.58.39:689][825]LogOnline: OSS: Creating online subsystem instance for: :Context_14
[2021.01.28-22.58.40:022][825]LogContentBrowser: Native class hierarchy updated for 'MovieSceneCapture' in 0.0004 seconds. Added 20 classes and 0 folders.
[2021.01.28-22.58.40:161][825]LogPlayerManagement: Error: Failed to Create Player: Maximum number of players (4) already created.  Unable to create more.
[2021.01.28-22.58.40:277][825]PIE: Server logged in
[2021.01.28-22.58.40:279][825]PIE: Play in editor total start time 5,478 seconds.
[2021.01.28-22.58.40:388][825]LogSlate: New Slate User Created.  User Index 1, Is Virtual User: 0
[2021.01.28-22.58.40:389][825]LogSlate: Slate User Registered.  User Index 1, Is Virtual User: 0
[2021.01.28-22.58.40:389][825]LogSlate: New Slate User Created.  User Index 2, Is Virtual User: 0
[2021.01.28-22.58.40:390][825]LogSlate: Slate User Registered.  User Index 2, Is Virtual User: 0
[2021.01.28-22.58.40:390][825]LogSlate: New Slate User Created.  User Index 3, Is Virtual User: 0
[2021.01.28-22.58.40:390][825]LogSlate: Slate User Registered.  User Index 3, Is Virtual User: 0
[2021.01.28-22.58.40:512][826]LogRenderer: Reallocating scene render targets to support 1280x720 Format 10 NumSamples 1 (Frame:1).
[2021.01.28-22.58.44:537][211]LogSlate: Updating window title bar state: overlay mode, drag disabled, window buttons hidden, title bar hidden
[2021.01.28-22.58.44:537][211]LogWorld: BeginTearingDown for /Game/(LD)Maxime/UEDPIE_0_LevelMax_2
[2021.01.28-22.58.44:538][211]LogSlate: Window 'BBTB Preview [NetMode: Standalone] (64-bit/Windows) ' being destroyed
[2021.01.28-22.58.44:546][211]LogWorld: UWorld::CleanupWorld for LevelMax_2, bSessionEnded=true, bCleanupResources=true
[2021.01.28-22.58.44:562][211]LogSlate: InvalidateAllWidgets triggered.  All widgets were invalidated
[2021.01.28-22.58.44:570][211]LogPlayLevel: Display: Shutting down PIE online subsystems
[2021.01.28-22.58.44:584][211]LogSlate: InvalidateAllWidgets triggered.  All widgets were invalidated
[2021.01.28-22.58.44:746][211]LogAISub: UAISubsystem::~UAISubsystem AIPerceptionSystem (0000021837D31300), frame # 10211
[2021.01.28-22.58.44:746][211]LogAISub: UAISubsystem::~UAISubsystem EnvQueryManager (0000021837CF9800), frame # 10211
[2021.01.28-22.58.44:799][211]LogUObjectHash: Compacting FUObjectHashTables data took   2.64ms
[2021.01.28-22.58.44:843][212]LogPlayLevel: Display: Destroying online subsystem :Context_14
[2021.01.28-23.00.11:558][586]LogAudioMixer: Display: Audio Buffer Underrun detected.
[2021.01.28-23.00.19:646][610]LogAudioMixer: Display: Audio Buffer Underrun detected.
[2021.01.28-23.00.20:311][612]LogAudioMixer: Display: Audio Buffer Underrun detected.
[2021.01.28-23.02.25:269][109]BlueprintLog: New page: Compile LevelMax_2
[2021.01.28-23.02.25:280][109]LogBlueprint: Warning: [Compiler PersistentLevel.LevelMax_2] OnActorBeginOverlap (None)  is referencing an Actor that no longer exists. Attached logic will never execute.
[2021.01.28-23.02.25:281][109]LogBlueprint: Warning: [Compiler PersistentLevel.LevelMax_2] OnActorBeginOverlap (None)  is referencing an Actor that no longer exists. Attached logic will never execute.
[2021.01.28-23.02.25:283][109]LogBlueprint: Warning: [Compiler PersistentLevel.LevelMax_2] Node  Unknown  is not referencing a valid level actor
[2021.01.28-23.02.25:283][109]LogBlueprint: Warning: [Compiler PersistentLevel.LevelMax_2] Node  Unknown  is not referencing a valid level actor
[2021.01.28-23.02.25:284][109]LogBlueprint: Error: [Compiler PersistentLevel.LevelMax_2] Couldn't find object for bound event node  OnActorBeginOverlap (None)
[2021.01.28-23.02.25:284][109]LogBlueprint: Error: [Compiler PersistentLevel.LevelMax_2] Couldn't find object for bound event node  OnActorBeginOverlap (None)
[2021.01.28-23.02.25:341][109]LogUObjectHash: Compacting FUObjectHashTables data took   2.90ms
[2021.01.28-23.02.46:262][260]BlueprintLog: New page: Compile LevelMax_2
[2021.01.28-23.02.46:269][260]LogBlueprint: Warning: [Compiler PersistentLevel.LevelMax_2] OnActorBeginOverlap (None)  is referencing an Actor that no longer exists. Attached logic will never execute.
[2021.01.28-23.02.46:269][260]LogBlueprint: Warning: [Compiler PersistentLevel.LevelMax_2] OnActorBeginOverlap (None)  is referencing an Actor that no longer exists. Attached logic will never execute.
[2021.01.28-23.02.46:270][260]LogBlueprint: Warning: [Compiler PersistentLevel.LevelMax_2] Node  Unknown  is not referencing a valid level actor
[2021.01.28-23.02.46:271][260]LogBlueprint: Error: [Compiler PersistentLevel.LevelMax_2] Couldn't find object for bound event node  OnActorBeginOverlap (None)
[2021.01.28-23.02.46:271][260]LogBlueprint: Error: [Compiler PersistentLevel.LevelMax_2] Couldn't find object for bound event node  OnActorBeginOverlap (None)
[2021.01.28-23.02.46:307][260]LogUObjectHash: Compacting FUObjectHashTables data took   2.26ms
[2021.01.28-23.02.53:362][ 88]BlueprintLog: New page: Compile LevelMax_2
[2021.01.28-23.02.53:369][ 88]LogBlueprint: Warning: [Compiler PersistentLevel.LevelMax_2] OnActorBeginOverlap (None)  is referencing an Actor that no longer exists. Attached logic will never execute.
[2021.01.28-23.02.53:369][ 88]LogBlueprint: Warning: [Compiler PersistentLevel.LevelMax_2] OnActorBeginOverlap (None)  is referencing an Actor that no longer exists. Attached logic will never execute.
[2021.01.28-23.02.53:370][ 88]LogBlueprint: Warning: [Compiler PersistentLevel.LevelMax_2] Node  Unknown  is not referencing a valid level actor
[2021.01.28-23.02.53:370][ 88]LogBlueprint: Error: [Compiler PersistentLevel.LevelMax_2] Couldn't find object for bound event node  OnActorBeginOverlap (None)
[2021.01.28-23.02.53:370][ 88]LogBlueprint: Error: [Compiler PersistentLevel.LevelMax_2] Couldn't find object for bound event node  OnActorBeginOverlap (None)
[2021.01.28-23.02.53:407][ 88]LogUObjectHash: Compacting FUObjectHashTables data took   2.34ms
[2021.01.28-23.03.03:875][662]BlueprintLog: New page: Compile LevelMax_2
[2021.01.28-23.03.03:881][662]LogBlueprint: Warning: [Compiler PersistentLevel.LevelMax_2] OnActorBeginOverlap (None)  is referencing an Actor that no longer exists. Attached logic will never execute.
[2021.01.28-23.03.03:881][662]LogBlueprint: Warning: [Compiler PersistentLevel.LevelMax_2] OnActorBeginOverlap (None)  is referencing an Actor that no longer exists. Attached logic will never execute.
[2021.01.28-23.03.03:882][662]LogBlueprint: Warning: [Compiler PersistentLevel.LevelMax_2] Node  Unknown  is not referencing a valid level actor
[2021.01.28-23.03.03:882][662]LogBlueprint: Error: [Compiler PersistentLevel.LevelMax_2] Couldn't find object for bound event node  OnActorBeginOverlap (None)
[2021.01.28-23.03.03:882][662]LogBlueprint: Error: [Compiler PersistentLevel.LevelMax_2] Couldn't find object for bound event node  OnActorBeginOverlap (None)
[2021.01.28-23.03.03:925][662]LogUObjectHash: Compacting FUObjectHashTables data took   2.26ms
[2021.01.28-23.03.10:022][359]BlueprintLog: New page: Compile LevelMax_2
[2021.01.28-23.03.10:029][359]LogBlueprint: Warning: [Compiler PersistentLevel.LevelMax_2] Node  Unknown  is not referencing a valid level actor
[2021.01.28-23.03.10:073][359]LogUObjectHash: Compacting FUObjectHashTables data took   2.29ms
[2021.01.28-23.03.11:564][524]Cmd: OBJ SAVEPACKAGE PACKAGE="/Game/(LD)Maxime/LevelMax_2" FILE="../../../../../Fork/Bone_To_Be_Bad/Content/(LD)Maxime/LevelMax_2.umap" SILENT=true AUTOSAVING=false KEEPDIRTY=false
[2021.01.28-23.03.11:611][524]LogUObjectHash: Compacting FUObjectHashTables data took   2.12ms
[2021.01.28-23.03.11:998][524]LogSavePackage: Moving '../../../../../Fork/Bone_To_Be_Bad/Saved/LevelMax_2818D25DF444513AD4E80F5A9C242A3C2.tmp' to '../../../../../Fork/Bone_To_Be_Bad/Content/(LD)Maxime/LevelMax_2.umap'
[2021.01.28-23.03.12:097][524]LogFileHelpers: Saving map 'LevelMax_2' took 0.550
[2021.01.28-23.03.12:125][524]AssetCheck: New page: Asset Save: LevelMax_2
[2021.01.28-23.03.12:125][524]LogContentValidation: Display: Validating World /Game/(LD)Maxime/LevelMax_2.LevelMax_2
[2021.01.28-23.03.14:130][756]LogTemp: Repeating last play command: New Editor Window (PIE)
[2021.01.28-23.03.14:155][756]LogPlayLevel: PlayLevel: No blueprints needed recompiling
[2021.01.28-23.03.14:155][756]PIE: New page: PIE session: LevelMax_2 (29 janv. 2021 à 01:03:14)
[2021.01.28-23.03.14:155][756]LogPlayLevel: Creating play world package: /Game/(LD)Maxime/UEDPIE_0_LevelMax_2
[2021.01.28-23.03.14:171][756]LogPlayLevel: PIE: StaticDuplicateObject took: (0.016129s)
[2021.01.28-23.03.14:172][756]LogAIModule: Creating AISystem for world LevelMax_2
[2021.01.28-23.03.14:173][756]LogAISub: UAISubsystem::UAISubsystem EnvQueryManager (00000217F66F7E00), frame # 15756
[2021.01.28-23.03.14:173][756]LogAISub: UAISubsystem::UAISubsystem AIPerceptionSystem (000002183CE93100), frame # 15756
[2021.01.28-23.03.14:173][756]LogPlayLevel: PIE: World Init took: (0.001387s)
[2021.01.28-23.03.14:173][756]LogPlayLevel: PIE: Created PIE world by copying editor world from /Game/(LD)Maxime/LevelMax_2.LevelMax_2 to /Game/(LD)Maxime/UEDPIE_0_LevelMax_2.LevelMax_2 (0.017626s)
[2021.01.28-23.03.14:196][756]LogUObjectHash: Compacting FUObjectHashTables data took   1.89ms
[2021.01.28-23.03.14:198][756]LogAudioMixer: Display: Audio Mixer Platform Settings:
[2021.01.28-23.03.14:198][756]LogAudioMixer: Display: 	Sample Rate:						  48000
[2021.01.28-23.03.14:198][756]LogAudioMixer: Display: 	Callback Buffer Frame Size Requested: 1024
[2021.01.28-23.03.14:198][756]LogAudioMixer: Display: 	Callback Buffer Frame Size To Use:	  1024
[2021.01.28-23.03.14:198][756]LogAudioMixer: Display: 	Number of buffers to queue:			  2
[2021.01.28-23.03.14:198][756]LogAudioMixer: Display: 	Max Channels (voices):				  32
[2021.01.28-23.03.14:198][756]LogAudioMixer: Display: 	Number of Async Source Workers:		  0
[2021.01.28-23.03.14:198][756]LogAudio: Display: AudioDevice MaxSources: 32
[2021.01.28-23.03.14:198][756]LogAudio: Display: Using built-in audio occlusion.
[2021.01.28-23.03.14:198][756]LogAudioMixer: Display: Initializing audio mixer.
[2021.01.28-23.03.14:204][756]LogAudioMixer: Display: 0: FrontLeft
[2021.01.28-23.03.14:204][756]LogAudioMixer: Display: 1: FrontRight
[2021.01.28-23.03.14:218][756]LogAudioMixer: Display: Using Audio Device CABLE Input (VB-Audio Virtual Cable)
[2021.01.28-23.03.14:218][756]LogAudioMixer: Display: Initializing Sound Submixes...
[2021.01.28-23.03.14:218][756]LogAudioMixer: Display: Creating Master Submix 'MasterSubmixDefault'
[2021.01.28-23.03.14:218][756]LogAudioMixer: Display: Creating Master Submix 'MasterReverbSubmixDefault'
[2021.01.28-23.03.14:218][756]LogAudioMixer: Display: Creating Master Submix 'MasterEQSubmixDefault'
[2021.01.28-23.03.14:229][756]LogInit: FAudioDevice initialized.
[2021.01.28-23.03.14:250][756]LogSlate: Updating window title bar state: overlay mode, drag disabled, window buttons hidden, title bar hidden
[2021.01.28-23.03.14:250][756]LogLoad: Game class is 'BP_Gamemode_C'
[2021.01.28-23.03.14:256][756]LogWorld: Bringing World /Game/(LD)Maxime/UEDPIE_0_LevelMax_2.LevelMax_2 up for play (max tick rate 0) at 2021.01.29-00.03.14
[2021.01.28-23.03.14:257][756]LogWorld: Bringing up level for play took: 0.006279
[2021.01.28-23.03.14:257][756]LogOnline: OSS: Creating online subsystem instance for: :Context_15
[2021.01.28-23.03.14:270][756]LogPlayerManagement: Error: Failed to Create Player: Maximum number of players (4) already created.  Unable to create more.
[2021.01.28-23.03.14:285][756]PIE: Server logged in
[2021.01.28-23.03.14:286][756]PIE: Play in editor total start time 0,132 seconds.
[2021.01.28-23.03.24:475][947]LogScript: Warning: Accessed None trying to read property None_ExecuteUbergraph_LevelMax_2_RefProperty
	LevelMax_2_C /Game/(LD)Maxime/UEDPIE_0_LevelMax_2.LevelMax_2:PersistentLevel.LevelMax_2_C_5
	Function /Game/(LD)Maxime/LevelMax_2.LevelMax_2_C:ExecuteUbergraph_LevelMax_2:0166
[2021.01.28-23.03.24:475][947]PIE: Error: Blueprint Runtime Error: "Accessed None trying to read property None_ExecuteUbergraph_LevelMax_2_RefProperty". Blueprint:  LevelMax_2 Function:  Execute Ubergraph Level Max 2 Graph:  Spawner In Radius Node:  SpawnActor
[2021.01.28-23.03.24:475][947]LogScript: Warning: Accessed None trying to read property None_ExecuteUbergraph_LevelMax_2_RefProperty
	LevelMax_2_C /Game/(LD)Maxime/UEDPIE_0_LevelMax_2.LevelMax_2:PersistentLevel.LevelMax_2_C_5
	Function /Game/(LD)Maxime/LevelMax_2.LevelMax_2_C:ExecuteUbergraph_LevelMax_2:021B
[2021.01.28-23.03.24:475][947]PIE: Error: Blueprint Runtime Error: "Accessed None trying to read property None_ExecuteUbergraph_LevelMax_2_RefProperty". Blueprint:  LevelMax_2 Function:  Execute Ubergraph Level Max 2 Graph:  Spawner In Radius Node:  SpawnActor
[2021.01.28-23.03.31:478][121]LogScript: Warning: Accessed None trying to read property None_ExecuteUbergraph_LevelMax_2_RefProperty
	LevelMax_2_C /Game/(LD)Maxime/UEDPIE_0_LevelMax_2.LevelMax_2:PersistentLevel.LevelMax_2_C_5
	Function /Game/(LD)Maxime/LevelMax_2.LevelMax_2_C:ExecuteUbergraph_LevelMax_2:0166
[2021.01.28-23.03.31:479][121]PIE: Error: Blueprint Runtime Error: "Accessed None trying to read property None_ExecuteUbergraph_LevelMax_2_RefProperty". Blueprint:  LevelMax_2 Function:  Execute Ubergraph Level Max 2 Graph:  Spawner In Radius Node:  SpawnActor
[2021.01.28-23.03.31:479][121]LogScript: Warning: Accessed None trying to read property None_ExecuteUbergraph_LevelMax_2_RefProperty
	LevelMax_2_C /Game/(LD)Maxime/UEDPIE_0_LevelMax_2.LevelMax_2:PersistentLevel.LevelMax_2_C_5
	Function /Game/(LD)Maxime/LevelMax_2.LevelMax_2_C:ExecuteUbergraph_LevelMax_2:021B
[2021.01.28-23.03.31:479][121]PIE: Error: Blueprint Runtime Error: "Accessed None trying to read property None_ExecuteUbergraph_LevelMax_2_RefProperty". Blueprint:  LevelMax_2 Function:  Execute Ubergraph Level Max 2 Graph:  Spawner In Radius Node:  SpawnActor
[2021.01.28-23.03.33:028][302]LogSlate: Updating window title bar state: overlay mode, drag disabled, window buttons hidden, title bar hidden
[2021.01.28-23.03.33:028][302]LogWorld: BeginTearingDown for /Game/(LD)Maxime/UEDPIE_0_LevelMax_2
[2021.01.28-23.03.33:028][302]LogSlate: Window 'BBTB Preview [NetMode: Standalone] (64-bit/Windows) ' being destroyed
[2021.01.28-23.03.33:033][302]LogWorld: UWorld::CleanupWorld for LevelMax_2, bSessionEnded=true, bCleanupResources=true
[2021.01.28-23.03.33:034][302]LogSlate: InvalidateAllWidgets triggered.  All widgets were invalidated
[2021.01.28-23.03.33:042][302]LogPlayLevel: Display: Shutting down PIE online subsystems
[2021.01.28-23.03.33:048][302]LogSlate: InvalidateAllWidgets triggered.  All widgets were invalidated
[2021.01.28-23.03.33:087][302]LogAISub: UAISubsystem::~UAISubsystem AIPerceptionSystem (000002183CE93100), frame # 16302
[2021.01.28-23.03.33:087][302]LogAISub: UAISubsystem::~UAISubsystem EnvQueryManager (00000217F66F7E00), frame # 16302
[2021.01.28-23.03.33:090][302]LogUObjectHash: Compacting FUObjectHashTables data took   2.32ms
[2021.01.28-23.03.33:332][303]LogPlayLevel: Display: Destroying online subsystem :Context_15
[2021.01.28-23.04.55:292][547]LogAudioMixer: Display: Audio Buffer Underrun detected.
[2021.01.28-23.05.23:580][631]LogAudioMixer: Display: Audio Buffer Underrun detected.
[2021.01.28-23.11.06:582][652]LogAudioMixer: Display: Audio Buffer Underrun detected.
[2021.01.28-23.11.14:657][676]LogAudioMixer: Display: Audio Buffer Underrun detected.
[2021.01.28-23.11.15:326][678]LogAudioMixer: Display: Audio Buffer Underrun detected.
[2021.01.28-23.13.37:138][101]LogAudioMixer: Display: Audio Buffer Underrun detected.
[2021.01.28-23.16.53:011][685]LogAudioMixer: Display: Audio Buffer Underrun detected.
[2021.01.28-23.16.54:351][689]LogAudioMixer: Display: Audio Buffer Underrun detected.
